R 0x00 1
S 0xf4 7
R 0xf4 7
S 0xf4 6
R 0xf4 6
S 0xf4 3
R 0xf4 3
R 0xf1 0
R 0xf1 1
S 0xf3 122
R 0xf1 9
R 0xf3 0
S 0x31 204
R 0xde 0
S 0xf3 121
R 0xf3 85
R 0xf3 225
R 0xf3 86
R 0x0f 0
R 0x03 0
R 0x04 1
R 0xf3 3
R 0x2e 2
R 0xf3 16
R 0xf3 17
R 0xa0 200
R 0xd2 0
R 0xd2 12
R 0xd2 21
R 0xbf 81
R 0x12 1
R 0x0e 1
R 0x0e 1
R 0xe7 3
R 0xf3 98
R 0xf3 48
R 0x0d 1
R 0xf3 85
R 0xf3 225
R 0xf3 86
R 0xf3 80
R 0xf3 83
R 0xf3 208
R 0xf6 26
R 0xf6 28
R 0xf6 75
R 0xf6 77
R 0xae 1
R 0xe0 128
R 0xd2 1
R 0xf3 234
R 0xf3 96
R 0xf3 97
R 0xde 16
R 0xde 17
R 0xf4 80
R 0x13 5
S 0x18 146
S 0xd6 95
S 0x18 149
S 0x18 146
R 0x0f 35
S 0x18 151
S 0x18 148
S 0x18 149
R 0xf3 85
R 0xf3 225
R 0xf3 86
R 0x24 0
R 0x24 0
R 0x24 0
R 0x24 0
R 0x24 0
R 0x24 0
R 0x24 0
R 0x24 0
R 0x24 0
R 0x24 0
R 0x24 0
R 0x0f 8
S 0x18 148
S 0x18 146
R 0x24 255
R 0x2a 12
R 0x24 255
R 0x2a 12
S 0x18 149
S 0xd6 95
S 0x18 146
S 0x18 148
S 0x18 149
S 0x18 146
S 0x18 148
R 0x24 255
R 0x2a 12
S 0x18 149
R 0x0f 20
S 0x18 148
R 0x24 255
R 0x2a 12
S 0x18 149
R 0x24 255
R 0x2a 12
S 0x18 146
S 0x18 149
R 0x24 0
R 0x24 0
R 0x24 0
R 0x24 0
R 0x24 0
R 0x24 0
R 0x24 0
R 0x24 0
R 0x24 0
S 0xd6 95
R 0x24 0
R 0x24 0
R 0x24 0
R 0x0f 19
R 0x24 0
R 0x24 0
R 0x24 0
R 0x24 0
R 0x24 0
R 0x24 0
R 0x24 0
R 0x24 0
R 0x24 0
R 0x24 0
R 0x24 0
R 0x24 0
R 0x24 0
R 0x24 0
R 0x24 0
R 0x24 0
R 0x0f 35
R 0x24 0
R 0x24 0
R 0x24 0
R 0x24 0
R 0x24 0
R 0xf3 85
R 0xf3 225
R 0xf3 86
R 0x24 0
S 0x18 148
R 0xf3 85
R 0xf3 225
R 0xf3 86
R 0x24 0
R 0xf3 85
R 0xf3 225
R 0xf3 86
R 0x24 0
R 0xf3 85
R 0xf3 225
R 0xf3 86
R 0x24 0
S 0x18 149
S 0xd6 95
R 0xf3 85
R 0xf3 225
R 0xf3 86
R 0x24 0
S 0x18 148
R 0xf3 85
R 0xf3 225
R 0xf3 86
R 0x24 0
S 0x18 149
R 0xf3 85
R 0xf3 225
R 0xf3 86
R 0x24 0
S 0x18 148
R 0xf3 85
R 0xf3 225
R 0xf3 86
R 0x24 0
R 0xf3 85
S 0x18 149
R 0xf3 225
R 0xf3 86
R 0x24 0
R 0xf3 85
R 0xf3 225
R 0xf3 86
R 0x24 0
S 0x18 148
R 0xf3 85
R 0xf3 225
R 0xf3 86
R 0x24 0
S 0x18 149
R 0xf3 85
R 0xf3 225
R 0xf3 86
R 0x24 0
S 0x18 148
R 0xf3 85
S 0x18 149
R 0xf3 225
R 0xf3 86
R 0x24 0
R 0xf3 85
S 0x18 148
R 0xf3 225
R 0xf3 86
R 0x24 0
R 0xf3 85
R 0xf3 225
R 0xf3 86
R 0x24 0
S 0x18 149
R 0xf3 85
R 0xf3 225
R 0xf3 86
R 0x24 0
R 0xf3 85
R 0xf3 225
R 0xf3 86
R 0x24 0
R 0xf3 85
R 0xf3 225
R 0xf3 86
R 0x24 0
R 0xf3 85
R 0xf3 225
R 0xf3 86
R 0x24 0
S 0x18 148
R 0xf3 85
R 0xf3 225
R 0xf3 86
R 0x24 0
R 0xf3 85
S 0x18 149
R 0xf3 225
R 0xf3 86
R 0x24 0
R 0xf3 85
R 0xf3 225
R 0xf3 86
R 0x24 0
R 0x0f 6
R 0xf3 85
R 0xf3 225
R 0xf3 86
R 0x24 0
S 0x18 148
R 0xf3 85
R 0xf3 225
R 0xf3 86
R 0x24 0
R 0x13 1
S 0x18 149
R 0xf3 85
R 0xf3 225
R 0xf3 86
R 0x24 0
R 0xf3 85
R 0xf3 225
R 0xf3 86
R 0x24 0
R 0xd4 0
S 0x18 148
S 0x18 149
R 0xd4 0
S 0xf3 88
S 0xd6 95
R 0xd4 0
R 0xd4 0
R 0x0d 0
S 0x18 148
S 0x18 146
R 0xd4 0
S 0x18 149
R 0x0f 25
R 0xd4 0
R 0xd4 0
R 0xd4 0
R 0xd4 0
R 0x14 1
S 0xd6 95
R 0x0f 32
R 0x13 1
R 0xd4 0
R 0x14 1
S 0x18 144
S 0xd6 95
R 0x0f 19
R 0x0f 1
S 0xd6 95
R 0x13 1
R 0xd4 0
R 0x14 1
R 0x13 1
R 0x0f 39
R 0xd4 0
R 0x14 1
S 0xd6 95
R 0x0f 39
S 0xd6 95
R 0x0f 3
R 0x0f 5
S 0xd6 95
R 0x13 1
R 0xd4 0
R 0xd4 0
R 0xd4 0
R 0x0f 19
R 0xd4 0
R 0xd4 0
S 0xd6 95
R 0xd4 0
R 0xd4 0
R 0x14 1
R 0x0f 2
R 0x13 1
R 0xd4 0
R 0xd4 0
R 0xd4 0
S 0xd6 95
R 0xd4 0
R 0x0f 1
R 0xd4 0
R 0xd4 0
R 0xd4 0
R 0xd4 0
R 0xd4 0
R 0x0f 7
S 0xd6 95
R 0xd4 0
R 0xd4 0
R 0xf3 98
R 0xf1 9
R 0x0d 0
R 0xd4 0
R 0xd4 0
R 0x0f 6
S 0xd6 95
R 0xd4 0
R 0xd4 0
R 0xd4 0
R 0xd4 0
R 0xd4 0
R 0x0f 38
R 0xd4 0
S 0xd6 95
R 0xd4 0
R 0xd4 0
R 0x0f 9
R 0x14 1
R 0x13 1
R 0xd4 0
R 0xd4 0
R 0x0f 19
S 0xd6 95
R 0xd4 0
R 0xd4 0
R 0xd4 0
R 0x0f 3
R 0x14 1
S 0xd6 95
R 0x0f 33
R 0x0f 4
S 0xd6 95
R 0x0f 25
R 0x0f 7
S 0xd6 95
R 0x0f 17
S 0xd6 95
R 0x0f 39
R 0x0f 40
S 0xd6 95
R 0x13 1
R 0xd4 0
R 0x0f 25
R 0xd4 0
R 0x14 1
S 0xd6 95
R 0x13 1
R 0xd4 0
R 0x14 1
R 0x0f 40
R 0x0d 0
S 0xd6 95
R 0x13 1
R 0x0f 36
R 0xd4 0
R 0xd4 0
R 0xd4 0
R 0xd4 0
R 0x0f 21
R 0xd4 0
R 0xd4 0
S 0xd6 95
R 0xd4 0
R 0xd4 0
R 0xd4 0
R 0x0f 4
R 0xd4 0
R 0xd4 0
R 0xd4 0
S 0xd6 95
R 0xd4 0
R 0x0f 32
R 0xd4 0
R 0x14 1
R 0x13 1
R 0xd4 0
R 0x14 1
R 0x0f 21
S 0xd6 95
R 0x0f 25
S 0xd6 95
R 0x0f 1
R 0x13 1
R 0xd4 0
R 0xf3 98
R 0xf1 9
R 0xd4 0
R 0x0f 23
R 0xd4 0
R 0xd4 0
S 0xd6 95
R 0xd4 0
R 0x0f 19
R 0xd4 0
R 0xd4 0
R 0xd4 0
R 0xd4 0
R 0x0f 33
R 0xd4 0
S 0xd6 95
R 0xd4 0
R 0xd4 0
R 0xd4 0
R 0xd4 0
R 0x0f 4
R 0xd4 0
R 0xd4 0
S 0xd6 95
R 0xd4 0
R 0xd4 0
R 0x14 1
R 0x13 1
R 0x0f 8
R 0xd4 0
S 0xd6 95
R 0xd4 0
R 0xd4 0
R 0xd4 0
R 0x0f 24
R 0xd4 0
R 0xd4 0
S 0xd6 95
R 0xd4 0
R 0x0d 0
R 0xd4 0
R 0xd4 0
R 0x0f 2
R 0xd4 0
R 0xd4 0
R 0xd4 0
R 0xd4 0
S 0xd6 95
R 0xd4 0
R 0x0f 2
R 0xd4 0
R 0x14 1
R 0x0f 20
S 0xd6 95
R 0x0f 32
S 0xd6 95
R 0x0f 4
S 0xd6 95
R 0x13 1
R 0x0f 21
R 0xd4 0
R 0xd4 0
R 0xd4 0
R 0xd4 0
R 0xd4 0
R 0x0f 19
S 0xd6 95
R 0xd4 0
R 0xd4 0
R 0xd4 0
R 0xd4 0
R 0xd4 0
R 0xd4 0
R 0x0f 34
R 0xd4 0
S 0xd6 95
R 0xd4 0
R 0xd4 0
R 0xd4 0
R 0xd4 0
R 0x0f 23
R 0xd4 0
R 0xd4 0
R 0xd4 0
S 0xd6 95
R 0xd4 0
R 0xd4 0
R 0x0f 6
R 0xd4 0
R 0xd4 0
R 0xd4 0
S 0xd6 95
R 0x0f 40
R 0xd4 0
R 0xd4 0
R 0xd4 0
R 0xd4 0
R 0xd4 0
R 0x0f 4
R 0xd4 0
R 0xd4 0
S 0xd6 95
R 0xd4 0
R 0xd4 0
R 0xf3 98
R 0xf1 9
R 0x0d 0
R 0x0f 21
R 0xd4 0
R 0xd4 0
R 0xd4 0
R 0xd4 0
S 0xd6 95
R 0xd4 0
R 0x0f 0
R 0xd4 0
R 0xd4 0
R 0xd4 0
R 0xd4 0
R 0xd4 0
S 0xd6 95
R 0x0f 4
R 0xd4 0
R 0xd4 0
R 0xd4 0
R 0x0f 35
R 0xd4 0
R 0xd4 0
R 0xd4 0
S 0xd6 95
R 0xd4 0
R 0xd4 0
R 0xd4 0
R 0x0f 25
R 0xd4 0
R 0xd4 0
R 0xd4 0
R 0xd4 0
S 0xd6 95
R 0xd4 0
R 0xd4 0
R 0x0f 8
R 0xd4 0
R 0xd4 0
R 0xd4 0
R 0xd4 0
S 0xd6 95
R 0xd4 0
R 0x0f 8
R 0xd4 0
R 0xd4 0
R 0xd4 0
R 0xd4 0
R 0x0f 40
R 0xd4 0
S 0xd6 95
R 0xd4 0
R 0xd4 0
R 0xd4 0
R 0xd4 0
R 0xd4 0
R 0x0f 22
R 0xd4 0
S 0xd6 95
R 0xd4 0
R 0xd4 0
R 0xd4 0
R 0xd4 0
R 0x0f 22
R 0xd4 0
S 0xd6 95
R 0xd4 0
R 0xd4 0
R 0xd4 0
R 0x0f 32
R 0xd4 0
R 0xd4 0
R 0xd4 0
S 0xd6 95
R 0x0f 19
R 0xd4 0
R 0xd4 0
R 0xd4 0
R 0x0d 0
R 0xd4 0
R 0x0f 7
R 0xd4 0
S 0xd6 95
R 0xd4 0
R 0xd4 0
R 0xd4 0
R 0x0f 23
R 0xd4 0
R 0xd4 0
R 0xd4 0
S 0xd6 95
R 0xd4 0
R 0x0f 33
R 0xd4 0
R 0x14 1
R 0x0f 38
S 0xd6 95
R 0x0f 5
S 0xd6 95
R 0x0f 38
R 0x0f 32
S 0xd6 95
R 0xf3 98
R 0xf1 9
R 0x0f 36
S 0xd6 95
R 0x0f 18
S 0xd6 95
R 0x0f 2
R 0x0f 37
S 0xd6 95
R 0x0f 6
S 0xd6 95
R 0x0f 1
R 0x0d 0
S 0xd6 95
R 0x0f 5
R 0x0f 18
S 0xd6 95
R 0x0f 33
S 0xd6 95
R 0x0f 19
R 0x0f 19
S 0xd6 95
R 0x0f 19
S 0xd6 95
R 0x0f 38
R 0x0f 32
S 0xd6 95
R 0x0f 17
S 0xd6 95
R 0x0f 40
S 0xd6 95
R 0x0f 32
S 0xd6 95
R 0x0f 38
R 0x0f 36
R 0x0d 0
R 0xf3 98
R 0xf1 9
S 0xd6 95
R 0x13 1
R 0xd4 0
R 0x0f 17
R 0xd4 0
R 0x14 1
R 0x0f 3
S 0xd6 95
R 0x13 1
R 0x0f 3
R 0xd4 0
R 0x14 1
S 0xd6 95
R 0x0f 17
R 0x13 1
R 0xd4 0
R 0x14 1
R 0x13 1
R 0xd4 0
R 0x0f 33
R 0xd4 0
S 0xd6 95
R 0xd4 0
R 0xd4 0
R 0xd4 0
R 0xd4 0
R 0x0f 36
R 0xd4 0
R 0x14 1
S 0xd6 95
R 0x13 1
R 0xd4 0
R 0xd4 0
R 0xd4 0
R 0x14 1
R 0x0f 33
S 0xd6 95
R 0x13 1
R 0x0f 8
R 0xd4 0
R 0xd4 0
R 0xd4 0
R 0x0f 37
R 0xd4 0
R 0x14 1
S 0xd6 95
R 0x13 1
R 0x0f 5
R 0xd4 0
R 0xd4 0
R 0xd4 0
S 0xd6 95
R 0xd4 0
R 0xd4 0
R 0x0f 36
R 0xd4 0
R 0xd4 0
R 0xd4 0
R 0x14 1
R 0x13 1
S 0xd6 95
R 0xd4 0
R 0xd4 0
R 0x0f 37
R 0xd4 0
R 0xd4 0
R 0xd4 0
R 0xd4 0
R 0xd4 0
S 0xd6 95
R 0x0f 8
R 0xd4 0
R 0x0d 0
R 0xd4 0
R 0xd4 0
R 0x0f 4
R 0xd4 0
R 0x14 1
S 0xd6 95
R 0x0f 19
S 0xd6 95
R 0x0f 16
R 0x0f 17
S 0xd6 95
R 0x13 1
R 0xd4 0
R 0x14 1
R 0x0f 2
S 0xd6 95
R 0x13 1
R 0x0f 35
R 0xd4 0
R 0xd4 0
R 0x14 1
R 0xf3 98
R 0xf1 9
S 0xd6 95
R 0x0f 3
S 0xd6 95
R 0x13 1
R 0x0f 34
R 0xd4 0
R 0xd4 0
R 0xd4 0
R 0x14 1
R 0x13 1
R 0xd4 0
R 0x14 1
R 0x0f 8
S 0xd6 95
R 0x13 1
R 0x14 1
R 0x13 1
R 0x14 1
R 0x0f 22
R 0x13 1
R 0xd4 0
S 0xd6 95
R 0x14 1
R 0x0f 9
R 0x13 1
R 0xd4 0
R 0xd4 0
R 0xd4 0
R 0xd4 0
R 0x0f 7
R 0xd4 0
S 0xd6 95
R 0xd4 0
R 0xd4 0
R 0xd4 0
R 0x0d 0
R 0xd4 0
R 0xd4 0
R 0x0f 9
R 0xd4 0
R 0xd4 0
S 0xd6 95
R 0xd4 0
R 0xd4 0
R 0x14 1
R 0x0f 16
S 0xd6 95
R 0x0f 32
R 0x0f 16
S 0xd6 95
R 0x0f 0
S 0xd6 95
R 0x13 1
R 0xd4 0
R 0x14 1
R 0x0f 2
R 0x13 1
R 0xd4 0
R 0xd4 0
S 0xd6 95
R 0xd4 0
R 0x0f 32
R 0xd4 0
R 0xd4 0
R 0x14 1
R 0x13 1
R 0xd4 0
R 0x0f 36
R 0xd4 0
S 0xd6 95
R 0xd4 0
R 0xd4 0
R 0xd4 0
R 0x0f 9
R 0xd4 0
R 0xd4 0
R 0x14 1
R 0x0f 20
S 0xd6 95
R 0x13 1
R 0xd4 0
R 0x14 1
R 0x13 1
R 0xd4 0
R 0xd4 0
R 0x0f 33
R 0xd4 0
R 0xd4 0
S 0xd6 95
R 0xd4 0
R 0xd4 0
R 0xd4 0
R 0xd4 0
R 0x0f 24
R 0xd4 0
R 0xd4 0
S 0xd6 95
R 0xd4 0
R 0xd4 0
R 0x0f 0
R 0xd4 0
R 0xd4 0
R 0x0d 0
R 0xf3 98
R 0xf1 9
R 0xd4 0
R 0xd4 0
R 0xd4 0
S 0xd6 95
R 0xd4 0
R 0x0f 33
R 0xd4 0
R 0xd4 0
R 0xd4 0
R 0xd4 0
R 0x0f 35
R 0xd4 0
R 0xd4 0
S 0xd6 95
R 0xd4 0
R 0x0f 20
R 0xd4 0
R 0xd4 0
R 0x14 1
R 0x0f 16
S 0xd6 95
R 0x0f 41
R 0x13 1
R 0xd4 0
R 0xd4 0
S 0xd6 95
R 0xd4 0
R 0x0f 39
R 0xd4 0
R 0xd4 0
R 0xd4 0
R 0xd4 0
R 0xd4 0
S 0xd6 95
R 0xd4 0
R 0x0f 33
R 0xd4 0
R 0xd4 0
R 0xd4 0
R 0xd4 0
R 0x0f 9
R 0xd4 0
R 0xd4 0
S 0xd6 95
R 0xd4 0
R 0xd4 0
R 0x0f 23
R 0xd4 0
R 0xd4 0
R 0x14 1
S 0xd6 95
R 0x0f 39
R 0x13 1
R 0xd4 0
R 0xd4 0
R 0x14 1
R 0x0f 4
S 0xd6 95
R 0x0f 3
S 0xd6 95
R 0x0f 23
R 0x0f 40
R 0x0d 0
S 0xd6 95
R 0x0f 32
S 0xd6 95
R 0x0f 20
S 0xd6 95
R 0x0f 17
R 0x0f 22
S 0xd6 95
R 0x0f 33
S 0xd6 95
R 0x0f 3
R 0xf3 98
R 0xf1 9
S 0xd6 95
R 0x0f 23
S 0xd6 95
R 0x0f 7
R 0x0f 37
S 0xd6 95
R 0x0f 40
S 0xd6 95
R 0x0f 0
R 0x0f 8
S 0xd6 95
R 0x0d 0
R 0x0f 23
R 0x13 1
R 0xd4 0
R 0xd4 0
R 0x14 1
S 0xd6 95
R 0x13 1
R 0x0f 33
R 0xd4 0
R 0xd4 0
R 0xd4 0
R 0xd4 0
R 0xd4 0
R 0xd4 0
R 0x0f 38
R 0xd4 0
S 0xd6 95
R 0xd4 0
R 0xd4 0
R 0xd4 0
R 0xd4 0
R 0x0f 41
R 0xd4 0
R 0xd4 0
R 0xd4 0
S 0xd6 95
R 0xd4 0
R 0x0f 38
R 0xd4 0
R 0xd4 0
R 0xd4 0
R 0xd4 0
S 0xd6 95
R 0xd4 0
R 0xd4 0
R 0x0f 32
R 0xd4 0
R 0xd4 0
R 0x14 1
R 0x13 1
R 0xd4 0
R 0x14 1
S 0xd6 95
R 0x0f 23
S 0xd6 95
R 0x0f 24
R 0x0f 5
S 0xd6 95
R 0x0f 20
S 0xd6 95
R 0x0f 35
S 0xd6 95
R 0x0f 8
R 0x0d 0
R 0xf3 98
R 0xf1 9
R 0x13 1
R 0xd4 0
R 0x14 1
S 0xd6 95
R 0x13 1
R 0x0f 35
R 0xd4 0
R 0x14 1
R 0x0f 34
S 0xd6 95
R 0x0f 38
S 0xd6 95
R 0x0f 7
R 0x13 1
R 0xd4 0
S 0xd6 95
R 0xd4 0
R 0xd4 0
R 0xd4 0
R 0xd4 0
R 0x0f 39
R 0xd4 0
R 0xd4 0
S 0xd6 95
R 0xd4 0
R 0x0f 37
R 0xd4 0
R 0xd4 0
R 0xd4 0
R 0xd4 0
S 0xd6 95
R 0x0f 24
R 0xd4 0
R 0xd4 0
R 0xd4 0
R 0xd4 0
R 0xd4 0
R 0xd4 0
R 0x0f 39
S 0xd6 95
R 0xd4 0
R 0xd4 0
R 0xd4 0
R 0x0f 40
R 0xd4 0
R 0xd4 0
R 0xd4 0
R 0x0f 3
S 0xd6 95
R 0xd4 0
R 0xd4 0
R 0xd4 0
R 0xd4 0
R 0xd4 0
R 0x0f 0
R 0xd4 0
S 0xd6 95
R 0xd4 0
R 0xd4 0
R 0x0f 34
R 0xd4 0
R 0x0d 0
R 0x0f 3
R 0xd4 0
S 0xd6 95
R 0xd4 0
R 0xd4 0
R 0x0f 5
R 0x14 1
R 0x13 1
R 0xd4 0
R 0x14 1
S 0xd6 95
R 0x13 1
R 0xd4 0
R 0x0f 18
R 0xd4 0
R 0xd4 0
R 0xd4 0
R 0xd4 0
S 0xd6 95
R 0xd4 0
R 0x0f 38
R 0xd4 0
R 0x14 1
R 0x13 1
R 0x0f 8
R 0xd4 0
S 0xd6 95
R 0xd4 0
R 0xd4 0
R 0x14 1
R 0x0f 0
R 0x13 1
S 0xd6 95
R 0xd4 0
R 0x0f 5
R 0xd4 0
R 0x14 1
R 0xf3 98
R 0xf1 9
R 0x0f 16
S 0xd6 95
R 0x13 1
R 0x0f 4
R 0xd4 0
R 0x14 1
S 0xd6 95
R 0x0f 16
R 0x0f 40
S 0xd6 95
R 0x0f 25
S 0xd6 95
R 0x0f 38
R 0x0d 0
S 0xd6 95
R 0x0f 0
R 0x0f 35
S 0xd6 95
R 0x0f 20
S 0xd6 95
R 0x0f 9
R 0x13 1
R 0x0f 1
R 0xd4 0
R 0xd4 0
S 0xd6 95
R 0xd4 0
R 0xd4 0
R 0xd4 0
R 0x0f 36
R 0x14 1
R 0x13 1
R 0x0f 7
S 0xd6 95
R 0xd4 0
R 0xd4 0
R 0xd4 0
R 0x14 1
R 0x0f 32
S 0xd6 95
R 0x0f 37
R 0x13 1
R 0xd4 0
R 0xd4 0
R 0x14 1
R 0x13 1
R 0x0f 6
R 0xd4 0
S 0xd6 95
R 0x14 1
R 0x0f 19
S 0xd6 95
R 0x0f 17
S 0xd6 95
R 0x0f 18
R 0x13 1
R 0x0f 6
R 0xd4 0
R 0x14 1
S 0xd6 95
R 0x0d 0
R 0xf3 98
R 0xf1 9
R 0x0f 5
R 0x13 1
R 0xd4 0
R 0x14 1
R 0x0f 22
S 0xd6 95
R 0x0f 41
S 0xd6 95
R 0x0f 17
R 0x13 1
R 0xd4 0
R 0x14 1
R 0x13 1
R 0xd4 0
R 0x14 1
S 0xd6 95
R 0x0f 37
R 0x13 1
R 0xd4 0
R 0x0f 35
R 0xd4 0
R 0xd4 0
S 0xd6 95
R 0xd4 0
R 0xd4 0
R 0x14 1
R 0x0f 1
R 0x13 1
R 0xd4 0
S 0xd6 95
R 0xd4 0
R 0x14 1
R 0x0f 35
R 0x13 1
S 0xd6 95
R 0x0f 41
R 0xd4 0
R 0xd4 0
R 0xd4 0
R 0xd4 0
R 0xd4 0
R 0x0f 23
R 0xd4 0
S 0xd6 95
R 0xd4 0
R 0xd4 0
R 0xd4 0
R 0x0f 35
R 0xd4 0
R 0x14 1
S 0xd6 95
R 0x13 1
R 0xd4 0
R 0x0f 21
R 0xd4 0
R 0xd4 0
S 0xd6 95
R 0xd4 0
R 0xd4 0
R 0x14 1
R 0x0d 0
R 0x0f 17
R 0x13 1
R 0xd4 0
R 0xd4 0
S 0xd6 95
R 0xd4 0
R 0x0f 34
R 0xd4 0
R 0xd4 0
R 0xd4 0
R 0xd4 0
R 0xd4 0
R 0x0f 2
R 0xd4 0
S 0xd6 95
R 0x14 1
R 0x13 1
R 0xd4 0
R 0x14 1
R 0x0f 39
R 0x13 1
R 0xd4 0
R 0xd4 0
S 0xd6 95
R 0xd4 0
R 0xd4 0
R 0x0f 2
R 0xd4 0
R 0xd4 0
R 0xd4 0
S 0xd6 95
R 0x0f 7
R 0xd4 0
R 0xd4 0
R 0xd4 0
R 0xd4 0
R 0xd4 0
R 0xd4 0
R 0x14 1
R 0x0f 0
S 0xd6 95
R 0xf3 98
R 0xf1 9
R 0x0f 39
S 0xd6 95
R 0x0f 32
R 0x0f 7
S 0xd6 95
R 0x13 1
R 0x14 1
R 0x0f 9
R 0x13 1
R 0xd4 0
R 0x14 1
R 0x0f 40
S 0xd6 95
R 0x13 1
R 0xd4 0
R 0xd4 0
R 0x0f 36
R 0xd4 0
R 0xd4 0
R 0xd4 0
S 0xd6 95
R 0xd4 0
R 0xd4 0
R 0x