00:04:43 Blocked NtOpenProcess attempt to access our process (PID: 23412) with access rights: 0x00000410
00:04:43 Prevented OpenProcess access to our process from PID: 23412, Process: Unknown, Access: 0x00000410
00:09:46 Blocked NtOpenProcess attempt to access our process (PID: 23412) with access rights: 0x00000410
00:09:46 Prevented OpenProcess access to our process from PID: 23412, Process: Unknown, Access: 0x00000410
00:14:48 Blocked NtOpenProcess attempt to access our process (PID: 23412) with access rights: 0x00000410
00:14:48 Prevented OpenProcess access to our process from PID: 23412, Process: Unknown, Access: 0x00000410
00:19:50 Blocked NtOpenProcess attempt to access our process (PID: 23412) with access rights: 0x00000410
00:19:50 Prevented OpenProcess access to our process from PID: 23412, Process: Unknown, Access: 0x00000410
00:24:52 Blocked NtOpenProcess attempt to access our process (PID: 23412) with access rights: 0x00000410
00:24:52 Prevented OpenProcess access to our process from PID: 23412, Process: Unknown, Access: 0x00000410
00:29:54 Blocked NtOpenProcess attempt to access our process (PID: 23412) with access rights: 0x00000410
00:29:54 Prevented OpenProcess access to our process from PID: 23412, Process: Unknown, Access: 0x00000410
00:34:56 Blocked NtOpenProcess attempt to access our process (PID: 23412) with access rights: 0x00000410
00:34:56 Prevented OpenProcess access to our process from PID: 23412, Process: Unknown, Access: 0x00000410
00:39:58 Blocked NtOpenProcess attempt to access our process (PID: 23412) with access rights: 0x00000410
00:39:58 Prevented OpenProcess access to our process from PID: 23412, Process: Unknown, Access: 0x00000410
00:45:00 Blocked NtOpenProcess attempt to access our process (PID: 23412) with access rights: 0x00000410
00:45:00 Prevented OpenProcess access to our process from PID: 23412, Process: Unknown, Access: 0x00000410
00:50:02 Blocked NtOpenProcess attempt to access our process (PID: 23412) with access rights: 0x00000410
00:50:02 Prevented OpenProcess access to our process from PID: 23412, Process: Unknown, Access: 0x00000410
00:55:04 Blocked NtOpenProcess attempt to access our process (PID: 23412) with access rights: 0x00000410
00:55:04 Prevented OpenProcess access to our process from PID: 23412, Process: Unknown, Access: 0x00000410
01:00:08 Blocked NtOpenProcess attempt to access our process (PID: 23412) with access rights: 0x00000410
01:00:08 Prevented OpenProcess access to our process from PID: 23412, Process: Unknown, Access: 0x00000410
01:05:10 Blocked NtOpenProcess attempt to access our process (PID: 23412) with access rights: 0x00000410
01:05:10 Prevented OpenProcess access to our process from PID: 23412, Process: Unknown, Access: 0x00000410
01:10:12 Blocked NtOpenProcess attempt to access our process (PID: 23412) with access rights: 0x00000410
01:10:12 Prevented OpenProcess access to our process from PID: 23412, Process: Unknown, Access: 0x00000410
01:15:14 Blocked NtOpenProcess attempt to access our process (PID: 23412) with access rights: 0x00000410
01:15:14 Prevented OpenProcess access to our process from PID: 23412, Process: Unknown, Access: 0x00000410
01:20:16 Blocked NtOpenProcess attempt to access our process (PID: 23412) with access rights: 0x00000410
01:20:16 Prevented OpenProcess access to our process from PID: 23412, Process: Unknown, Access: 0x00000410
01:25:18 Blocked NtOpenProcess attempt to access our process (PID: 23412) with access rights: 0x00000410
01:25:18 Prevented OpenProcess access to our process from PID: 23412, Process: Unknown, Access: 0x00000410
01:30:20 Blocked NtOpenProcess attempt to access our process (PID: 23412) with access rights: 0x00000410
01:30:20 Prevented OpenProcess access to our process from PID: 23412, Process: Unknown, Access: 0x00000410
01:35:23 Blocked NtOpenProcess attempt to access our process (PID: 23412) with access rights: 0x00000410
01:35:23 Prevented OpenProcess access to our process from PID: 23412, Process: Unknown, Access: 0x00000410
01:40:25 Blocked NtOpenProcess attempt to access our process (PID: 23412) with access rights: 0x00000410
01:40:25 Prevented OpenProcess access to our process from PID: 23412, Process: Unknown, Access: 0x00000410
01:45:27 Blocked NtOpenProcess attempt to access our process (PID: 23412) with access rights: 0x00000410
01:45:27 Prevented OpenProcess access to our process from PID: 23412, Process: Unknown, Access: 0x00000410
01:50:29 Blocked NtOpenProcess attempt to access our process (PID: 23412) with access rights: 0x00000410
01:50:29 Prevented OpenProcess access to our process from PID: 23412, Process: Unknown, Access: 0x00000410
01:55:31 Blocked NtOpenProcess attempt to access our process (PID: 23412) with access rights: 0x00000410
01:55:31 Prevented OpenProcess access to our process from PID: 23412, Process: Unknown, Access: 0x00000410
02:00:33 Blocked NtOpenProcess attempt to access our process (PID: 23412) with access rights: 0x00000410
02:00:33 Prevented OpenProcess access to our process from PID: 23412, Process: Unknown, Access: 0x00000410
02:05:35 Blocked NtOpenProcess attempt to access our process (PID: 23412) with access rights: 0x00000410
02:05:35 Prevented OpenProcess access to our process from PID: 23412, Process: Unknown, Access: 0x00000410
02:10:37 Blocked NtOpenProcess attempt to access our process (PID: 23412) with access rights: 0x00000410
02:10:37 Prevented OpenProcess access to our process from PID: 23412, Process: Unknown, Access: 0x00000410
02:15:39 Blocked NtOpenProcess attempt to access our process (PID: 23412) with access rights: 0x00000410
02:15:39 Prevented OpenProcess access to our process from PID: 23412, Process: Unknown, Access: 0x00000410
02:20:41 Blocked NtOpenProcess attempt to access our process (PID: 23412) with access rights: 0x00000410
02:20:41 Prevented OpenProcess access to our process from PID: 23412, Process: Unknown, Access: 0x00000410
02:25:43 Blocked NtOpenProcess attempt to access our process (PID: 23412) with access rights: 0x00000410
02:25:43 Prevented OpenProcess access to our process from PID: 23412, Process: Unknown, Access: 0x00000410
02:30:45 Blocked NtOpenProcess attempt to access our process (PID: 23412) with access rights: 0x00000410
02:30:45 Prevented OpenProcess access to our process from PID: 23412, Process: Unknown, Access: 0x00000410
02:35:47 Blocked NtOpenProcess attempt to access our process (PID: 23412) with access rights: 0x00000410
02:35:47 Prevented OpenProcess access to our process from PID: 23412, Process: Unknown, Access: 0x00000410
02:40:49 Blocked NtOpenProcess attempt to access our process (PID: 23412) with access rights: 0x00000410
02:40:49 Prevented OpenProcess access to our process from PID: 23412, Process: Unknown, Access: 0x00000410
02:45:51 Blocked NtOpenProcess attempt to access our process (PID: 23412) with access rights: 0x00000410
02:45:51 Prevented OpenProcess access to our process from PID: 23412, Process: Unknown, Access: 0x00000410
02:50:53 Blocked NtOpenProcess attempt to access our process (PID: 23412) with access rights: 0x00000410
02:50:53 Prevented OpenProcess access to our process from PID: 23412, Process: Unknown, Access: 0x00000410
02:55:55 Blocked NtOpenProcess attempt to access our process (PID: 23412) with access rights: 0x00000410
02:55:55 Prevented OpenProcess access to our process from PID: 23412, Process: Unknown, Access: 0x00000410
03:00:57 Blocked NtOpenProcess attempt to access our process (PID: 23412) with access rights: 0x00000410
03:00:57 Prevented OpenProcess access to our process from PID: 23412, Process: Unknown, Access: 0x00000410
03:05:59 Blocked NtOpenProcess attempt to access our process (PID: 23412) with access rights: 0x00000410
03:05:59 Prevented OpenProcess access to our process from PID: 23412, Process: Unknown, Access: 0x00000410
03:11:01 Blocked NtOpenProcess attempt to access our process (PID: 23412) with access rights: 0x00000410
03:11:01 Prevented OpenProcess access to our process from PID: 23412, Process: Unknown, Access: 0x00000410
03:16:03 Blocked NtOpenProcess attempt to access our process (PID: 23412) with access rights: 0x00000410
03:16:03 Prevented OpenProcess access to our process from PID: 23412, Process: Unknown, Access: 0x00000410
03:21:05 Blocked NtOpenProcess attempt to access our process (PID: 23412) with access rights: 0x00000410
03:21:05 Prevented OpenProcess access to our process from PID: 23412, Process: Unknown, Access: 0x00000410
03:26:08 Blocked NtOpenProcess attempt to access our process (PID: 23412) with access rights: 0x00000410
03:26:08 Prevented OpenProcess access to our process from PID: 23412, Process: Unknown, Access: 0x00000410
03:31:10 Blocked NtOpenProcess attempt to access our process (PID: 23412) with access rights: 0x00000410
03:31:10 Prevented OpenProcess access to our process from PID: 23412, Process: Unknown, Access: 0x00000410
03:36:12 Blocked NtOpenProcess attempt to access our process (PID: 23412) with access rights: 0x00000410
03:36:12 Prevented OpenProcess access to our process from PID: 23412, Process: Unknown, Access: 0x00000410
03:41:14 Blocked NtOpenProcess attempt to access our process (PID: 23412) with access rights: 0x00000410
03:41:14 Prevented OpenProcess access to our process from PID: 23412, Process: Unknown, Access: 0x00000410
03:46:16 Blocked NtOpenProcess attempt to access our process (PID: 23412) with access rights: 0x00000410
03:46:16 Prevented OpenProcess access to our process from PID: 23412, Process: Unknown, Access: 0x00000410
03:51:18 Blocked NtOpenProcess attempt to access our process (PID: 23412) with access rights: 0x00000410
03:51:18 Prevented OpenProcess access to our process from PID: 23412, Process: Unknown, Access: 0x00000410
03:56:20 Blocked NtOpenProcess attempt to access our process (PID: 23412) with access rights: 0x00000410
03:56:20 Prevented OpenProcess access to our process from PID: 23412, Process: Unknown, Access: 0x00000410
04:01:22 Blocked NtOpenProcess attempt to access our process (PID: 23412) with access rights: 0x00000410
04:01:22 Prevented OpenProcess access to our process from PID: 23412, Process: Unknown, Access: 0x00000410
04:06:24 Blocked NtOpenProcess attempt to access our process (PID: 23412) with access rights: 0x00000410
04:06:24 Prevented OpenProcess access to our process from PID: 23412, Process: Unknown, Access: 0x00000410
04:11:26 Blocked NtOpenProcess attempt to access our process (PID: 23412) with access rights: 0x00000410
04:11:26 Prevented OpenProcess access to our process from PID: 23412, Process: Unknown, Access: 0x00000410
04:16:28 Blocked NtOpenProcess attempt to access our process (PID: 23412) with access rights: 0x00000410
04:16:28 Prevented OpenProcess access to our process from PID: 23412, Process: Unknown, Access: 0x00000410
04:21:30 Blocked NtOpenProcess attempt to access our process (PID: 23412) with access rights: 0x00000410
04:21:30 Prevented OpenProcess access to our process from PID: 23412, Process: Unknown, Access: 0x00000410
04:26:32 Blocked NtOpenProcess attempt to access our process (PID: 23412) with access rights: 0x00000410
04:26:32 Prevented OpenProcess access to our process from PID: 23412, Process: Unknown, Access: 0x00000410
04:31:34 Blocked NtOpenProcess attempt to access our process (PID: 23412) with access rights: 0x00000410
04:31:34 Prevented OpenProcess access to our process from PID: 23412, Process: Unknown, Access: 0x00000410
04:36:36 Blocked NtOpenProcess attempt to access our process (PID: 23412) with access rights: 0x00000410
04:36:36 Prevented OpenProcess access to our process from PID: 23412, Process: Unknown, Access: 0x00000410
04:41:38 Blocked NtOpenProcess attempt to access our process (PID: 23412) with access rights: 0x00000410
04:41:38 Prevented OpenProcess access to our process from PID: 23412, Process: Unknown, Access: 0x00000410
04:46:41 Blocked NtOpenProcess attempt to access our process (PID: 23412) with access rights: 0x00000410
04:46:41 Prevented OpenProcess access to our process from PID: 23412, Process: Unknown, Access: 0x00000410
04:51:43 Blocked NtOpenProcess attempt to access our process (PID: 23412) with access rights: 0x00000410
04:51:43 Prevented OpenProcess access to our process from PID: 23412, Process: Unknown, Access: 0x00000410
04:56:45 Blocked NtOpenProcess attempt to access our process (PID: 23412) with access rights: 0x00000410
04:56:45 Prevented OpenProcess access to our process from PID: 23412, Process: Unknown, Access: 0x00000410
05:01:47 Blocked NtOpenProcess attempt to access our process (PID: 23412) with access rights: 0x00000410
05:01:47 Prevented OpenProcess access to our process from PID: 23412, Process: Unknown, Access: 0x00000410
05:06:49 Blocked NtOpenProcess attempt to access our process (PID: 23412) with access rights: 0x00000410
05:06:49 Prevented OpenProcess access to our process from PID: 23412, Process: Unknown, Access: 0x00000410
05:11:51 Blocked NtOpenProcess attempt to access our process (PID: 23412) with access rights: 0x00000410
05:11:51 Prevented OpenProcess access to our process from PID: 23412, Process: Unknown, Access: 0x00000410
05:16:53 Blocked NtOpenProcess attempt to access our process (PID: 23412) with access rights: 0x00000410
05:16:53 Prevented OpenProcess access to our process from PID: 23412, Process: Unknown, Access: 0x00000410
05:21:55 Blocked NtOpenProcess attempt to access our process (PID: 23412) with access rights: 0x00000410
05:21:55 Prevented OpenProcess access to our process from PID: 23412, Process: Unknown, Access: 0x00000410
05:26:57 Blocked NtOpenProcess attempt to access our process (PID: 23412) with access rights: 0x00000410
05:26:57 Prevented OpenProcess access to our process from PID: 23412, Process: Unknown, Access: 0x00000410
05:31:59 Blocked NtOpenProcess attempt to access our process (PID: 23412) with access rights: 0x00000410
05:31:59 Prevented OpenProcess access to our process from PID: 23412, Process: Unknown, Access: 0x00000410
05:37:02 Blocked NtOpenProcess attempt to access our process (PID: 23412) with access rights: 0x00000410
05:37:02 Prevented OpenProcess access to our process from PID: 23412, Process: Unknown, Access: 0x00000410
05:42:04 Blocked NtOpenProcess attempt to access our process (PID: 23412) with access rights: 0x00000410
05:42:04 Prevented OpenProcess access to our process from PID: 23412, Process: Unknown, Access: 0x00000410
05:47:05 Blocked NtOpenProcess attempt to access our process (PID: 23412) with access rights: 0x00000410
05:47:05 Prevented OpenProcess access to our process from PID: 23412, Process: Unknown, Access: 0x00000410
05:52:08 Blocked NtOpenProcess attempt to access our process (PID: 23412) with access rights: 0x00000410
05:52:08 Prevented OpenProcess access to our process from PID: 23412, Process: Unknown, Access: 0x00000410
05:57:10 Blocked NtOpenProcess attempt to access our process (PID: 23412) with access rights: 0x00000410
05:57:10 Prevented OpenProcess access to our process from PID: 23412, Process: Unknown, Access: 0x00000410
06:02:12 Blocked NtOpenProcess attempt to access our process (PID: 23412) with access rights: 0x00000410
06:02:12 Prevented OpenProcess access to our process from PID: 23412, Process: Unknown, Access: 0x00000410
06:07:14 Blocked NtOpenProcess attempt to access our process (PID: 23412) with access rights: 0x00000410
06:07:14 Prevented OpenProcess access to our process from PID: 23412, Process: Unknown, Access: 0x00000410
06:12:16 Blocked NtOpenProcess attempt to access our process (PID: 23412) with access rights: 0x00000410
06:12:16 Prevented OpenProcess access to our process from PID: 23412, Process: Unknown, Access: 0x00000410
06:17:18 Blocked NtOpenProcess attempt to access our process (PID: 23412) with access rights: 0x00000410
06:17:18 Prevented OpenProcess access to our process from PID: 23412, Process: Unknown, Access: 0x00000410
06:22:20 Blocked NtOpenProcess attempt to access our process (PID: 23412) with access rights: 0x00000410
06:22:20 Prevented OpenProcess access to our process from PID: 23412, Process: Unknown, Access: 0x00000410
06:27:22 Blocked NtOpenProcess attempt to access our process (PID: 23412) with access rights: 0x00000410
06:27:22 Prevented OpenProcess access to our process from PID: 23412, Process: Unknown, Access: 0x00000410
06:32:24 Blocked NtOpenProcess attempt to access our process (PID: 23412) with access rights: 0x00000410
06:32:24 Prevented OpenProcess access to our process from PID: 23412, Process: Unknown, Access: 0x00000410
06:37:26 Blocked NtOpenProcess attempt to access our process (PID: 23412) with access rights: 0x00000410
06:37:26 Prevented OpenProcess access to our process from PID: 23412, Process: Unknown, Access: 0x00000410
06:42:28 Blocked NtOpenProcess attempt to access our process (PID: 23412) with access rights: 0x00000410
06:42:28 Prevented OpenProcess access to our process from PID: 23412, Process: Unknown, Access: 0x00000410
06:47:30 Blocked NtOpenProcess attempt to access our process (PID: 23412) with access rights: 0x00000410
06:47:30 Prevented OpenProcess access to our process from PID: 23412, Process: Unknown, Access: 0x00000410
06:52:32 Blocked NtOpenProcess attempt to access our process (PID: 23412) with access rights: 0x00000410
06:52:32 Prevented OpenProcess access to our process from PID: 23412, Process: Unknown, Access: 0x00000410
06:57:34 Blocked NtOpenProcess attempt to access our process (PID: 23412) with access rights: 0x00000410
06:57:34 Prevented OpenProcess access to our process from PID: 23412, Process: Unknown, Access: 0x00000410
07:02:36 Blocked NtOpenProcess attempt to access our process (PID: 23412) with access rights: 0x00000410
07:02:36 Prevented OpenProcess access to our process from PID: 23412, Process: Unknown, Access: 0x00000410
07:07:38 Blocked NtOpenProcess attempt to access our process (PID: 23412) with access rights: 0x00000410
07:07:38 Prevented OpenProcess access to our process from PID: 23412, Process: Unknown, Access: 0x00000410
07:12:40 Blocked NtOpenProcess attempt to access our process (PID: 23412) with access rights: 0x00000410
07:12:40 Prevented OpenProcess access to our process from PID: 23412, Process: Unknown, Access: 0x00000410
07:17:42 Blocked NtOpenProcess attempt to access our process (PID: 23412) with access rights: 0x00000410
07:17:42 Prevented OpenProcess access to our process from PID: 23412, Process: Unknown, Access: 0x00000410
07:22:45 Blocked NtOpenProcess attempt to access our process (PID: 23412) with access rights: 0x00000410
07:22:45 Prevented OpenProcess access to our process from PID: 23412, Process: Unknown, Access: 0x00000410
07:27:47 Blocked NtOpenProcess attempt to access our process (PID: 23412) with access rights: 0x00000410
07:27:47 Prevented OpenProcess access to our process from PID: 23412, Process: Unknown, Access: 0x00000410
07:32:49 Blocked NtOpenProcess attempt to access our process (PID: 23412) with access rights: 0x00000410
07:32:49 Prevented OpenProcess access to our process from PID: 23412, Process: Unknown, Access: 0x00000410
07:37:51 Blocked NtOpenProcess attempt to access our process (PID: 23412) with access rights: 0x00000410
07:37:51 Prevented OpenProcess access to our process from PID: 23412, Process: Unknown, Access: 0x00000410
07:42:53 Blocked NtOpenProcess attempt to access our process (PID: 23412) with access rights: 0x00000410
07:42:53 Prevented OpenProcess access to our process from PID: 23412, Process: Unknown, Access: 0x00000410
07:47:55 Blocked NtOpenProcess attempt to access our process (PID: 23412) with access rights: 0x00000410
07:47:55 Prevented OpenProcess access to our process from PID: 23412, Process: Unknown, Access: 0x00000410
07:52:57 Blocked NtOpenProcess attempt to access our process (PID: 23412) with access rights: 0x00000410
07:52:57 Prevented OpenProcess access to our process from PID: 23412, Process: Unknown, Access: 0x00000410
07:57:59 Blocked NtOpenProcess attempt to access our process (PID: 23412) with access rights: 0x00000410
07:57:59 Prevented OpenProcess access to our process from PID: 23412, Process: Unknown, Access: 0x00000410
08:03:01 Blocked NtOpenProcess attempt to access our process (PID: 23412) with access rights: 0x00000410
08:03:01 Prevented OpenProcess access to our process from PID: 23412, Process: Unknown, Access: 0x00000410
08:08:03 Blocked NtOpenProcess attempt to access our process (PID: 23412) with access rights: 0x00000410
08:08:03 Prevented OpenProcess access to our process from PID: 23412, Process: Unknown, Access: 0x00000410
08:13:05 Blocked NtOpenProcess attempt to access our process (PID: 23412) with access rights: 0x00000410
08:13:05 Prevented OpenProcess access to our process from PID: 23412, Process: Unknown, Access: 0x00000410
08:18:08 Blocked NtOpenProcess attempt to access our process (PID: 23412) with access rights: 0x00000410
08:18:08 Prevented OpenProcess access to our process from PID: 23412, Process: Unknown, Access: 0x00000410
08:23:10 Blocked NtOpenProcess attempt to access our process (PID: 23412) with access rights: 0x00000410
08:23:10 Prevented OpenProcess access to our process from PID: 23412, Process: Unknown, Access: 0x00000410
08:28:12 Blocked NtOpenProcess attempt to access our process (PID: 23412) with access rights: 0x00000410
08:28:12 Prevented OpenProcess access to our process from PID: 23412, Process: Unknown, Access: 0x00000410
08:33:14 Blocked NtOpenProcess attempt to access our process (PID: 23412) with access rights: 0x00000410
08:33:14 Prevented OpenProcess access to our process from PID: 23412, Process: Unknown, Access: 0x00000410
08:38:16 Blocked NtOpenProcess attempt to access our process (PID: 23412) with access rights: 0x00000410
08:38:16 Prevented OpenProcess access to our process from PID: 23412, Process: Unknown, Access: 0x00000410
08:43:18 Blocked NtOpenProcess attempt to access our process (PID: 23412) with access rights: 0x00000410
08:43:18 Prevented OpenProcess access to our process from PID: 23412, Process: Unknown, Access: 0x00000410
08:48:20 Blocked NtOpenProcess attempt to access our process (PID: 23412) with access rights: 0x00000410
08:48:20 Prevented OpenProcess access to our process from PID: 23412, Process: Unknown, Access: 0x00000410
08:53:22 Blocked NtOpenProcess attempt to access our process (PID: 23412) with access rights: 0x00000410
08:53:22 Prevented OpenProcess access to our process from PID: 23412, Process: Unknown, Access: 0x00000410
08:58:24 Blocked NtOpenProcess attempt to access our process (PID: 23412) with access rights: 0x00000410
08:58:24 Prevented OpenProcess access to our process from PID: 23412, Process: Unknown, Access: 0x00000410
09:03:26 Blocked NtOpenProcess attempt to access our process (PID: 23412) with access rights: 0x00000410
09:03:26 Prevented OpenProcess access to our process from PID: 23412, Process: Unknown, Access: 0x00000410
09:08:28 Blocked NtOpenProcess attempt to access our process (PID: 23412) with access rights: 0x00000410
09:08:28 Prevented OpenProcess access to our process from PID: 23412, Process: Unknown, Access: 0x00000410
09:13:30 Blocked NtOpenProcess attempt to access our process (PID: 23412) with access rights: 0x00000410
09:13:30 Prevented OpenProcess access to our process from PID: 23412, Process: Unknown, Access: 0x00000410
09:18:32 Blocked NtOpenProcess attempt to access our process (PID: 23412) with access rights: 0x00000410
09:18:32 Prevented OpenProcess access to our process from PID: 23412, Process: Unknown, Access: 0x00000410
09:23:34 Blocked NtOpenProcess attempt to access our process (PID: 23412) with access rights: 0x00000410
09:23:34 Prevented OpenProcess access to our process from PID: 23412, Process: Unknown, Access: 0x00000410
09:28:36 Blocked NtOpenProcess attempt to access our process (PID: 23412) with access rights: 0x00000410
09:28:36 Prevented OpenProcess access to our process from PID: 23412, Process: Unknown, Access: 0x00000410
09:33:38 Blocked NtOpenProcess attempt to access our process (PID: 23412) with access rights: 0x00000410
09:33:38 Prevented OpenProcess access to our process from PID: 23412, Process: Unknown, Access: 0x00000410
09:38:41 Blocked NtOpenProcess attempt to access our process (PID: 23412) with access rights: 0x00000410
09:38:41 Prevented OpenProcess access to our process from PID: 23412, Process: Unknown, Access: 0x00000410
09:43:43 Blocked NtOpenProcess attempt to access our process (PID: 23412) with access rights: 0x00000410
09:43:43 Prevented OpenProcess access to our process from PID: 23412, Process: Unknown, Access: 0x00000410
09:48:45 Blocked NtOpenProcess attempt to access our process (PID: 23412) with access rights: 0x00000410
09:48:45 Prevented OpenProcess access to our process from PID: 23412, Process: Unknown, Access: 0x00000410
09:53:47 Blocked NtOpenProcess attempt to access our process (PID: 23412) with access rights: 0x00000410
09:53:47 Prevented OpenProcess access to our process from PID: 23412, Process: Unknown, Access: 0x00000410
09:58:49 Blocked NtOpenProcess attempt to access our process (PID: 23412) with access rights: 0x00000410
09:58:49 Prevented OpenProcess access to our process from PID: 23412, Process: Unknown, Access: 0x00000410
10:03:51 Blocked NtOpenProcess attempt to access our process (PID: 23412) with access rights: 0x00000410
10:03:51 Prevented OpenProcess access to our process from PID: 23412, Process: Unknown, Access: 0x00000410
10:08:53 Blocked NtOpenProcess attempt to access our process (PID: 23412) with access rights: 0x00000410
10:08:53 Prevented OpenProcess access to our process from PID: 23412, Process: Unknown, Access: 0x00000410
10:13:55 Blocked NtOpenProcess attempt to access our process (PID: 23412) with access rights: 0x00000410
10:13:55 Prevented OpenProcess access to our process from PID: 23412, Process: Unknown, Access: 0x00000410
10:18:57 Blocked NtOpenProcess attempt to access our process (PID: 23412) with access rights: 0x00000410
10:18:57 Prevented OpenProcess access to our process from PID: 23412, Process: Unknown, Access: 0x00000410
10:23:59 Blocked NtOpenProcess attempt to access our process (PID: 23412) with access rights: 0x00000410
10:23:59 Prevented OpenProcess access to our process from PID: 23412, Process: Unknown, Access: 0x00000410
10:29:01 Blocked NtOpenProcess attempt to access our process (PID: 23412) with access rights: 0x00000410
10:29:01 Prevented OpenProcess access to our process from PID: 23412, Process: Unknown, Access: 0x00000410
10:34:03 Blocked NtOpenProcess attempt to access our process (PID: 23412) with access rights: 0x00000410
10:34:03 Prevented OpenProcess access to our process from PID: 23412, Process: Unknown, Access: 0x00000410
10:39:05 Blocked NtOpenProcess attempt to access our process (PID: 23412) with access rights: 0x00000410
10:39:05 Prevented OpenProcess access to our process from PID: 23412, Process: Unknown, Access: 0x00000410
10:44:07 Blocked NtOpenProcess attempt to access our process (PID: 23412) with access rights: 0x00000410
10:44:07 Prevented OpenProcess access to our process from PID: 23412, Process: Unknown, Access: 0x00000410
10:49:10 Blocked NtOpenProcess attempt to access our process (PID: 23412) with access rights: 0x00000410
10:49:10 Prevented OpenProcess access to our process from PID: 23412, Process: Unknown, Access: 0x00000410
10:54:12 Blocked NtOpenProcess attempt to access our process (PID: 23412) with access rights: 0x00000410
10:54:12 Prevented OpenProcess access to our process from PID: 23412, Process: Unknown, Access: 0x00000410
10:59:14 Blocked NtOpenProcess attempt to access our process (PID: 23412) with access rights: 0x00000410
10:59:14 Prevented OpenProcess access to our process from PID: 23412, Process: Unknown, Access: 0x00000410
11:04:16 Blocked NtOpenProcess attempt to access our process (PID: 23412) with access rights: 0x00000410
11:04:16 Prevented OpenProcess access to our process from PID: 23412, Process: Unknown, Access: 0x00000410
11:09:18 Blocked NtOpenProcess attempt to access our process (PID: 23412) with access rights: 0x00000410
11:09:18 Prevented OpenProcess access to our process from PID: 23412, Process: Unknown, Access: 0x00000410
11:14:20 Blocked NtOpenProcess attempt to access our process (PID: 23412) with access rights: 0x00000410
11:14:20 Prevented OpenProcess access to our process from PID: 23412, Process: Unknown, Access: 0x00000410
11:16:15 [CConnection::ClientWorkerThread] FD_CLOSE failed with error: 10053
11:16:16 [CConnection::DataSend] send() failed with error: 10054
11:16:27 [CHClientInfoSend] IsReconnect: 1, ClientFileCRC: A30FD826, HackVersion: UNI, HardwareId: a72615a3d6c5ef84b7a99b81718938e7
11:19:23 Blocked NtOpenProcess attempt to access our process (PID: 23412) with access rights: 0x00000410
11:19:23 Prevented OpenProcess access to our process from PID: 23412, Process: Unknown, Access: 0x00000410
11:24:25 Blocked NtOpenProcess attempt to access our process (PID: 23412) with access rights: 0x00000410
11:24:25 Prevented OpenProcess access to our process from PID: 23412, Process: Unknown, Access: 0x00000410
11:29:27 Blocked NtOpenProcess attempt to access our process (PID: 23412) with access rights: 0x00000410
11:29:27 Prevented OpenProcess access to our process from PID: 23412, Process: Unknown, Access: 0x00000410
11:34:29 Blocked NtOpenProcess attempt to access our process (PID: 23412) with access rights: 0x00000410
11:34:29 Prevented OpenProcess access to our process from PID: 23412, Process: Unknown, Access: 0x00000410
11:39:31 Blocked NtOpenProcess attempt to access our process (PID: 23412) with access rights: 0x00000410
11:39:31 Prevented OpenProcess access to our process from PID: 23412, Process: Unknown, Access: 0x00000410
11:44:33 Blocked NtOpenProcess attempt to access our process (PID: 23412) with access rights: 0x00000410
11:44:33 Prevented OpenProcess access to our process from PID: 23412, Process: Unknown, Access: 0x00000410
11:49:35 Blocked NtOpenProcess attempt to access our process (PID: 23412) with access rights: 0x00000410
11:49:35 Prevented OpenProcess access to our process from PID: 23412, Process: Unknown, Access: 0x00000410
11:54:37 Blocked NtOpenProcess attempt to access our process (PID: 23412) with access rights: 0x00000410
11:54:37 Prevented OpenProcess access to our process from PID: 23412, Process: Unknown, Access: 0x00000410
11:59:40 Blocked NtOpenProcess attempt to access our process (PID: 23412) with access rights: 0x00000410
11:59:40 Prevented OpenProcess access to our process from PID: 23412, Process: Unknown, Access: 0x00000410
12:04:41 Blocked NtOpenProcess attempt to access our process (PID: 23412) with access rights: 0x00000410
12:04:41 Prevented OpenProcess access to our process from PID: 23412, Process: Unknown, Access: 0x00000410
12:09:44 Blocked NtOpenProcess attempt to access our process (PID: 23412) with access rights: 0x00000410
12:09:44 Prevented OpenProcess access to our process from PID: 23412, Process: Unknown, Access: 0x00000410
12:14:46 Blocked NtOpenProcess attempt to access our process (PID: 23412) with access rights: 0x00000410
12:14:46 Prevented OpenProcess access to our process from PID: 23412, Process: Unknown, Access: 0x00000410
12:19:48 Blocked NtOpenProcess attempt to access our process (PID: 23412) with access rights: 0x00000410
12:19:48 Prevented OpenProcess access to our process from PID: 23412, Process: Unknown, Access: 0x00000410
12:24:50 Blocked NtOpenProcess attempt to access our process (PID: 23412) with access rights: 0x00000410
12:24:50 Prevented OpenProcess access to our process from PID: 23412, Process: Unknown, Access: 0x00000410
12:29:52 Blocked NtOpenProcess attempt to access our process (PID: 23412) with access rights: 0x00000410
12:29:52 Prevented OpenProcess access to our process from PID: 23412, Process: Unknown, Access: 0x00000410
12:34:54 Blocked NtOpenProcess attempt to access our process (PID: 23412) with access rights: 0x00000410
12:34:54 Prevented OpenProcess access to our process from PID: 23412, Process: Unknown, Access: 0x00000410
12:39:56 Blocked NtOpenProcess attempt to access our process (PID: 23412) with access rights: 0x00000410
12:39:56 Prevented OpenProcess access to our process from PID: 23412, Process: Unknown, Access: 0x00000410
12:44:58 Blocked NtOpenProcess attempt to access our process (PID: 23412) with access rights: 0x00000410
12:44:58 Prevented OpenProcess access to our process from PID: 23412, Process: Unknown, Access: 0x00000410
12:50:01 Blocked NtOpenProcess attempt to access our process (PID: 23412) with access rights: 0x00000410
12:50:01 Prevented OpenProcess access to our process from PID: 23412, Process: Unknown, Access: 0x00000410
12:55:02 Blocked NtOpenProcess attempt to access our process (PID: 23412) with access rights: 0x00000410
12:55:02 Prevented OpenProcess access to our process from PID: 23412, Process: Unknown, Access: 0x00000410
13:00:04 Blocked NtOpenProcess attempt to access our process (PID: 23412) with access rights: 0x00000410
13:00:04 Prevented OpenProcess access to our process from PID: 23412, Process: Unknown, Access: 0x00000410
13:05:06 Blocked NtOpenProcess attempt to access our process (PID: 23412) with access rights: 0x00000410
13:05:06 Prevented OpenProcess access to our process from PID: 23412, Process: Unknown, Access: 0x00000410
13:10:09 Blocked NtOpenProcess attempt to access our process (PID: 23412) with access rights: 0x00000410
13:10:09 Prevented OpenProcess access to our process from PID: 23412, Process: Unknown, Access: 0x00000410
13:15:11 Blocked NtOpenProcess attempt to access our process (PID: 23412) with access rights: 0x00000410
13:15:11 Prevented OpenProcess access to our process from PID: 23412, Process: Unknown, Access: 0x00000410
13:20:13 Blocked NtOpenProcess attempt to access our process (PID: 23412) with access rights: 0x00000410
13:20:13 Prevented OpenProcess access to our process from PID: 23412, Process: Unknown, Access: 0x00000410
13:25:15 Blocked NtOpenProcess attempt to access our process (PID: 23412) with access rights: 0x00000410
13:25:15 Prevented OpenProcess access to our process from PID: 23412, Process: Unknown, Access: 0x00000410
13:30:17 Blocked NtOpenProcess attempt to access our process (PID: 23412) with access rights: 0x00000410
13:30:17 Prevented OpenProcess access to our process from PID: 23412, Process: Unknown, Access: 0x00000410
13:35:19 Blocked NtOpenProcess attempt to access our process (PID: 23412) with access rights: 0x00000410
13:35:19 Prevented OpenProcess access to our process from PID: 23412, Process: Unknown, Access: 0x00000410
13:40:21 Blocked NtOpenProcess attempt to access our process (PID: 23412) with access rights: 0x00000410
13:40:21 Prevented OpenProcess access to our process from PID: 23412, Process: Unknown, Access: 0x00000410
13:45:23 Blocked NtOpenProcess attempt to access our process (PID: 23412) with access rights: 0x00000410
13:45:23 Prevented OpenProcess access to our process from PID: 23412, Process: Unknown, Access: 0x00000410
13:50:25 Blocked NtOpenProcess attempt to access our process (PID: 23412) with access rights: 0x00000410
13:50:25 Prevented OpenProcess access to our process from PID: 23412, Process: Unknown, Access: 0x00000410
13:55:27 Blocked NtOpenProcess attempt to access our process (PID: 23412) with access rights: 0x00000410
13:55:27 Prevented OpenProcess access to our process from PID: 23412, Process: Unknown, Access: 0x00000410
14:00:30 Blocked NtOpenProcess attempt to access our process (PID: 23412) with access rights: 0x00000410
14:00:30 Prevented OpenProcess access to our process from PID: 23412, Process: Unknown, Access: 0x00000410
14:05:32 Blocked NtOpenProcess attempt to access our process (PID: 23412) with access rights: 0x00000410
14:05:32 Prevented OpenProcess access to our process from PID: 23412, Process: Unknown, Access: 0x00000410
14:10:34 Blocked NtOpenProcess attempt to access our process (PID: 23412) with access rights: 0x00000410
14:10:34 Prevented OpenProcess access to our process from PID: 23412, Process: Unknown, Access: 0x00000410
14:15:36 Blocked NtOpenProcess attempt to access our process (PID: 23412) with access rights: 0x00000410
14:15:36 Prevented OpenProcess access to our process from PID: 23412, Process: Unknown, Access: 0x00000410
14:20:38 Blocked NtOpenProcess attempt to access our process (PID: 23412) with access rights: 0x00000410
14:20:38 Prevented OpenProcess access to our process from PID: 23412, Process: Unknown, Access: 0x00000410
14:25:40 Blocked NtOpenProcess attempt to access our process (PID: 23412) with access rights: 0x00000410
14:25:40 Prevented OpenProcess access to our process from PID: 23412, Process: Unknown, Access: 0x00000410
14:30:42 Blocked NtOpenProcess attempt to access our process (PID: 23412) with access rights: 0x00000410
14:30:42 Prevented OpenProcess access to our process from PID: 23412, Process: Unknown, Access: 0x00000410
14:35:44 Blocked NtOpenProcess attempt to access our process (PID: 23412) with access rights: 0x00000410
14:35:44 Prevented OpenProcess access to our process from PID: 23412, Process: Unknown, Access: 0x00000410
14:40:46 Blocked NtOpenProcess attempt to access our process (PID: 23412) with access rights: 0x00000410
14:40:46 Prevented OpenProcess access to our process from PID: 23412, Process: Unknown, Access: 0x00000410
14:45:48 Blocked NtOpenProcess attempt to access our process (PID: 23412) with access rights: 0x00000410
14:45:48 Prevented OpenProcess access to our process from PID: 23412, Process: Unknown, Access: 0x00000410
14:50:50 Blocked NtOpenProcess attempt to access our process (PID: 23412) with access rights: 0x00000410
14:50:50 Prevented OpenProcess access to our process from PID: 23412, Process: Unknown, Access: 0x00000410
14:55:52 Blocked NtOpenProcess attempt to access our process (PID: 23412) with access rights: 0x00000410
14:55:52 Prevented OpenProcess access to our process from PID: 23412, Process: Unknown, Access: 0x00000410
15:00:54 Blocked NtOpenProcess attempt to access our process (PID: 23412) with access rights: 0x00000410
15:00:54 Prevented OpenProcess access to our process from PID: 23412, Process: Unknown, Access: 0x00000410
15:05:56 Blocked NtOpenProcess attempt to access our process (PID: 23412) with access rights: 0x00000410
15:05:56 Prevented OpenProcess access to our process from PID: 23412, Process: Unknown, Access: 0x00000410
15:10:58 Blocked NtOpenProcess attempt to access our process (PID: 23412) with access rights: 0x00000410
15:10:58 Prevented OpenProcess access to our process from PID: 23412, Process: Unknown, Access: 0x00000410
15:16:00 Blocked NtOpenProcess attempt to access our process (PID: 23412) with access rights: 0x00000410
15:16:00 Prevented OpenProcess access to our process from PID: 23412, Process: Unknown, Access: 0x00000410
15:21:03 Blocked NtOpenProcess attempt to access our process (PID: 23412) with access rights: 0x00000410
15:21:03 Prevented OpenProcess access to our process from PID: 23412, Process: Unknown, Access: 0x00000410
15:26:05 Blocked NtOpenProcess attempt to access our process (PID: 23412) with access rights: 0x00000410
15:26:05 Prevented OpenProcess access to our process from PID: 23412, Process: Unknown, Access: 0x00000410
15:31:07 Blocked NtOpenProcess attempt to access our process (PID: 23412) with access rights: 0x00000410
15:31:07 Prevented OpenProcess access to our process from PID: 23412, Process: Unknown, Access: 0x00000410
15:36:09 Blocked NtOpenProcess attempt to access our process (PID: 23412) with access rights: 0x00000410
15:36:09 Prevented OpenProcess access to our process from PID: 23412, Process: Unknown, Access: 0x00000410
15:41:11 Blocked NtOpenProcess attempt to access our process (PID: 23412) with access rights: 0x00000410
15:41:11 Prevented OpenProcess access to our process from PID: 23412, Process: Unknown, Access: 0x00000410
15:46:13 Blocked NtOpenProcess attempt to access our process (PID: 23412) with access rights: 0x00000410
15:46:13 Prevented OpenProcess access to our process from PID: 23412, Process: Unknown, Access: 0x00000410
15:51:15 Blocked NtOpenProcess attempt to access our process (PID: 23412) with access rights: 0x00000410
15:51:15 Prevented OpenProcess access to our process from PID: 23412, Process: Unknown, Access: 0x00000410
15:56:17 Blocked NtOpenProcess attempt to access our process (PID: 23412) with access rights: 0x00000410
15:56:17 Prevented OpenProcess access to our process from PID: 23412, Process: Unknown, Access: 0x00000410
16:01:19 Blocked NtOpenProcess attempt to access our process (PID: 23412) with access rights: 0x00000410
16:01:19 Prevented OpenProcess access to our process from PID: 23412, Process: Unknown, Access: 0x00000410
16:06:21 Blocked NtOpenProcess attempt to access our process (PID: 23412) with access rights: 0x00000410
16:06:21 Prevented OpenProcess access to our process from PID: 23412, Process: Unknown, Access: 0x00000410
16:11:23 Blocked NtOpenProcess attempt to access our process (PID: 23412) with access rights: 0x00000410
16:11:23 Prevented OpenProcess access to our process from PID: 23412, Process: Unknown, Access: 0x00000410
16:16:25 Blocked NtOpenProcess attempt to access our process (PID: 23412) with access rights: 0x00000410
16:16:25 Prevented OpenProcess access to our process from PID: 23412, Process: Unknown, Access: 0x00000410
16:21:27 Blocked NtOpenProcess attempt to access our process (PID: 23412) with access rights: 0x00000410
16:21:27 Prevented OpenProcess access to our process from PID: 23412, Process: Unknown, Access: 0x00000410
16:26:29 Blocked NtOpenProcess attempt to access our process (PID: 23412) with access rights: 0x00000410
16:26:29 Prevented OpenProcess access to our process from PID: 23412, Process: Unknown, Access: 0x00000410
16:31:31 Blocked NtOpenProcess attempt to access our process (PID: 23412) with access rights: 0x00000410
16:31:31 Prevented OpenProcess access to our process from PID: 23412, Process: Unknown, Access: 0x00000410
16:36:34 Blocked NtOpenProcess attempt to access our process (PID: 23412) with access rights: 0x00000410
16:36:34 Prevented OpenProcess access to our process from PID: 23412, Process: Unknown, Access: 0x00000410
16:41:36 Blocked NtOpenProcess attempt to access our process (PID: 23412) with access rights: 0x00000410
16:41:36 Prevented OpenProcess access to our process from PID: 23412, Process: Unknown, Access: 0x00000410
16:46:38 Blocked NtOpenProcess attempt to access our process (PID: 23412) with access rights: 0x00000410
16:46:38 Prevented OpenProcess access to our process from PID: 23412, Process: Unknown, Access: 0x00000410
16:51:40 Blocked NtOpenProcess attempt to access our process (PID: 23412) with access rights: 0x00000410
16:51:40 Prevented OpenProcess access to our process from PID: 23412, Process: Unknown, Access: 0x00000410
16:56:42 Blocked NtOpenProcess attempt to access our process (PID: 23412) with access rights: 0x00000410
16:56:42 Prevented OpenProcess access to our process from PID: 23412, Process: Unknown, Access: 0x00000410
17:01:45 Blocked NtOpenProcess attempt to access our process (PID: 23412) with access rights: 0x00000410
17:01:45 Prevented OpenProcess access to our process from PID: 23412, Process: Unknown, Access: 0x00000410
17:06:47 Blocked NtOpenProcess attempt to access our process (PID: 23412) with access rights: 0x00000410
17:06:47 Prevented OpenProcess access to our process from PID: 23412, Process: Unknown, Access: 0x00000410
17:11:49 Blocked NtOpenProcess attempt to access our process (PID: 23412) with access rights: 0x00000410
17:11:49 Prevented OpenProcess access to our process from PID: 23412, Process: Unknown, Access: 0x00000410
17:16:51 Blocked NtOpenProcess attempt to access our process (PID: 23412) with access rights: 0x00000410
17:16:51 Prevented OpenProcess access to our process from PID: 23412, Process: Unknown, Access: 0x00000410
17:21:53 Blocked NtOpenProcess attempt to access our process (PID: 23412) with access rights: 0x00000410
17:21:53 Prevented OpenProcess access to our process from PID: 23412, Process: Unknown, Access: 0x00000410
17:26:55 Blocked NtOpenProcess attempt to access our process (PID: 23412) with access rights: 0x00000410
17:26:55 Prevented OpenProcess access to our process from PID: 23412, Process: Unknown, Access: 0x00000410
17:31:57 Blocked NtOpenProcess attempt to access our process (PID: 23412) with access rights: 0x00000410
17:31:57 Prevented OpenProcess access to our process from PID: 23412, Process: Unknown, Access: 0x00000410
17:37:00 Blocked NtOpenProcess attempt to access our process (PID: 23412) with access rights: 0x00000410
17:37:00 Prevented OpenProcess access to our process from PID: 23412, Process: Unknown, Access: 0x00000410
17:42:02 Blocked NtOpenProcess attempt to access our process (PID: 23412) with access rights: 0x00000410
17:42:02 Prevented OpenProcess access to our process from PID: 23412, Process: Unknown, Access: 0x00000410
17:47:04 Blocked NtOpenProcess attempt to access our process (PID: 23412) with access rights: 0x00000410
17:47:04 Prevented OpenProcess access to our process from PID: 23412, Process: Unknown, Access: 0x00000410
17:52:06 Blocked NtOpenProcess attempt to access our process (PID: 23412) with access rights: 0x00000410
17:52:06 Prevented OpenProcess access to our process from PID: 23412, Process: Unknown, Access: 0x00000410
17:57:08 Blocked NtOpenProcess attempt to access our process (PID: 23412) with access rights: 0x00000410
17:57:08 Prevented OpenProcess access to our process from PID: 23412, Process: Unknown, Access: 0x00000410
18:02:10 Blocked NtOpenProcess attempt to access our process (PID: 23412) with access rights: 0x00000410
18:02:10 Prevented OpenProcess access to our process from PID: 23412, Process: Unknown, Access: 0x00000410
18:07:12 Blocked NtOpenProcess attempt to access our process (PID: 23412) with access rights: 0x00000410
18:07:12 Prevented OpenProcess access to our process from PID: 23412, Process: Unknown, Access: 0x00000410
18:12:14 Blocked NtOpenProcess attempt to access our process (PID: 23412) with access rights: 0x00000410
18:12:14 Prevented OpenProcess access to our process from PID: 23412, Process: Unknown, Access: 0x00000410
18:17:16 Blocked NtOpenProcess attempt to access our process (PID: 23412) with access rights: 0x00000410
18:17:16 Prevented OpenProcess access to our process from PID: 23412, Process: Unknown, Access: 0x00000410
18:22:19 Blocked NtOpenProcess attempt to access our process (PID: 23412) with access rights: 0x00000410
18:22:19 Prevented OpenProcess access to our process from PID: 23412, Process: Unknown, Access: 0x00000410
18:27:21 Blocked NtOpenProcess attempt to access our process (PID: 23412) with access rights: 0x00000410
18:27:21 Prevented OpenProcess access to our process from PID: 23412, Process: Unknown, Access: 0x00000410
18:32:23 Blocked NtOpenProcess attempt to access our process (PID: 23412) with access rights: 0x00000410
18:32:23 Prevented OpenProcess access to our process from PID: 23412, Process: Unknown, Access: 0x00000410
18:37:25 Blocked NtOpenProcess attempt to access our process (PID: 23412) with access rights: 0x00000410
18:37:25 Prevented OpenProcess access to our process from PID: 23412, Process: Unknown, Access: 0x00000410
18:42:27 Blocked NtOpenProcess attempt to access our process (PID: 23412) with access rights: 0x00000410
18:42:27 Prevented OpenProcess access to our process from PID: 23412, Process: Unknown, Access: 0x00000410
18:47:30 Blocked NtOpenProcess attempt to access our process (PID: 23412) with access rights: 0x00000410
18:47:30 Prevented OpenProcess access to our process from PID: 23412, Process: Unknown, Access: 0x00000410
18:52:32 Blocked NtOpenProcess attempt to access our process (PID: 23412) with access rights: 0x00000410
18:52:32 Prevented OpenProcess access to our process from PID: 23412, Process: Unknown, Access: 0x00000410
18:57:34 Blocked NtOpenProcess attempt to access our process (PID: 23412) with access rights: 0x00000410
18:57:34 Prevented OpenProcess access to our process from PID: 23412, Process: Unknown, Access: 0x00000410
20:27:21 [SplashScreen] SplashType: 2, TextSwitch: 1, DisplayText: Response time exceeded
20:27:24 Blocked NtOpenProcess attempt to access our process (PID: 23412) with access rights: 0x00000410
20:27:24 Prevented OpenProcess access to our process from PID: 23412, Process: Unknown, Access: 0x00000410
