08:59:59 ----------------------------------------------------------------------------------------------------
08:59:59 [CheckSystemInformation] ClientVersion: UNI, SystemVersion: 6.2.9200, MemoryUsage: 29812/65454mb
08:59:59 All anti-cheat hooks initialized successfully.
08:59:59 [SplashScreen] SplashType: 0, TextSwitch: 1, DisplayText: Licensed to: MUNIV
09:00:00 [CHClientInfoSend] IsReconnect: 0, ClientFileCRC: A30FD826, HackVersion: UNI, HardwareId: a72615a3d6c5ef84b7a99b81718938e7
09:00:00 [HCClientInfoRecv] Result: 0, EncDecKey: 0 - 0, InternalVersion: 0, Reconnect: 1, MemoryGuard: 0 - 2, MacroProtect: 0 - 6, MemoryAddress: 0 - 0 - 0 - 0 - 0 - 0 - 0 - 0
09:00:00 [HCDumpListRecv] Count: 0, MaxCount: 0
09:00:00 [HCChecksumListRecv] Count: 0, MaxCount: 0
09:00:00 [HCInternalListRecv] Count: 0, MaxCount: 0
09:00:00 [HCWindowListRecv] Count: 0, MaxCount: 0
09:00:01 [EntryProc] DumpListMaxCount: 0, ChecksumListMaxCount: 0, InternalListMaxCount: 0, WindowListMaxCount: 0
09:00:01 Blocked NtOpenProcess attempt to access our process (PID: 24780) with access rights: 0x00000410
09:00:01 Prevented OpenProcess access to our process from PID: 24780, Process: Unknown, Access: 0x00000410
09:00:03 [EntryProc] Initialization successful
09:00:03 Blocked NtOpenProcess attempt to access our process (PID: 24780) with access rights: 0x00000410
09:00:03 Prevented OpenProcess access to our process from PID: 24780, Process: Unknown, Access: 0x00000410
09:00:03 Blocked NtOpenProcess attempt to access our process (PID: 24780) with access rights: 0x00000410
09:00:03 Prevented OpenProcess access to our process from PID: 24780, Process: Unknown, Access: 0x00000410
09:00:03 Blocked NtOpenProcess attempt to access our process (PID: 24780) with access rights: 0x00000410
09:00:03 Prevented OpenProcess access to our process from PID: 24780, Process: Unknown, Access: 0x00000410
09:00:03 Blocked NtOpenProcess attempt to access our process (PID: 24780) with access rights: 0x00000410
09:00:03 Prevented OpenProcess access to our process from PID: 24780, Process: Unknown, Access: 0x00000410
16:35:19 ----------------------------------------------------------------------------------------------------
16:35:19 [CheckSystemInformation] ClientVersion: UNI, SystemVersion: 6.2.9200, MemoryUsage: 32891/65454mb
16:35:19 All anti-cheat hooks initialized successfully.
16:35:19 [SplashScreen] SplashType: 0, TextSwitch: 1, DisplayText: Licensed to: MUNIV
16:35:19 [CHClientInfoSend] IsReconnect: 0, ClientFileCRC: A30FD826, HackVersion: UNI, HardwareId: a72615a3d6c5ef84b7a99b81718938e7
16:35:19 [HCClientInfoRecv] Result: 0, EncDecKey: 0 - 0, InternalVersion: 0, Reconnect: 1, MemoryGuard: 0 - 2, MacroProtect: 0 - 6, MemoryAddress: 0 - 0 - 0 - 0 - 0 - 0 - 0 - 0
16:35:19 [HCDumpListRecv] Count: 0, MaxCount: 0
16:35:19 [HCChecksumListRecv] Count: 0, MaxCount: 0
16:35:19 [HCInternalListRecv] Count: 0, MaxCount: 0
16:35:19 [HCWindowListRecv] Count: 0, MaxCount: 0
16:35:19 [EntryProc] DumpListMaxCount: 0, ChecksumListMaxCount: 0, InternalListMaxCount: 0, WindowListMaxCount: 0
16:35:19 Blocked NtOpenProcess attempt to access our process (PID: 34056) with access rights: 0x00000410
16:35:19 Prevented OpenProcess access to our process from PID: 34056, Process: Unknown, Access: 0x00000410
16:35:21 [EntryProc] Initialization successful
16:35:21 Blocked NtOpenProcess attempt to access our process (PID: 34056) with access rights: 0x00000410
16:35:21 Prevented OpenProcess access to our process from PID: 34056, Process: Unknown, Access: 0x00000410
16:35:21 Blocked NtOpenProcess attempt to access our process (PID: 34056) with access rights: 0x00000410
16:35:21 Prevented OpenProcess access to our process from PID: 34056, Process: Unknown, Access: 0x00000410
16:35:21 Blocked NtOpenProcess attempt to access our process (PID: 34056) with access rights: 0x00000410
16:35:21 Prevented OpenProcess access to our process from PID: 34056, Process: Unknown, Access: 0x00000410
16:35:21 Blocked NtOpenProcess attempt to access our process (PID: 34056) with access rights: 0x00000410
16:35:21 Prevented OpenProcess access to our process from PID: 34056, Process: Unknown, Access: 0x00000410
16:40:21 Blocked NtOpenProcess attempt to access our process (PID: 34056) with access rights: 0x00000410
16:40:21 Prevented OpenProcess access to our process from PID: 34056, Process: Unknown, Access: 0x00000410
16:45:23 Blocked NtOpenProcess attempt to access our process (PID: 34056) with access rights: 0x00000410
16:45:23 Prevented OpenProcess access to our process from PID: 34056, Process: Unknown, Access: 0x00000410
16:50:27 Blocked NtOpenProcess attempt to access our process (PID: 34056) with access rights: 0x00000410
16:50:27 Prevented OpenProcess access to our process from PID: 34056, Process: Unknown, Access: 0x00000410
16:55:29 Blocked NtOpenProcess attempt to access our process (PID: 34056) with access rights: 0x00000410
16:55:29 Prevented OpenProcess access to our process from PID: 34056, Process: Unknown, Access: 0x00000410
17:00:30 Blocked NtOpenProcess attempt to access our process (PID: 34056) with access rights: 0x00000410
17:00:30 Prevented OpenProcess access to our process from PID: 34056, Process: Unknown, Access: 0x00000410
17:05:32 Blocked NtOpenProcess attempt to access our process (PID: 34056) with access rights: 0x00000410
17:05:32 Prevented OpenProcess access to our process from PID: 34056, Process: Unknown, Access: 0x00000410
17:10:34 Blocked NtOpenProcess attempt to access our process (PID: 34056) with access rights: 0x00000410
17:10:34 Prevented OpenProcess access to our process from PID: 34056, Process: Unknown, Access: 0x00000410
17:15:36 Blocked NtOpenProcess attempt to access our process (PID: 34056) with access rights: 0x00000410
17:15:36 Prevented OpenProcess access to our process from PID: 34056, Process: Unknown, Access: 0x00000410
17:20:38 Blocked NtOpenProcess attempt to access our process (PID: 34056) with access rights: 0x00000410
17:20:38 Prevented OpenProcess access to our process from PID: 34056, Process: Unknown, Access: 0x00000410
17:25:39 Blocked NtOpenProcess attempt to access our process (PID: 34056) with access rights: 0x00000410
17:25:39 Prevented OpenProcess access to our process from PID: 34056, Process: Unknown, Access: 0x00000410
17:30:41 Blocked NtOpenProcess attempt to access our process (PID: 34056) with access rights: 0x00000410
17:30:41 Prevented OpenProcess access to our process from PID: 34056, Process: Unknown, Access: 0x00000410
17:35:43 Blocked NtOpenProcess attempt to access our process (PID: 34056) with access rights: 0x00000410
17:35:43 Prevented OpenProcess access to our process from PID: 34056, Process: Unknown, Access: 0x00000410
17:40:46 Blocked NtOpenProcess attempt to access our process (PID: 34056) with access rights: 0x00000410
17:40:46 Prevented OpenProcess access to our process from PID: 34056, Process: Unknown, Access: 0x00000410
17:45:48 Blocked NtOpenProcess attempt to access our process (PID: 34056) with access rights: 0x00000410
17:45:48 Prevented OpenProcess access to our process from PID: 34056, Process: Unknown, Access: 0x00000410
17:50:50 Blocked NtOpenProcess attempt to access our process (PID: 34056) with access rights: 0x00000410
17:50:50 Prevented OpenProcess access to our process from PID: 34056, Process: Unknown, Access: 0x00000410
17:55:52 Blocked NtOpenProcess attempt to access our process (PID: 34056) with access rights: 0x00000410
17:55:52 Prevented OpenProcess access to our process from PID: 34056, Process: Unknown, Access: 0x00000410
18:00:54 Blocked NtOpenProcess attempt to access our process (PID: 34056) with access rights: 0x00000410
18:00:54 Prevented OpenProcess access to our process from PID: 34056, Process: Unknown, Access: 0x00000410
18:05:56 Blocked NtOpenProcess attempt to access our process (PID: 34056) with access rights: 0x00000410
18:05:56 Prevented OpenProcess access to our process from PID: 34056, Process: Unknown, Access: 0x00000410
18:10:58 Blocked NtOpenProcess attempt to access our process (PID: 34056) with access rights: 0x00000410
18:10:58 Prevented OpenProcess access to our process from PID: 34056, Process: Unknown, Access: 0x00000410
18:16:00 Blocked NtOpenProcess attempt to access our process (PID: 34056) with access rights: 0x00000410
18:16:00 Prevented OpenProcess access to our process from PID: 34056, Process: Unknown, Access: 0x00000410
18:21:02 Blocked NtOpenProcess attempt to access our process (PID: 34056) with access rights: 0x00000410
18:21:02 Prevented OpenProcess access to our process from PID: 34056, Process: Unknown, Access: 0x00000410
18:26:03 Blocked NtOpenProcess attempt to access our process (PID: 34056) with access rights: 0x00000410
18:26:03 Prevented OpenProcess access to our process from PID: 34056, Process: Unknown, Access: 0x00000410
18:31:05 Blocked NtOpenProcess attempt to access our process (PID: 34056) with access rights: 0x00000410
18:31:05 Prevented OpenProcess access to our process from PID: 34056, Process: Unknown, Access: 0x00000410
18:36:07 Blocked NtOpenProcess attempt to access our process (PID: 34056) with access rights: 0x00000410
18:36:07 Prevented OpenProcess access to our process from PID: 34056, Process: Unknown, Access: 0x00000410
18:41:09 Blocked NtOpenProcess attempt to access our process (PID: 34056) with access rights: 0x00000410
18:41:09 Prevented OpenProcess access to our process from PID: 34056, Process: Unknown, Access: 0x00000410
18:46:10 Blocked NtOpenProcess attempt to access our process (PID: 34056) with access rights: 0x00000410
18:46:10 Prevented OpenProcess access to our process from PID: 34056, Process: Unknown, Access: 0x00000410
18:51:12 Blocked NtOpenProcess attempt to access our process (PID: 34056) with access rights: 0x00000410
18:51:12 Prevented OpenProcess access to our process from PID: 34056, Process: Unknown, Access: 0x00000410
18:56:14 Blocked NtOpenProcess attempt to access our process (PID: 34056) with access rights: 0x00000410
18:56:14 Prevented OpenProcess access to our process from PID: 34056, Process: Unknown, Access: 0x00000410
19:01:16 Blocked NtOpenProcess attempt to access our process (PID: 34056) with access rights: 0x00000410
19:01:16 Prevented OpenProcess access to our process from PID: 34056, Process: Unknown, Access: 0x00000410
19:06:18 Blocked NtOpenProcess attempt to access our process (PID: 34056) with access rights: 0x00000410
19:06:18 Prevented OpenProcess access to our process from PID: 34056, Process: Unknown, Access: 0x00000410
19:11:20 Blocked NtOpenProcess attempt to access our process (PID: 34056) with access rights: 0x00000410
19:11:20 Prevented OpenProcess access to our process from PID: 34056, Process: Unknown, Access: 0x00000410
19:16:21 Blocked NtOpenProcess attempt to access our process (PID: 34056) with access rights: 0x00000410
19:16:21 Prevented OpenProcess access to our process from PID: 34056, Process: Unknown, Access: 0x00000410
19:21:23 Blocked NtOpenProcess attempt to access our process (PID: 34056) with access rights: 0x00000410
19:21:23 Prevented OpenProcess access to our process from PID: 34056, Process: Unknown, Access: 0x00000410
19:26:25 Blocked NtOpenProcess attempt to access our process (PID: 34056) with access rights: 0x00000410
19:26:25 Prevented OpenProcess access to our process from PID: 34056, Process: Unknown, Access: 0x00000410
19:31:27 Blocked NtOpenProcess attempt to access our process (PID: 34056) with access rights: 0x00000410
19:31:27 Prevented OpenProcess access to our process from PID: 34056, Process: Unknown, Access: 0x00000410
19:36:29 Blocked NtOpenProcess attempt to access our process (PID: 34056) with access rights: 0x00000410
19:36:29 Prevented OpenProcess access to our process from PID: 34056, Process: Unknown, Access: 0x00000410
19:41:30 Blocked NtOpenProcess attempt to access our process (PID: 34056) with access rights: 0x00000410
19:41:30 Prevented OpenProcess access to our process from PID: 34056, Process: Unknown, Access: 0x00000410
19:46:32 Blocked NtOpenProcess attempt to access our process (PID: 34056) with access rights: 0x00000410
19:46:32 Prevented OpenProcess access to our process from PID: 34056, Process: Unknown, Access: 0x00000410
19:51:34 Blocked NtOpenProcess attempt to access our process (PID: 34056) with access rights: 0x00000410
19:51:34 Prevented OpenProcess access to our process from PID: 34056, Process: Unknown, Access: 0x00000410
19:56:36 Blocked NtOpenProcess attempt to access our process (PID: 34056) with access rights: 0x00000410
19:56:36 Prevented OpenProcess access to our process from PID: 34056, Process: Unknown, Access: 0x00000410
20:01:37 Blocked NtOpenProcess attempt to access our process (PID: 34056) with access rights: 0x00000410
20:01:37 Prevented OpenProcess access to our process from PID: 34056, Process: Unknown, Access: 0x00000410
20:06:39 Blocked NtOpenProcess attempt to access our process (PID: 34056) with access rights: 0x00000410
20:06:39 Prevented OpenProcess access to our process from PID: 34056, Process: Unknown, Access: 0x00000410
20:11:41 Blocked NtOpenProcess attempt to access our process (PID: 34056) with access rights: 0x00000410
20:11:41 Prevented OpenProcess access to our process from PID: 34056, Process: Unknown, Access: 0x00000410
20:16:43 Blocked NtOpenProcess attempt to access our process (PID: 34056) with access rights: 0x00000410
20:16:43 Prevented OpenProcess access to our process from PID: 34056, Process: Unknown, Access: 0x00000410
20:21:44 Blocked NtOpenProcess attempt to access our process (PID: 34056) with access rights: 0x00000410
20:21:44 Prevented OpenProcess access to our process from PID: 34056, Process: Unknown, Access: 0x00000410
20:26:46 Blocked NtOpenProcess attempt to access our process (PID: 34056) with access rights: 0x00000410
20:26:46 Prevented OpenProcess access to our process from PID: 34056, Process: Unknown, Access: 0x00000410
20:31:49 Blocked NtOpenProcess attempt to access our process (PID: 34056) with access rights: 0x00000410
20:31:49 Prevented OpenProcess access to our process from PID: 34056, Process: Unknown, Access: 0x00000410
21:34:37 ----------------------------------------------------------------------------------------------------
21:34:37 [CheckSystemInformation] ClientVersion: UNI, SystemVersion: 6.2.9200, MemoryUsage: 27618/65454mb
21:34:37 All anti-cheat hooks initialized successfully.
21:34:37 [SplashScreen] SplashType: 0, TextSwitch: 1, DisplayText: Licensed to: MUNIV
21:34:37 [CHClientInfoSend] IsReconnect: 0, ClientFileCRC: A30FD826, HackVersion: UNI, HardwareId: a72615a3d6c5ef84b7a99b81718938e7
21:34:37 [HCClientInfoRecv] Result: 0, EncDecKey: 0 - 0, InternalVersion: 0, Reconnect: 1, MemoryGuard: 0 - 2, MacroProtect: 0 - 6, MemoryAddress: 0 - 0 - 0 - 0 - 0 - 0 - 0 - 0
21:34:37 [HCDumpListRecv] Count: 0, MaxCount: 0
21:34:37 [HCChecksumListRecv] Count: 0, MaxCount: 0
21:34:37 [HCInternalListRecv] Count: 0, MaxCount: 0
21:34:37 [HCWindowListRecv] Count: 0, MaxCount: 0
21:34:37 [EntryProc] DumpListMaxCount: 0, ChecksumListMaxCount: 0, InternalListMaxCount: 0, WindowListMaxCount: 0
21:34:37 Blocked NtOpenProcess attempt to access our process (PID: 12816) with access rights: 0x00000410
21:34:37 Prevented OpenProcess access to our process from PID: 12816, Process: Unknown, Access: 0x00000410
21:34:39 [EntryProc] Initialization successful
21:34:39 Blocked NtOpenProcess attempt to access our process (PID: 12816) with access rights: 0x00000410
21:34:39 Prevented OpenProcess access to our process from PID: 12816, Process: Unknown, Access: 0x00000410
21:34:39 Blocked NtOpenProcess attempt to access our process (PID: 12816) with access rights: 0x00000410
21:34:39 Prevented OpenProcess access to our process from PID: 12816, Process: Unknown, Access: 0x00000410
21:34:39 Blocked NtOpenProcess attempt to access our process (PID: 12816) with access rights: 0x00000410
21:34:39 Prevented OpenProcess access to our process from PID: 12816, Process: Unknown, Access: 0x00000410
21:34:39 Blocked NtOpenProcess attempt to access our process (PID: 12816) with access rights: 0x00000410
21:34:39 Prevented OpenProcess access to our process from PID: 12816, Process: Unknown, Access: 0x00000410
21:39:39 Blocked NtOpenProcess attempt to access our process (PID: 12816) with access rights: 0x00000410
21:39:39 Prevented OpenProcess access to our process from PID: 12816, Process: Unknown, Access: 0x00000410
21:44:01 ----------------------------------------------------------------------------------------------------
21:44:01 [CheckSystemInformation] ClientVersion: UNI, SystemVersion: 6.2.9200, MemoryUsage: 28228/65454mb
21:44:01 All anti-cheat hooks initialized successfully.
21:44:01 [SplashScreen] SplashType: 0, TextSwitch: 1, DisplayText: Licensed to: MUNIV
21:44:01 [CHClientInfoSend] IsReconnect: 0, ClientFileCRC: A30FD826, HackVersion: UNI, HardwareId: a72615a3d6c5ef84b7a99b81718938e7
21:44:01 [HCClientInfoRecv] Result: 0, EncDecKey: 0 - 0, InternalVersion: 0, Reconnect: 1, MemoryGuard: 0 - 2, MacroProtect: 0 - 6, MemoryAddress: 0 - 0 - 0 - 0 - 0 - 0 - 0 - 0
21:44:02 [HCDumpListRecv] Count: 0, MaxCount: 0
21:44:02 [HCChecksumListRecv] Count: 0, MaxCount: 0
21:44:02 [HCInternalListRecv] Count: 0, MaxCount: 0
21:44:02 [HCWindowListRecv] Count: 0, MaxCount: 0
21:44:02 [EntryProc] DumpListMaxCount: 0, ChecksumListMaxCount: 0, InternalListMaxCount: 0, WindowListMaxCount: 0
21:44:02 Blocked NtOpenProcess attempt to access our process (PID: 6428) with access rights: 0x00000410
21:44:02 Prevented OpenProcess access to our process from PID: 6428, Process: Unknown, Access: 0x00000410
21:44:04 [EntryProc] Initialization successful
21:44:04 Blocked NtOpenProcess attempt to access our process (PID: 6428) with access rights: 0x00000410
21:44:04 Prevented OpenProcess access to our process from PID: 6428, Process: Unknown, Access: 0x00000410
21:44:04 Blocked NtOpenProcess attempt to access our process (PID: 6428) with access rights: 0x00000410
21:44:04 Prevented OpenProcess access to our process from PID: 6428, Process: Unknown, Access: 0x00000410
21:44:04 Blocked NtOpenProcess attempt to access our process (PID: 6428) with access rights: 0x00000410
21:44:04 Prevented OpenProcess access to our process from PID: 6428, Process: Unknown, Access: 0x00000410
21:44:04 Blocked NtOpenProcess attempt to access our process (PID: 6428) with access rights: 0x00000410
21:44:04 Prevented OpenProcess access to our process from PID: 6428, Process: Unknown, Access: 0x00000410
21:45:07 ----------------------------------------------------------------------------------------------------
21:45:07 [CheckSystemInformation] ClientVersion: UNI, SystemVersion: 6.2.9200, MemoryUsage: 28435/65454mb
21:45:07 All anti-cheat hooks initialized successfully.
21:45:07 [SplashScreen] SplashType: 0, TextSwitch: 1, DisplayText: Licensed to: MUNIV
21:45:08 [CHClientInfoSend] IsReconnect: 0, ClientFileCRC: A30FD826, HackVersion: UNI, HardwareId: a72615a3d6c5ef84b7a99b81718938e7
21:45:08 [HCClientInfoRecv] Result: 0, EncDecKey: 0 - 0, InternalVersion: 0, Reconnect: 1, MemoryGuard: 0 - 2, MacroProtect: 0 - 6, MemoryAddress: 0 - 0 - 0 - 0 - 0 - 0 - 0 - 0
21:45:08 [HCDumpListRecv] Count: 0, MaxCount: 0
21:45:08 [HCChecksumListRecv] Count: 0, MaxCount: 0
21:45:08 [HCInternalListRecv] Count: 0, MaxCount: 0
21:45:08 [HCWindowListRecv] Count: 0, MaxCount: 0
21:45:09 [EntryProc] DumpListMaxCount: 0, ChecksumListMaxCount: 0, InternalListMaxCount: 0, WindowListMaxCount: 0
21:45:09 Blocked NtOpenProcess attempt to access our process (PID: 29804) with access rights: 0x00000410
21:45:09 Prevented OpenProcess access to our process from PID: 29804, Process: Unknown, Access: 0x00000410
21:45:11 [EntryProc] Initialization successful
21:45:11 Blocked NtOpenProcess attempt to access our process (PID: 29804) with access rights: 0x00000410
21:45:11 Prevented OpenProcess access to our process from PID: 29804, Process: Unknown, Access: 0x00000410
21:45:11 Blocked NtOpenProcess attempt to access our process (PID: 29804) with access rights: 0x00000410
21:45:11 Prevented OpenProcess access to our process from PID: 29804, Process: Unknown, Access: 0x00000410
21:45:11 Blocked NtOpenProcess attempt to access our process (PID: 29804) with access rights: 0x00000410
21:45:11 Prevented OpenProcess access to our process from PID: 29804, Process: Unknown, Access: 0x00000410
21:45:11 Blocked NtOpenProcess attempt to access our process (PID: 29804) with access rights: 0x00000410
21:45:11 Prevented OpenProcess access to our process from PID: 29804, Process: Unknown, Access: 0x00000410
21:45:36 ----------------------------------------------------------------------------------------------------
21:45:36 [CheckSystemInformation] ClientVersion: UNI, SystemVersion: 6.2.9200, MemoryUsage: 28644/65454mb
21:45:36 All anti-cheat hooks initialized successfully.
21:45:36 [SplashScreen] SplashType: 0, TextSwitch: 1, DisplayText: Licensed to: MUNIV
21:45:37 [CHClientInfoSend] IsReconnect: 0, ClientFileCRC: A30FD826, HackVersion: UNI, HardwareId: a72615a3d6c5ef84b7a99b81718938e7
21:45:37 [HCClientInfoRecv] Result: 0, EncDecKey: 0 - 0, InternalVersion: 0, Reconnect: 1, MemoryGuard: 0 - 2, MacroProtect: 0 - 6, MemoryAddress: 0 - 0 - 0 - 0 - 0 - 0 - 0 - 0
21:45:37 [HCDumpListRecv] Count: 0, MaxCount: 0
21:45:37 [HCChecksumListRecv] Count: 0, MaxCount: 0
21:45:37 [HCInternalListRecv] Count: 0, MaxCount: 0
21:45:37 [HCWindowListRecv] Count: 0, MaxCount: 0
21:45:37 [EntryProc] DumpListMaxCount: 0, ChecksumListMaxCount: 0, InternalListMaxCount: 0, WindowListMaxCount: 0
21:45:37 Blocked NtOpenProcess attempt to access our process (PID: 40764) with access rights: 0x00000410
21:45:37 Prevented OpenProcess access to our process from PID: 40764, Process: Unknown, Access: 0x00000410
21:45:39 [EntryProc] Initialization successful
21:45:39 Blocked NtOpenProcess attempt to access our process (PID: 40764) with access rights: 0x00000410
21:45:39 Prevented OpenProcess access to our process from PID: 40764, Process: Unknown, Access: 0x00000410
21:45:39 Blocked NtOpenProcess attempt to access our process (PID: 40764) with access rights: 0x00000410
21:45:39 Prevented OpenProcess access to our process from PID: 40764, Process: Unknown, Access: 0x00000410
21:45:39 Blocked NtOpenProcess attempt to access our process (PID: 40764) with access rights: 0x00000410
21:45:39 Prevented OpenProcess access to our process from PID: 40764, Process: Unknown, Access: 0x00000410
21:45:39 Blocked NtOpenProcess attempt to access our process (PID: 40764) with access rights: 0x00000410
21:45:39 Prevented OpenProcess access to our process from PID: 40764, Process: Unknown, Access: 0x00000410
21:46:48 ----------------------------------------------------------------------------------------------------
21:46:48 [CheckSystemInformation] ClientVersion: UNI, SystemVersion: 6.2.9200, MemoryUsage: 28516/65454mb
21:46:48 All anti-cheat hooks initialized successfully.
21:46:48 [SplashScreen] SplashType: 0, TextSwitch: 1, DisplayText: Licensed to: MUNIV
21:46:49 [CHClientInfoSend] IsReconnect: 0, ClientFileCRC: A30FD826, HackVersion: UNI, HardwareId: a72615a3d6c5ef84b7a99b81718938e7
21:46:49 [HCClientInfoRecv] Result: 0, EncDecKey: 0 - 0, InternalVersion: 0, Reconnect: 1, MemoryGuard: 0 - 2, MacroProtect: 0 - 6, MemoryAddress: 0 - 0 - 0 - 0 - 0 - 0 - 0 - 0
21:46:49 [HCDumpListRecv] Count: 0, MaxCount: 0
21:46:49 [HCChecksumListRecv] Count: 0, MaxCount: 0
21:46:49 [HCInternalListRecv] Count: 0, MaxCount: 0
21:46:49 [HCWindowListRecv] Count: 0, MaxCount: 0
21:46:50 [EntryProc] DumpListMaxCount: 0, ChecksumListMaxCount: 0, InternalListMaxCount: 0, WindowListMaxCount: 0
21:46:50 Blocked NtOpenProcess attempt to access our process (PID: 33960) with access rights: 0x00000410
21:46:50 Prevented OpenProcess access to our process from PID: 33960, Process: Unknown, Access: 0x00000410
21:46:52 [EntryProc] Initialization successful
21:46:52 Blocked NtOpenProcess attempt to access our process (PID: 33960) with access rights: 0x00000410
21:46:52 Prevented OpenProcess access to our process from PID: 33960, Process: Unknown, Access: 0x00000410
21:46:52 Blocked NtOpenProcess attempt to access our process (PID: 33960) with access rights: 0x00000410
21:46:52 Prevented OpenProcess access to our process from PID: 33960, Process: Unknown, Access: 0x00000410
21:46:52 Blocked NtOpenProcess attempt to access our process (PID: 33960) with access rights: 0x00000410
21:46:52 Prevented OpenProcess access to our process from PID: 33960, Process: Unknown, Access: 0x00000410
21:46:52 Blocked NtOpenProcess attempt to access our process (PID: 33960) with access rights: 0x00000410
21:46:52 Prevented OpenProcess access to our process from PID: 33960, Process: Unknown, Access: 0x00000410
21:49:33 ----------------------------------------------------------------------------------------------------
21:49:33 [CheckSystemInformation] ClientVersion: UNI, SystemVersion: 6.2.9200, MemoryUsage: 28766/65454mb
21:49:33 All anti-cheat hooks initialized successfully.
21:49:33 [SplashScreen] SplashType: 0, TextSwitch: 1, DisplayText: Licensed to: MUNIV
21:49:34 [CHClientInfoSend] IsReconnect: 0, ClientFileCRC: A30FD826, HackVersion: UNI, HardwareId: a72615a3d6c5ef84b7a99b81718938e7
21:49:34 [HCClientInfoRecv] Result: 0, EncDecKey: 0 - 0, InternalVersion: 0, Reconnect: 1, MemoryGuard: 0 - 2, MacroProtect: 0 - 6, MemoryAddress: 0 - 0 - 0 - 0 - 0 - 0 - 0 - 0
21:49:34 [HCDumpListRecv] Count: 0, MaxCount: 0
21:49:34 [HCChecksumListRecv] Count: 0, MaxCount: 0
21:49:34 [HCInternalListRecv] Count: 0, MaxCount: 0
21:49:34 [HCWindowListRecv] Count: 0, MaxCount: 0
21:49:34 [EntryProc] DumpListMaxCount: 0, ChecksumListMaxCount: 0, InternalListMaxCount: 0, WindowListMaxCount: 0
21:49:34 Blocked NtOpenProcess attempt to access our process (PID: 31888) with access rights: 0x00000410
21:49:34 Prevented OpenProcess access to our process from PID: 31888, Process: Unknown, Access: 0x00000410
21:49:36 [EntryProc] Initialization successful
21:49:36 Blocked NtOpenProcess attempt to access our process (PID: 31888) with access rights: 0x00000410
21:49:36 Prevented OpenProcess access to our process from PID: 31888, Process: Unknown, Access: 0x00000410
21:49:36 Blocked NtOpenProcess attempt to access our process (PID: 31888) with access rights: 0x00000410
21:49:36 Prevented OpenProcess access to our process from PID: 31888, Process: Unknown, Access: 0x00000410
21:49:36 Blocked NtOpenProcess attempt to access our process (PID: 31888) with access rights: 0x00000410
21:49:36 Prevented OpenProcess access to our process from PID: 31888, Process: Unknown, Access: 0x00000410
21:49:36 Blocked NtOpenProcess attempt to access our process (PID: 31888) with access rights: 0x00000410
21:49:36 Prevented OpenProcess access to our process from PID: 31888, Process: Unknown, Access: 0x00000410
21:50:42 ----------------------------------------------------------------------------------------------------
21:50:42 [CheckSystemInformation] ClientVersion: UNI, SystemVersion: 6.2.9200, MemoryUsage: 28664/65454mb
21:50:42 All anti-cheat hooks initialized successfully.
21:50:42 [SplashScreen] SplashType: 0, TextSwitch: 1, DisplayText: Licensed to: MUNIV
21:50:43 [CHClientInfoSend] IsReconnect: 0, ClientFileCRC: A30FD826, HackVersion: UNI, HardwareId: a72615a3d6c5ef84b7a99b81718938e7
21:50:43 [HCClientInfoRecv] Result: 0, EncDecKey: 0 - 0, InternalVersion: 0, Reconnect: 1, MemoryGuard: 0 - 2, MacroProtect: 0 - 6, MemoryAddress: 0 - 0 - 0 - 0 - 0 - 0 - 0 - 0
21:50:43 [HCDumpListRecv] Count: 0, MaxCount: 0
21:50:43 [HCChecksumListRecv] Count: 0, MaxCount: 0
21:50:43 [HCInternalListRecv] Count: 0, MaxCount: 0
21:50:43 [HCWindowListRecv] Count: 0, MaxCount: 0
21:50:43 [EntryProc] DumpListMaxCount: 0, ChecksumListMaxCount: 0, InternalListMaxCount: 0, WindowListMaxCount: 0
21:50:43 Blocked NtOpenProcess attempt to access our process (PID: 40688) with access rights: 0x00000410
21:50:43 Prevented OpenProcess access to our process from PID: 40688, Process: Unknown, Access: 0x00000410
21:50:45 [EntryProc] Initialization successful
21:50:45 Blocked NtOpenProcess attempt to access our process (PID: 40688) with access rights: 0x00000410
21:50:45 Prevented OpenProcess access to our process from PID: 40688, Process: Unknown, Access: 0x00000410
21:50:45 Blocked NtOpenProcess attempt to access our process (PID: 40688) with access rights: 0x00000410
21:50:45 Prevented OpenProcess access to our process from PID: 40688, Process: Unknown, Access: 0x00000410
21:50:45 Blocked NtOpenProcess attempt to access our process (PID: 40688) with access rights: 0x00000410
21:50:45 Prevented OpenProcess access to our process from PID: 40688, Process: Unknown, Access: 0x00000410
21:50:45 Blocked NtOpenProcess attempt to access our process (PID: 40688) with access rights: 0x00000410
21:50:45 Prevented OpenProcess access to our process from PID: 40688, Process: Unknown, Access: 0x00000410
21:51:11 ----------------------------------------------------------------------------------------------------
21:51:11 [CheckSystemInformation] ClientVersion: UNI, SystemVersion: 6.2.9200, MemoryUsage: 28665/65454mb
21:51:11 All anti-cheat hooks initialized successfully.
21:51:11 [SplashScreen] SplashType: 0, TextSwitch: 1, DisplayText: Licensed to: MUNIV
21:51:12 [CHClientInfoSend] IsReconnect: 0, ClientFileCRC: A30FD826, HackVersion: UNI, HardwareId: a72615a3d6c5ef84b7a99b81718938e7
21:51:12 [HCClientInfoRecv] Result: 0, EncDecKey: 0 - 0, InternalVersion: 0, Reconnect: 1, MemoryGuard: 0 - 2, MacroProtect: 0 - 6, MemoryAddress: 0 - 0 - 0 - 0 - 0 - 0 - 0 - 0
21:51:12 [HCDumpListRecv] Count: 0, MaxCount: 0
21:51:12 [HCChecksumListRecv] Count: 0, MaxCount: 0
21:51:12 [HCInternalListRecv] Count: 0, MaxCount: 0
21:51:12 [HCWindowListRecv] Count: 0, MaxCount: 0
21:51:12 [EntryProc] DumpListMaxCount: 0, ChecksumListMaxCount: 0, InternalListMaxCount: 0, WindowListMaxCount: 0
21:51:12 Blocked NtOpenProcess attempt to access our process (PID: 28444) with access rights: 0x00000410
21:51:12 Prevented OpenProcess access to our process from PID: 28444, Process: Unknown, Access: 0x00000410
21:51:14 [EntryProc] Initialization successful
21:51:14 Blocked NtOpenProcess attempt to access our process (PID: 28444) with access rights: 0x00000410
21:51:14 Prevented OpenProcess access to our process from PID: 28444, Process: Unknown, Access: 0x00000410
21:51:14 Blocked NtOpenProcess attempt to access our process (PID: 28444) with access rights: 0x00000410
21:51:14 Prevented OpenProcess access to our process from PID: 28444, Process: Unknown, Access: 0x00000410
21:51:14 Blocked NtOpenProcess attempt to access our process (PID: 28444) with access rights: 0x00000410
21:51:14 Prevented OpenProcess access to our process from PID: 28444, Process: Unknown, Access: 0x00000410
21:51:14 Blocked NtOpenProcess attempt to access our process (PID: 28444) with access rights: 0x00000410
21:51:14 Prevented OpenProcess access to our process from PID: 28444, Process: Unknown, Access: 0x00000410
21:56:14 Blocked NtOpenProcess attempt to access our process (PID: 28444) with access rights: 0x00000410
21:56:14 Prevented OpenProcess access to our process from PID: 28444, Process: Unknown, Access: 0x00000410
22:01:16 Blocked NtOpenProcess attempt to access our process (PID: 28444) with access rights: 0x00000410
22:01:16 Prevented OpenProcess access to our process from PID: 28444, Process: Unknown, Access: 0x00000410
22:06:18 Blocked NtOpenProcess attempt to access our process (PID: 28444) with access rights: 0x00000410
22:06:18 Prevented OpenProcess access to our process from PID: 28444, Process: Unknown, Access: 0x00000410
22:11:20 Blocked NtOpenProcess attempt to access our process (PID: 28444) with access rights: 0x00000410
22:11:20 Prevented OpenProcess access to our process from PID: 28444, Process: Unknown, Access: 0x00000410
22:16:22 Blocked NtOpenProcess attempt to access our process (PID: 28444) with access rights: 0x00000410
22:16:22 Prevented OpenProcess access to our process from PID: 28444, Process: Unknown, Access: 0x00000410
22:21:23 Blocked NtOpenProcess attempt to access our process (PID: 28444) with access rights: 0x00000410
22:21:23 Prevented OpenProcess access to our process from PID: 28444, Process: Unknown, Access: 0x00000410
22:26:25 Blocked NtOpenProcess attempt to access our process (PID: 28444) with access rights: 0x00000410
22:26:25 Prevented OpenProcess access to our process from PID: 28444, Process: Unknown, Access: 0x00000410
22:31:27 Blocked NtOpenProcess attempt to access our process (PID: 28444) with access rights: 0x00000410
22:31:27 Prevented OpenProcess access to our process from PID: 28444, Process: Unknown, Access: 0x00000410
22:36:29 Blocked NtOpenProcess attempt to access our process (PID: 28444) with access rights: 0x00000410
22:36:29 Prevented OpenProcess access to our process from PID: 28444, Process: Unknown, Access: 0x00000410
22:41:31 Blocked NtOpenProcess attempt to access our process (PID: 28444) with access rights: 0x00000410
22:41:31 Prevented OpenProcess access to our process from PID: 28444, Process: Unknown, Access: 0x00000410
22:46:33 Blocked NtOpenProcess attempt to access our process (PID: 28444) with access rights: 0x00000410
22:46:33 Prevented OpenProcess access to our process from PID: 28444, Process: Unknown, Access: 0x00000410
22:51:34 Blocked NtOpenProcess attempt to access our process (PID: 28444) with access rights: 0x00000410
22:51:34 Prevented OpenProcess access to our process from PID: 28444, Process: Unknown, Access: 0x00000410
22:56:36 Blocked NtOpenProcess attempt to access our process (PID: 28444) with access rights: 0x00000410
22:56:36 Prevented OpenProcess access to our process from PID: 28444, Process: Unknown, Access: 0x00000410
23:01:38 Blocked NtOpenProcess attempt to access our process (PID: 28444) with access rights: 0x00000410
23:01:38 Prevented OpenProcess access to our process from PID: 28444, Process: Unknown, Access: 0x00000410
23:06:40 Blocked NtOpenProcess attempt to access our process (PID: 28444) with access rights: 0x00000410
23:06:40 Prevented OpenProcess access to our process from PID: 28444, Process: Unknown, Access: 0x00000410
23:11:42 Blocked NtOpenProcess attempt to access our process (PID: 28444) with access rights: 0x00000410
23:11:42 Prevented OpenProcess access to our process from PID: 28444, Process: Unknown, Access: 0x00000410
23:16:43 Blocked NtOpenProcess attempt to access our process (PID: 28444) with access rights: 0x00000410
23:16:43 Prevented OpenProcess access to our process from PID: 28444, Process: Unknown, Access: 0x00000410
23:21:45 Blocked NtOpenProcess attempt to access our process (PID: 28444) with access rights: 0x00000410
23:21:45 Prevented OpenProcess access to our process from PID: 28444, Process: Unknown, Access: 0x00000410
23:26:47 Blocked NtOpenProcess attempt to access our process (PID: 28444) with access rights: 0x00000410
23:26:47 Prevented OpenProcess access to our process from PID: 28444, Process: Unknown, Access: 0x00000410
23:31:49 Blocked NtOpenProcess attempt to access our process (PID: 28444) with access rights: 0x00000410
23:31:49 Prevented OpenProcess access to our process from PID: 28444, Process: Unknown, Access: 0x00000410
23:36:51 Blocked NtOpenProcess attempt to access our process (PID: 28444) with access rights: 0x00000410
23:36:51 Prevented OpenProcess access to our process from PID: 28444, Process: Unknown, Access: 0x00000410
23:41:53 Blocked NtOpenProcess attempt to access our process (PID: 28444) with access rights: 0x00000410
23:41:53 Prevented OpenProcess access to our process from PID: 28444, Process: Unknown, Access: 0x00000410
23:46:55 Blocked NtOpenProcess attempt to access our process (PID: 28444) with access rights: 0x00000410
23:46:55 Prevented OpenProcess access to our process from PID: 28444, Process: Unknown, Access: 0x00000410
23:51:56 Blocked NtOpenProcess attempt to access our process (PID: 28444) with access rights: 0x00000410
23:51:56 Prevented OpenProcess access to our process from PID: 28444, Process: Unknown, Access: 0x00000410
23:56:58 Blocked NtOpenProcess attempt to access our process (PID: 28444) with access rights: 0x00000410
23:56:58 Prevented OpenProcess access to our process from PID: 28444, Process: Unknown, Access: 0x00000410
