00:02:52 ----------------------------------------------------------------------------------------------------
00:02:52 [CheckSystemInformation] ClientVersion: UNI, SystemVersion: 6.2.9200, MemoryUsage: 31412/65454mb
00:02:52 All anti-cheat hooks initialized successfully.
00:02:52 [SplashScreen] SplashType: 0, TextSwitch: 1, DisplayText: Licensed to: MUNIV
00:02:53 [CHClientInfoSend] IsReconnect: 0, ClientFileCRC: A30FD826, HackVersion: UNI, HardwareId: a72615a3d6c5ef84b7a99b81718938e7
00:02:53 [HCClientInfoRecv] Result: 0, EncDecKey: 0 - 0, InternalVersion: 0, Reconnect: 1, MemoryGuard: 0 - 2, MacroProtect: 0 - 6, MemoryAddress: 0 - 0 - 0 - 0 - 0 - 0 - 0 - 0
00:02:53 [HCDumpListRecv] Count: 0, MaxCount: 0
00:02:53 [HCChecksumListRecv] Count: 0, MaxCount: 0
00:02:53 [HCInternalListRecv] Count: 0, MaxCount: 0
00:02:53 [HCWindowListRecv] Count: 0, MaxCount: 0
00:02:54 [EntryProc] DumpListMaxCount: 0, ChecksumListMaxCount: 0, InternalListMaxCount: 0, WindowListMaxCount: 0
00:02:54 Blocked NtOpenProcess attempt to access our process (PID: 5064) with access rights: 0x00000410
00:02:54 Prevented OpenProcess access to our process from PID: 5064, Process: Unknown, Access: 0x00000410
00:02:56 [EntryProc] Initialization successful
00:02:56 Blocked NtOpenProcess attempt to access our process (PID: 5064) with access rights: 0x00000410
00:02:56 Prevented OpenProcess access to our process from PID: 5064, Process: Unknown, Access: 0x00000410
00:02:56 Blocked NtOpenProcess attempt to access our process (PID: 5064) with access rights: 0x00000410
00:02:56 Prevented OpenProcess access to our process from PID: 5064, Process: Unknown, Access: 0x00000410
00:02:56 Blocked NtOpenProcess attempt to access our process (PID: 5064) with access rights: 0x00000410
00:02:56 Prevented OpenProcess access to our process from PID: 5064, Process: Unknown, Access: 0x00000410
00:02:56 Blocked NtOpenProcess attempt to access our process (PID: 5064) with access rights: 0x00000410
00:02:56 Prevented OpenProcess access to our process from PID: 5064, Process: Unknown, Access: 0x00000410
00:06:22 ----------------------------------------------------------------------------------------------------
00:06:22 [CheckSystemInformation] ClientVersion: UNI, SystemVersion: 6.2.9200, MemoryUsage: 31107/65454mb
00:06:22 All anti-cheat hooks initialized successfully.
00:06:22 [SplashScreen] SplashType: 0, TextSwitch: 1, DisplayText: Licensed to: MUNIV
00:06:22 [CHClientInfoSend] IsReconnect: 0, ClientFileCRC: A30FD826, HackVersion: UNI, HardwareId: a72615a3d6c5ef84b7a99b81718938e7
00:06:22 [HCClientInfoRecv] Result: 0, EncDecKey: 0 - 0, InternalVersion: 0, Reconnect: 1, MemoryGuard: 0 - 2, MacroProtect: 0 - 6, MemoryAddress: 0 - 0 - 0 - 0 - 0 - 0 - 0 - 0
00:06:22 [HCDumpListRecv] Count: 0, MaxCount: 0
00:06:22 [HCChecksumListRecv] Count: 0, MaxCount: 0
00:06:22 [HCInternalListRecv] Count: 0, MaxCount: 0
00:06:22 [HCWindowListRecv] Count: 0, MaxCount: 0
00:06:23 [EntryProc] DumpListMaxCount: 0, ChecksumListMaxCount: 0, InternalListMaxCount: 0, WindowListMaxCount: 0
00:06:23 Blocked NtOpenProcess attempt to access our process (PID: 46576) with access rights: 0x00000410
00:06:23 Prevented OpenProcess access to our process from PID: 46576, Process: Unknown, Access: 0x00000410
00:06:25 [EntryProc] Initialization successful
00:06:25 Blocked NtOpenProcess attempt to access our process (PID: 46576) with access rights: 0x00000410
00:06:25 Prevented OpenProcess access to our process from PID: 46576, Process: Unknown, Access: 0x00000410
00:06:25 Blocked NtOpenProcess attempt to access our process (PID: 46576) with access rights: 0x00000410
00:06:25 Prevented OpenProcess access to our process from PID: 46576, Process: Unknown, Access: 0x00000410
00:06:25 Blocked NtOpenProcess attempt to access our process (PID: 46576) with access rights: 0x00000410
00:06:25 Prevented OpenProcess access to our process from PID: 46576, Process: Unknown, Access: 0x00000410
00:06:25 Blocked NtOpenProcess attempt to access our process (PID: 46576) with access rights: 0x00000410
00:06:25 Prevented OpenProcess access to our process from PID: 46576, Process: Unknown, Access: 0x00000410
00:11:25 Blocked NtOpenProcess attempt to access our process (PID: 46576) with access rights: 0x00000410
00:11:25 Prevented OpenProcess access to our process from PID: 46576, Process: Unknown, Access: 0x00000410
00:16:27 Blocked NtOpenProcess attempt to access our process (PID: 46576) with access rights: 0x00000410
00:16:27 Prevented OpenProcess access to our process from PID: 46576, Process: Unknown, Access: 0x00000410
00:18:29 ----------------------------------------------------------------------------------------------------
00:18:29 [CheckSystemInformation] ClientVersion: UNI, SystemVersion: 6.2.9200, MemoryUsage: 31327/65454mb
00:18:29 All anti-cheat hooks initialized successfully.
00:18:29 [SplashScreen] SplashType: 0, TextSwitch: 1, DisplayText: Licensed to: MUNIV
00:18:30 [CHClientInfoSend] IsReconnect: 0, ClientFileCRC: A30FD826, HackVersion: UNI, HardwareId: a72615a3d6c5ef84b7a99b81718938e7
00:18:30 [HCClientInfoRecv] Result: 0, EncDecKey: 0 - 0, InternalVersion: 0, Reconnect: 1, MemoryGuard: 0 - 2, MacroProtect: 0 - 6, MemoryAddress: 0 - 0 - 0 - 0 - 0 - 0 - 0 - 0
00:18:30 [HCDumpListRecv] Count: 0, MaxCount: 0
00:18:30 [HCChecksumListRecv] Count: 0, MaxCount: 0
00:18:30 [HCInternalListRecv] Count: 0, MaxCount: 0
00:18:30 [HCWindowListRecv] Count: 0, MaxCount: 0
00:18:30 [EntryProc] DumpListMaxCount: 0, ChecksumListMaxCount: 0, InternalListMaxCount: 0, WindowListMaxCount: 0
00:18:30 Blocked NtOpenProcess attempt to access our process (PID: 45572) with access rights: 0x00000410
00:18:30 Prevented OpenProcess access to our process from PID: 45572, Process: Unknown, Access: 0x00000410
00:18:32 [EntryProc] Initialization successful
00:18:32 Blocked NtOpenProcess attempt to access our process (PID: 45572) with access rights: 0x00000410
00:18:32 Prevented OpenProcess access to our process from PID: 45572, Process: Unknown, Access: 0x00000410
00:18:32 Blocked NtOpenProcess attempt to access our process (PID: 45572) with access rights: 0x00000410
00:18:32 Prevented OpenProcess access to our process from PID: 45572, Process: Unknown, Access: 0x00000410
00:18:32 Blocked NtOpenProcess attempt to access our process (PID: 45572) with access rights: 0x00000410
00:18:32 Prevented OpenProcess access to our process from PID: 45572, Process: Unknown, Access: 0x00000410
00:18:32 Blocked NtOpenProcess attempt to access our process (PID: 45572) with access rights: 0x00000410
00:18:32 Prevented OpenProcess access to our process from PID: 45572, Process: Unknown, Access: 0x00000410
00:21:13 ----------------------------------------------------------------------------------------------------
00:21:13 [CheckSystemInformation] ClientVersion: UNI, SystemVersion: 6.2.9200, MemoryUsage: 31960/65454mb
00:21:13 All anti-cheat hooks initialized successfully.
00:21:13 [SplashScreen] SplashType: 0, TextSwitch: 1, DisplayText: Licensed to: MUNIV
00:21:14 [CHClientInfoSend] IsReconnect: 0, ClientFileCRC: A30FD826, HackVersion: UNI, HardwareId: a72615a3d6c5ef84b7a99b81718938e7
00:21:14 [HCClientInfoRecv] Result: 0, EncDecKey: 0 - 0, InternalVersion: 0, Reconnect: 1, MemoryGuard: 0 - 2, MacroProtect: 0 - 6, MemoryAddress: 0 - 0 - 0 - 0 - 0 - 0 - 0 - 0
00:21:14 [HCDumpListRecv] Count: 0, MaxCount: 0
00:21:14 [HCChecksumListRecv] Count: 0, MaxCount: 0
00:21:14 [HCInternalListRecv] Count: 0, MaxCount: 0
00:21:14 [HCWindowListRecv] Count: 0, MaxCount: 0
00:21:15 [EntryProc] DumpListMaxCount: 0, ChecksumListMaxCount: 0, InternalListMaxCount: 0, WindowListMaxCount: 0
00:21:15 Blocked NtOpenProcess attempt to access our process (PID: 36540) with access rights: 0x00000410
00:21:15 Prevented OpenProcess access to our process from PID: 36540, Process: Unknown, Access: 0x00000410
00:21:17 [EntryProc] Initialization successful
00:21:17 Blocked NtOpenProcess attempt to access our process (PID: 36540) with access rights: 0x00000410
00:21:17 Prevented OpenProcess access to our process from PID: 36540, Process: Unknown, Access: 0x00000410
00:21:17 Blocked NtOpenProcess attempt to access our process (PID: 36540) with access rights: 0x00000410
00:21:17 Prevented OpenProcess access to our process from PID: 36540, Process: Unknown, Access: 0x00000410
00:21:17 Blocked NtOpenProcess attempt to access our process (PID: 36540) with access rights: 0x00000410
00:21:17 Prevented OpenProcess access to our process from PID: 36540, Process: Unknown, Access: 0x00000410
00:21:17 Blocked NtOpenProcess attempt to access our process (PID: 36540) with access rights: 0x00000410
00:21:17 Prevented OpenProcess access to our process from PID: 36540, Process: Unknown, Access: 0x00000410
00:26:17 Blocked NtOpenProcess attempt to access our process (PID: 36540) with access rights: 0x00000410
00:26:17 Prevented OpenProcess access to our process from PID: 36540, Process: Unknown, Access: 0x00000410
00:31:19 Blocked NtOpenProcess attempt to access our process (PID: 36540) with access rights: 0x00000410
00:31:19 Prevented OpenProcess access to our process from PID: 36540, Process: Unknown, Access: 0x00000410
00:33:16 ----------------------------------------------------------------------------------------------------
00:33:16 [CheckSystemInformation] ClientVersion: UNI, SystemVersion: 6.2.9200, MemoryUsage: 31554/65454mb
00:33:16 All anti-cheat hooks initialized successfully.
00:33:16 [SplashScreen] SplashType: 0, TextSwitch: 1, DisplayText: Licensed to: MUNIV
00:33:17 [CHClientInfoSend] IsReconnect: 0, ClientFileCRC: A30FD826, HackVersion: UNI, HardwareId: a72615a3d6c5ef84b7a99b81718938e7
00:33:17 [HCClientInfoRecv] Result: 0, EncDecKey: 0 - 0, InternalVersion: 0, Reconnect: 1, MemoryGuard: 0 - 2, MacroProtect: 0 - 6, MemoryAddress: 0 - 0 - 0 - 0 - 0 - 0 - 0 - 0
00:33:17 [HCDumpListRecv] Count: 0, MaxCount: 0
00:33:17 [HCChecksumListRecv] Count: 0, MaxCount: 0
00:33:17 [HCInternalListRecv] Count: 0, MaxCount: 0
00:33:17 [HCWindowListRecv] Count: 0, MaxCount: 0
00:33:17 [EntryProc] DumpListMaxCount: 0, ChecksumListMaxCount: 0, InternalListMaxCount: 0, WindowListMaxCount: 0
00:33:17 Blocked NtOpenProcess attempt to access our process (PID: 12360) with access rights: 0x00000410
00:33:17 Prevented OpenProcess access to our process from PID: 12360, Process: Unknown, Access: 0x00000410
00:33:19 [EntryProc] Initialization successful
00:33:19 Blocked NtOpenProcess attempt to access our process (PID: 12360) with access rights: 0x00000410
00:33:19 Prevented OpenProcess access to our process from PID: 12360, Process: Unknown, Access: 0x00000410
00:33:19 Blocked NtOpenProcess attempt to access our process (PID: 12360) with access rights: 0x00000410
00:33:19 Prevented OpenProcess access to our process from PID: 12360, Process: Unknown, Access: 0x00000410
00:33:19 Blocked NtOpenProcess attempt to access our process (PID: 12360) with access rights: 0x00000410
00:33:19 Prevented OpenProcess access to our process from PID: 12360, Process: Unknown, Access: 0x00000410
00:33:19 Blocked NtOpenProcess attempt to access our process (PID: 12360) with access rights: 0x00000410
00:33:19 Prevented OpenProcess access to our process from PID: 12360, Process: Unknown, Access: 0x00000410
00:35:50 ----------------------------------------------------------------------------------------------------
00:35:50 [CheckSystemInformation] ClientVersion: UNI, SystemVersion: 6.2.9200, MemoryUsage: 31231/65454mb
00:35:50 All anti-cheat hooks initialized successfully.
00:35:50 [SplashScreen] SplashType: 0, TextSwitch: 1, DisplayText: Licensed to: MUNIV
00:35:51 [CHClientInfoSend] IsReconnect: 0, ClientFileCRC: A30FD826, HackVersion: UNI, HardwareId: a72615a3d6c5ef84b7a99b81718938e7
00:35:51 [HCClientInfoRecv] Result: 0, EncDecKey: 0 - 0, InternalVersion: 0, Reconnect: 1, MemoryGuard: 0 - 2, MacroProtect: 0 - 6, MemoryAddress: 0 - 0 - 0 - 0 - 0 - 0 - 0 - 0
00:35:51 [HCDumpListRecv] Count: 0, MaxCount: 0
00:35:51 [HCChecksumListRecv] Count: 0, MaxCount: 0
00:35:51 [HCInternalListRecv] Count: 0, MaxCount: 0
00:35:51 [HCWindowListRecv] Count: 0, MaxCount: 0
00:35:52 [EntryProc] DumpListMaxCount: 0, ChecksumListMaxCount: 0, InternalListMaxCount: 0, WindowListMaxCount: 0
00:35:52 Blocked NtOpenProcess attempt to access our process (PID: 39884) with access rights: 0x00000410
00:35:52 Prevented OpenProcess access to our process from PID: 39884, Process: Unknown, Access: 0x00000410
00:35:54 [EntryProc] Initialization successful
00:35:54 Blocked NtOpenProcess attempt to access our process (PID: 39884) with access rights: 0x00000410
00:35:54 Prevented OpenProcess access to our process from PID: 39884, Process: Unknown, Access: 0x00000410
00:35:54 Blocked NtOpenProcess attempt to access our process (PID: 39884) with access rights: 0x00000410
00:35:54 Prevented OpenProcess access to our process from PID: 39884, Process: Unknown, Access: 0x00000410
00:35:54 Blocked NtOpenProcess attempt to access our process (PID: 39884) with access rights: 0x00000410
00:35:54 Prevented OpenProcess access to our process from PID: 39884, Process: Unknown, Access: 0x00000410
00:35:54 Blocked NtOpenProcess attempt to access our process (PID: 39884) with access rights: 0x00000410
00:35:54 Prevented OpenProcess access to our process from PID: 39884, Process: Unknown, Access: 0x00000410
00:38:46 ----------------------------------------------------------------------------------------------------
00:38:46 [CheckSystemInformation] ClientVersion: UNI, SystemVersion: 6.2.9200, MemoryUsage: 32142/65454mb
00:38:46 All anti-cheat hooks initialized successfully.
00:38:46 [SplashScreen] SplashType: 0, TextSwitch: 1, DisplayText: Licensed to: MUNIV
00:38:47 [CHClientInfoSend] IsReconnect: 0, ClientFileCRC: A30FD826, HackVersion: UNI, HardwareId: a72615a3d6c5ef84b7a99b81718938e7
00:38:47 [HCClientInfoRecv] Result: 0, EncDecKey: 0 - 0, InternalVersion: 0, Reconnect: 1, MemoryGuard: 0 - 2, MacroProtect: 0 - 6, MemoryAddress: 0 - 0 - 0 - 0 - 0 - 0 - 0 - 0
00:38:47 [HCDumpListRecv] Count: 0, MaxCount: 0
00:38:47 [HCChecksumListRecv] Count: 0, MaxCount: 0
00:38:47 [HCInternalListRecv] Count: 0, MaxCount: 0
00:38:47 [HCWindowListRecv] Count: 0, MaxCount: 0
00:38:48 [EntryProc] DumpListMaxCount: 0, ChecksumListMaxCount: 0, InternalListMaxCount: 0, WindowListMaxCount: 0
00:38:48 Blocked NtOpenProcess attempt to access our process (PID: 45312) with access rights: 0x00000410
00:38:48 Prevented OpenProcess access to our process from PID: 45312, Process: Unknown, Access: 0x00000410
00:38:50 [EntryProc] Initialization successful
00:38:50 Blocked NtOpenProcess attempt to access our process (PID: 45312) with access rights: 0x00000410
00:38:50 Prevented OpenProcess access to our process from PID: 45312, Process: Unknown, Access: 0x00000410
00:38:50 Blocked NtOpenProcess attempt to access our process (PID: 45312) with access rights: 0x00000410
00:38:50 Prevented OpenProcess access to our process from PID: 45312, Process: Unknown, Access: 0x00000410
00:38:50 Blocked NtOpenProcess attempt to access our process (PID: 45312) with access rights: 0x00000410
00:38:50 Prevented OpenProcess access to our process from PID: 45312, Process: Unknown, Access: 0x00000410
00:38:50 Blocked NtOpenProcess attempt to access our process (PID: 45312) with access rights: 0x00000410
00:38:50 Prevented OpenProcess access to our process from PID: 45312, Process: Unknown, Access: 0x00000410
00:41:48 ----------------------------------------------------------------------------------------------------
00:41:48 [CheckSystemInformation] ClientVersion: UNI, SystemVersion: 6.2.9200, MemoryUsage: 26837/65454mb
00:41:48 All anti-cheat hooks initialized successfully.
00:41:48 [SplashScreen] SplashType: 0, TextSwitch: 1, DisplayText: Licensed to: MUNIV
00:41:49 [CHClientInfoSend] IsReconnect: 0, ClientFileCRC: A30FD826, HackVersion: UNI, HardwareId: a72615a3d6c5ef84b7a99b81718938e7
00:41:49 [HCClientInfoRecv] Result: 0, EncDecKey: 0 - 0, InternalVersion: 0, Reconnect: 1, MemoryGuard: 0 - 2, MacroProtect: 0 - 6, MemoryAddress: 0 - 0 - 0 - 0 - 0 - 0 - 0 - 0
00:41:49 [HCDumpListRecv] Count: 0, MaxCount: 0
00:41:49 [HCChecksumListRecv] Count: 0, MaxCount: 0
00:41:49 [HCInternalListRecv] Count: 0, MaxCount: 0
00:41:49 [HCWindowListRecv] Count: 0, MaxCount: 0
00:41:50 [EntryProc] DumpListMaxCount: 0, ChecksumListMaxCount: 0, InternalListMaxCount: 0, WindowListMaxCount: 0
00:41:50 Blocked NtOpenProcess attempt to access our process (PID: 14536) with access rights: 0x00000410
00:41:50 Prevented OpenProcess access to our process from PID: 14536, Process: Unknown, Access: 0x00000410
00:41:52 [EntryProc] Initialization successful
00:41:52 Blocked NtOpenProcess attempt to access our process (PID: 14536) with access rights: 0x00000410
00:41:52 Prevented OpenProcess access to our process from PID: 14536, Process: Unknown, Access: 0x00000410
00:41:52 Blocked NtOpenProcess attempt to access our process (PID: 14536) with access rights: 0x00000410
00:41:52 Prevented OpenProcess access to our process from PID: 14536, Process: Unknown, Access: 0x00000410
00:41:52 Blocked NtOpenProcess attempt to access our process (PID: 14536) with access rights: 0x00000410
00:41:52 Prevented OpenProcess access to our process from PID: 14536, Process: Unknown, Access: 0x00000410
00:41:52 Blocked NtOpenProcess attempt to access our process (PID: 14536) with access rights: 0x00000410
00:41:52 Prevented OpenProcess access to our process from PID: 14536, Process: Unknown, Access: 0x00000410
00:45:21 ----------------------------------------------------------------------------------------------------
00:45:21 [CheckSystemInformation] ClientVersion: UNI, SystemVersion: 6.2.9200, MemoryUsage: 26583/65454mb
00:45:21 All anti-cheat hooks initialized successfully.
00:45:21 [SplashScreen] SplashType: 0, TextSwitch: 1, DisplayText: Licensed to: MUNIV
00:45:22 [CHClientInfoSend] IsReconnect: 0, ClientFileCRC: A30FD826, HackVersion: UNI, HardwareId: a72615a3d6c5ef84b7a99b81718938e7
00:45:22 [HCClientInfoRecv] Result: 0, EncDecKey: 0 - 0, InternalVersion: 0, Reconnect: 1, MemoryGuard: 0 - 2, MacroProtect: 0 - 6, MemoryAddress: 0 - 0 - 0 - 0 - 0 - 0 - 0 - 0
00:45:22 [HCDumpListRecv] Count: 0, MaxCount: 0
00:45:22 [HCChecksumListRecv] Count: 0, MaxCount: 0
00:45:22 [HCInternalListRecv] Count: 0, MaxCount: 0
00:45:22 [HCWindowListRecv] Count: 0, MaxCount: 0
00:45:22 [EntryProc] DumpListMaxCount: 0, ChecksumListMaxCount: 0, InternalListMaxCount: 0, WindowListMaxCount: 0
00:45:22 Blocked NtOpenProcess attempt to access our process (PID: 23700) with access rights: 0x00000410
00:45:22 Prevented OpenProcess access to our process from PID: 23700, Process: Unknown, Access: 0x00000410
00:45:24 [EntryProc] Initialization successful
00:45:24 Blocked NtOpenProcess attempt to access our process (PID: 23700) with access rights: 0x00000410
00:45:24 Prevented OpenProcess access to our process from PID: 23700, Process: Unknown, Access: 0x00000410
00:45:24 Blocked NtOpenProcess attempt to access our process (PID: 23700) with access rights: 0x00000410
00:45:24 Prevented OpenProcess access to our process from PID: 23700, Process: Unknown, Access: 0x00000410
00:45:24 Blocked NtOpenProcess attempt to access our process (PID: 23700) with access rights: 0x00000410
00:45:24 Prevented OpenProcess access to our process from PID: 23700, Process: Unknown, Access: 0x00000410
00:45:24 Blocked NtOpenProcess attempt to access our process (PID: 23700) with access rights: 0x00000410
00:45:24 Prevented OpenProcess access to our process from PID: 23700, Process: Unknown, Access: 0x00000410
00:47:01 ----------------------------------------------------------------------------------------------------
00:47:01 [CheckSystemInformation] ClientVersion: UNI, SystemVersion: 6.2.9200, MemoryUsage: 27290/65454mb
00:47:01 All anti-cheat hooks initialized successfully.
00:47:01 [SplashScreen] SplashType: 0, TextSwitch: 1, DisplayText: Licensed to: MUNIV
00:47:03 [CHClientInfoSend] IsReconnect: 0, ClientFileCRC: A30FD826, HackVersion: UNI, HardwareId: a72615a3d6c5ef84b7a99b81718938e7
00:47:03 [HCClientInfoRecv] Result: 0, EncDecKey: 0 - 0, InternalVersion: 0, Reconnect: 1, MemoryGuard: 0 - 2, MacroProtect: 0 - 6, MemoryAddress: 0 - 0 - 0 - 0 - 0 - 0 - 0 - 0
00:47:03 [HCDumpListRecv] Count: 0, MaxCount: 0
00:47:03 [HCChecksumListRecv] Count: 0, MaxCount: 0
00:47:03 [HCInternalListRecv] Count: 0, MaxCount: 0
00:47:03 [HCWindowListRecv] Count: 0, MaxCount: 0
00:47:03 [EntryProc] DumpListMaxCount: 0, ChecksumListMaxCount: 0, InternalListMaxCount: 0, WindowListMaxCount: 0
00:47:03 Blocked NtOpenProcess attempt to access our process (PID: 40820) with access rights: 0x00000410
00:47:03 Prevented OpenProcess access to our process from PID: 40820, Process: Unknown, Access: 0x00000410
00:47:05 [EntryProc] Initialization successful
00:47:05 Blocked NtOpenProcess attempt to access our process (PID: 40820) with access rights: 0x00000410
00:47:05 Prevented OpenProcess access to our process from PID: 40820, Process: Unknown, Access: 0x00000410
00:47:05 Blocked NtOpenProcess attempt to access our process (PID: 40820) with access rights: 0x00000410
00:47:05 Prevented OpenProcess access to our process from PID: 40820, Process: Unknown, Access: 0x00000410
00:47:05 Blocked NtOpenProcess attempt to access our process (PID: 40820) with access rights: 0x00000410
00:47:05 Prevented OpenProcess access to our process from PID: 40820, Process: Unknown, Access: 0x00000410
00:47:05 Blocked NtOpenProcess attempt to access our process (PID: 40820) with access rights: 0x00000410
00:47:05 Prevented OpenProcess access to our process from PID: 40820, Process: Unknown, Access: 0x00000410
00:52:05 Blocked NtOpenProcess attempt to access our process (PID: 40820) with access rights: 0x00000410
00:52:05 Prevented OpenProcess access to our process from PID: 40820, Process: Unknown, Access: 0x00000410
00:54:43 ----------------------------------------------------------------------------------------------------
00:54:43 [CheckSystemInformation] ClientVersion: UNI, SystemVersion: 6.2.9200, MemoryUsage: 26824/65454mb
00:54:43 All anti-cheat hooks initialized successfully.
00:54:43 [SplashScreen] SplashType: 0, TextSwitch: 1, DisplayText: Licensed to: MUNIV
00:54:44 [CHClientInfoSend] IsReconnect: 0, ClientFileCRC: A30FD826, HackVersion: UNI, HardwareId: a72615a3d6c5ef84b7a99b81718938e7
00:54:44 [HCClientInfoRecv] Result: 0, EncDecKey: 0 - 0, InternalVersion: 0, Reconnect: 1, MemoryGuard: 0 - 2, MacroProtect: 0 - 6, MemoryAddress: 0 - 0 - 0 - 0 - 0 - 0 - 0 - 0
00:54:44 [HCDumpListRecv] Count: 0, MaxCount: 0
00:54:44 [HCChecksumListRecv] Count: 0, MaxCount: 0
00:54:44 [HCInternalListRecv] Count: 0, MaxCount: 0
00:54:44 [HCWindowListRecv] Count: 0, MaxCount: 0
00:54:45 [EntryProc] DumpListMaxCount: 0, ChecksumListMaxCount: 0, InternalListMaxCount: 0, WindowListMaxCount: 0
00:54:45 Blocked NtOpenProcess attempt to access our process (PID: 48052) with access rights: 0x00000410
00:54:45 Prevented OpenProcess access to our process from PID: 48052, Process: Unknown, Access: 0x00000410
00:54:47 [EntryProc] Initialization successful
00:54:47 Blocked NtOpenProcess attempt to access our process (PID: 48052) with access rights: 0x00000410
00:54:47 Prevented OpenProcess access to our process from PID: 48052, Process: Unknown, Access: 0x00000410
00:54:47 Blocked NtOpenProcess attempt to access our process (PID: 48052) with access rights: 0x00000410
00:54:47 Prevented OpenProcess access to our process from PID: 48052, Process: Unknown, Access: 0x00000410
00:54:47 Blocked NtOpenProcess attempt to access our process (PID: 48052) with access rights: 0x00000410
00:54:47 Prevented OpenProcess access to our process from PID: 48052, Process: Unknown, Access: 0x00000410
00:54:47 Blocked NtOpenProcess attempt to access our process (PID: 48052) with access rights: 0x00000410
00:54:47 Prevented OpenProcess access to our process from PID: 48052, Process: Unknown, Access: 0x00000410
00:59:47 Blocked NtOpenProcess attempt to access our process (PID: 48052) with access rights: 0x00000410
00:59:47 Prevented OpenProcess access to our process from PID: 48052, Process: Unknown, Access: 0x00000410
01:04:49 Blocked NtOpenProcess attempt to access our process (PID: 48052) with access rights: 0x00000410
01:04:49 Prevented OpenProcess access to our process from PID: 48052, Process: Unknown, Access: 0x00000410
01:09:51 Blocked NtOpenProcess attempt to access our process (PID: 48052) with access rights: 0x00000410
01:09:51 Prevented OpenProcess access to our process from PID: 48052, Process: Unknown, Access: 0x00000410
01:14:54 Blocked NtOpenProcess attempt to access our process (PID: 48052) with access rights: 0x00000410
01:14:54 Prevented OpenProcess access to our process from PID: 48052, Process: Unknown, Access: 0x00000410
01:19:56 Blocked NtOpenProcess attempt to access our process (PID: 48052) with access rights: 0x00000410
01:19:56 Prevented OpenProcess access to our process from PID: 48052, Process: Unknown, Access: 0x00000410
01:24:58 Blocked NtOpenProcess attempt to access our process (PID: 48052) with access rights: 0x00000410
01:24:58 Prevented OpenProcess access to our process from PID: 48052, Process: Unknown, Access: 0x00000410
01:30:01 Blocked NtOpenProcess attempt to access our process (PID: 48052) with access rights: 0x00000410
01:30:01 Prevented OpenProcess access to our process from PID: 48052, Process: Unknown, Access: 0x00000410
01:35:03 Blocked NtOpenProcess attempt to access our process (PID: 48052) with access rights: 0x00000410
01:35:03 Prevented OpenProcess access to our process from PID: 48052, Process: Unknown, Access: 0x00000410
02:01:47 ----------------------------------------------------------------------------------------------------
02:01:47 [CheckSystemInformation] ClientVersion: UNI, SystemVersion: 6.2.9200, MemoryUsage: 32538/65454mb
02:01:47 All anti-cheat hooks initialized successfully.
02:01:47 [SplashScreen] SplashType: 0, TextSwitch: 1, DisplayText: Licensed to: MUNIV
02:01:48 [CHClientInfoSend] IsReconnect: 0, ClientFileCRC: A30FD826, HackVersion: UNI, HardwareId: a72615a3d6c5ef84b7a99b81718938e7
02:01:48 [HCClientInfoRecv] Result: 0, EncDecKey: 0 - 0, InternalVersion: 0, Reconnect: 1, MemoryGuard: 0 - 2, MacroProtect: 0 - 6, MemoryAddress: 0 - 0 - 0 - 0 - 0 - 0 - 0 - 0
02:01:48 [HCDumpListRecv] Count: 0, MaxCount: 0
02:01:48 [HCChecksumListRecv] Count: 0, MaxCount: 0
02:01:48 [HCInternalListRecv] Count: 0, MaxCount: 0
02:01:48 [HCWindowListRecv] Count: 0, MaxCount: 0
02:01:49 [EntryProc] DumpListMaxCount: 0, ChecksumListMaxCount: 0, InternalListMaxCount: 0, WindowListMaxCount: 0
02:01:49 Blocked NtOpenProcess attempt to access our process (PID: 24220) with access rights: 0x00000410
02:01:49 Prevented OpenProcess access to our process from PID: 24220, Process: Unknown, Access: 0x00000410
02:01:51 [EntryProc] Initialization successful
02:01:51 Blocked NtOpenProcess attempt to access our process (PID: 24220) with access rights: 0x00000410
02:01:51 Prevented OpenProcess access to our process from PID: 24220, Process: Unknown, Access: 0x00000410
02:01:51 Blocked NtOpenProcess attempt to access our process (PID: 24220) with access rights: 0x00000410
02:01:51 Prevented OpenProcess access to our process from PID: 24220, Process: Unknown, Access: 0x00000410
02:01:51 Blocked NtOpenProcess attempt to access our process (PID: 24220) with access rights: 0x00000410
02:01:51 Prevented OpenProcess access to our process from PID: 24220, Process: Unknown, Access: 0x00000410
02:01:51 Blocked NtOpenProcess attempt to access our process (PID: 24220) with access rights: 0x00000410
02:01:51 Prevented OpenProcess access to our process from PID: 24220, Process: Unknown, Access: 0x00000410
02:02:50 ----------------------------------------------------------------------------------------------------
02:02:50 [CheckSystemInformation] ClientVersion: UNI, SystemVersion: 6.2.9200, MemoryUsage: 32726/65454mb
02:02:50 All anti-cheat hooks initialized successfully.
02:02:50 [SplashScreen] SplashType: 0, TextSwitch: 1, DisplayText: Licensed to: MUOnline
02:02:51 [CHClientInfoSend] IsReconnect: 0, ClientFileCRC: 3E7B6AC6, HackVersion: UNI, HardwareId: a72615a3d6c5ef84b7a99b81718938e7
02:02:51 [HCClientInfoRecv] Result: 2, EncDecKey: 0 - 0, InternalVersion: 0, Reconnect: 0, MemoryGuard: 0 - 0, MacroProtect: 0 - 0, MemoryAddress: 0 - 0 - 0 - 0 - 0 - 0 - 0 - 0
02:02:51 [SplashScreen] SplashType: 1, TextSwitch: 1, DisplayText: Invalid version
02:03:18 ----------------------------------------------------------------------------------------------------
02:03:18 [CheckSystemInformation] ClientVersion: UNI, SystemVersion: 6.2.9200, MemoryUsage: 32981/65454mb
02:03:18 All anti-cheat hooks initialized successfully.
02:03:18 [SplashScreen] SplashType: 0, TextSwitch: 1, DisplayText: Licensed to: MUOnline
02:03:19 [CHClientInfoSend] IsReconnect: 0, ClientFileCRC: 3E7B6AC6, HackVersion: UNI, HardwareId: a72615a3d6c5ef84b7a99b81718938e7
02:03:19 [HCClientInfoRecv] Result: 2, EncDecKey: 0 - 0, InternalVersion: 0, Reconnect: 0, MemoryGuard: 0 - 0, MacroProtect: 0 - 0, MemoryAddress: 0 - 0 - 0 - 0 - 0 - 0 - 0 - 0
02:03:19 [SplashScreen] SplashType: 1, TextSwitch: 1, DisplayText: Invalid version
02:07:20 ----------------------------------------------------------------------------------------------------
02:07:20 [CheckSystemInformation] ClientVersion: 1.0.0, SystemVersion: 6.2.9200, MemoryUsage: 31100/65454mb
02:07:20 All anti-cheat hooks initialized successfully.
02:07:20 [SplashScreen] SplashType: 0, TextSwitch: 1, DisplayText: Licensed to: MUOnline
02:07:21 [CHClientInfoSend] IsReconnect: 0, ClientFileCRC: 3E7B6AC6, HackVersion: 1.0.0, HardwareId: a72615a3d6c5ef84b7a99b81718938e7
02:07:21 [HCClientInfoRecv] Result: 0, EncDecKey: 0 - 0, InternalVersion: 0, Reconnect: 1, MemoryGuard: 0 - 2, MacroProtect: 0 - 6, MemoryAddress: 0 - 0 - 0 - 0 - 0 - 0 - 0 - 0
02:07:22 [HCDumpListRecv] Count: 113, MaxCount: 954
02:07:22 [HCDumpListRecv] Count: 113, MaxCount: 954
02:07:22 [HCDumpListRecv] Count: 113, MaxCount: 954
02:07:22 [HCDumpListRecv] Count: 113, MaxCount: 954
02:07:22 [HCDumpListRecv] Count: 113, MaxCount: 954
02:07:22 [HCDumpListRecv] Count: 113, MaxCount: 954
02:07:22 [HCDumpListRecv] Count: 113, MaxCount: 954
02:07:22 [HCDumpListRecv] Count: 113, MaxCount: 954
02:07:22 [HCDumpListRecv] Count: 50, MaxCount: 954
02:07:22 [HCChecksumListRecv] Count: 0, MaxCount: 0
02:07:22 [HCInternalListRecv] Count: 15, MaxCount: 15
02:07:22 [HCWindowListRecv] Count: 0, MaxCount: 0
02:07:22 [EntryProc] DumpListMaxCount: 954, ChecksumListMaxCount: 0, InternalListMaxCount: 15, WindowListMaxCount: 0
02:07:24 [EntryProc] Initialization successful
02:07:24 Blocked NtOpenProcess attempt to access our process (PID: 31244) with access rights: 0x00000410
02:07:24 Prevented OpenProcess access to our process from PID: 31244, Process: Unknown, Access: 0x00000410
02:07:24 Blocked NtOpenProcess attempt to access our process (PID: 31244) with access rights: 0x00000410
02:07:24 Prevented OpenProcess access to our process from PID: 31244, Process: Unknown, Access: 0x00000410
02:07:24 Blocked NtOpenProcess attempt to access our process (PID: 31244) with access rights: 0x00000410
02:07:24 Prevented OpenProcess access to our process from PID: 31244, Process: Unknown, Access: 0x00000410
02:07:24 Blocked NtOpenProcess attempt to access our process (PID: 31244) with access rights: 0x00000410
02:07:24 Prevented OpenProcess access to our process from PID: 31244, Process: Unknown, Access: 0x00000410
02:07:58 Blocked NtOpenProcess attempt to access our process (PID: 31244) with access rights: 0x00000410
02:07:58 Prevented OpenProcess access to our process from PID: 31244, Process: Unknown, Access: 0x00000410
02:15:26 ----------------------------------------------------------------------------------------------------
02:15:26 [CheckSystemInformation] ClientVersion: 1.0.0, SystemVersion: 6.2.9200, MemoryUsage: 33016/65454mb
02:15:26 All anti-cheat hooks initialized successfully.
02:15:26 [SplashScreen] SplashType: 0, TextSwitch: 1, DisplayText: Licensed to: MUOnline
02:15:27 [CHClientInfoSend] IsReconnect: 0, ClientFileCRC: 3E7B6AC6, HackVersion: 1.0.0, HardwareId: a72615a3d6c5ef84b7a99b81718938e7
02:15:27 [HCClientInfoRecv] Result: 0, EncDecKey: 0 - 0, InternalVersion: 0, Reconnect: 1, MemoryGuard: 0 - 2, MacroProtect: 0 - 6, MemoryAddress: 0 - 0 - 0 - 0 - 0 - 0 - 0 - 0
02:15:27 [HCDumpListRecv] Count: 113, MaxCount: 954
02:15:27 [HCDumpListRecv] Count: 113, MaxCount: 954
02:15:27 [HCDumpListRecv] Count: 113, MaxCount: 954
02:15:27 [HCDumpListRecv] Count: 113, MaxCount: 954
02:15:27 [HCDumpListRecv] Count: 113, MaxCount: 954
02:15:27 [HCDumpListRecv] Count: 113, MaxCount: 954
02:15:27 [HCDumpListRecv] Count: 113, MaxCount: 954
02:15:27 [HCDumpListRecv] Count: 113, MaxCount: 954
02:15:27 [HCDumpListRecv] Count: 50, MaxCount: 954
02:15:27 [HCChecksumListRecv] Count: 0, MaxCount: 0
02:15:27 [HCInternalListRecv] Count: 15, MaxCount: 15
02:15:27 [HCWindowListRecv] Count: 0, MaxCount: 0
02:15:27 [EntryProc] DumpListMaxCount: 954, ChecksumListMaxCount: 0, InternalListMaxCount: 15, WindowListMaxCount: 0
02:15:29 [EntryProc] Initialization successful
02:15:29 Blocked NtOpenProcess attempt to access our process (PID: 38724) with access rights: 0x00000410
02:15:29 Prevented OpenProcess access to our process from PID: 38724, Process: Unknown, Access: 0x00000410
02:15:29 Blocked NtOpenProcess attempt to access our process (PID: 38724) with access rights: 0x00000410
02:15:29 Prevented OpenProcess access to our process from PID: 38724, Process: Unknown, Access: 0x00000410
02:15:29 Blocked NtOpenProcess attempt to access our process (PID: 38724) with access rights: 0x00000410
02:15:29 Prevented OpenProcess access to our process from PID: 38724, Process: Unknown, Access: 0x00000410
02:15:29 Blocked NtOpenProcess attempt to access our process (PID: 38724) with access rights: 0x00000410
02:15:29 Prevented OpenProcess access to our process from PID: 38724, Process: Unknown, Access: 0x00000410
02:16:03 Blocked NtOpenProcess attempt to access our process (PID: 38724) with access rights: 0x00000410
02:16:03 Prevented OpenProcess access to our process from PID: 38724, Process: Unknown, Access: 0x00000410
02:16:08 ----------------------------------------------------------------------------------------------------
02:16:08 [CheckSystemInformation] ClientVersion: 1.0.0, SystemVersion: 6.2.9200, MemoryUsage: 33095/65454mb
02:16:08 All anti-cheat hooks initialized successfully.
02:16:08 [SplashScreen] SplashType: 0, TextSwitch: 1, DisplayText: Licensed to: MUOnline
02:16:08 [CHClientInfoSend] IsReconnect: 0, ClientFileCRC: 3E7B6AC6, HackVersion: 1.0.0, HardwareId: a72615a3d6c5ef84b7a99b81718938e7
02:16:08 [HCClientInfoRecv] Result: 0, EncDecKey: 0 - 0, InternalVersion: 0, Reconnect: 1, MemoryGuard: 0 - 2, MacroProtect: 0 - 6, MemoryAddress: 0 - 0 - 0 - 0 - 0 - 0 - 0 - 0
02:16:08 [HCDumpListRecv] Count: 113, MaxCount: 954
02:16:08 [HCDumpListRecv] Count: 113, MaxCount: 954
02:16:08 [HCDumpListRecv] Count: 113, MaxCount: 954
02:16:08 [HCDumpListRecv] Count: 113, MaxCount: 954
02:16:08 [HCDumpListRecv] Count: 113, MaxCount: 954
02:16:08 [HCDumpListRecv] Count: 113, MaxCount: 954
02:16:08 [HCDumpListRecv] Count: 113, MaxCount: 954
02:16:08 [HCDumpListRecv] Count: 113, MaxCount: 954
02:16:08 [HCDumpListRecv] Count: 50, MaxCount: 954
02:16:08 [HCChecksumListRecv] Count: 0, MaxCount: 0
02:16:08 [HCInternalListRecv] Count: 15, MaxCount: 15
02:16:08 [HCWindowListRecv] Count: 0, MaxCount: 0
02:16:08 [EntryProc] DumpListMaxCount: 954, ChecksumListMaxCount: 0, InternalListMaxCount: 15, WindowListMaxCount: 0
02:16:10 [EntryProc] Initialization successful
02:16:11 Blocked NtOpenProcess attempt to access our process (PID: 2068) with access rights: 0x00000410
02:16:11 Prevented OpenProcess access to our process from PID: 2068, Process: Unknown, Access: 0x00000410
02:16:11 Blocked NtOpenProcess attempt to access our process (PID: 2068) with access rights: 0x00000410
02:16:11 Prevented OpenProcess access to our process from PID: 2068, Process: Unknown, Access: 0x00000410
02:16:11 Blocked NtOpenProcess attempt to access our process (PID: 2068) with access rights: 0x00000410
02:16:11 Prevented OpenProcess access to our process from PID: 2068, Process: Unknown, Access: 0x00000410
02:16:11 Blocked NtOpenProcess attempt to access our process (PID: 2068) with access rights: 0x00000410
02:16:11 Prevented OpenProcess access to our process from PID: 2068, Process: Unknown, Access: 0x00000410
02:16:43 ----------------------------------------------------------------------------------------------------
02:16:43 [CheckSystemInformation] ClientVersion: 1.0.0, SystemVersion: 6.2.9200, MemoryUsage: 33196/65454mb
02:16:43 All anti-cheat hooks initialized successfully.
02:16:43 [SplashScreen] SplashType: 0, TextSwitch: 1, DisplayText: Licensed to: MUOnline
02:16:43 [CHClientInfoSend] IsReconnect: 0, ClientFileCRC: 3E7B6AC6, HackVersion: 1.0.0, HardwareId: a72615a3d6c5ef84b7a99b81718938e7
02:16:43 [HCClientInfoRecv] Result: 0, EncDecKey: 0 - 0, InternalVersion: 0, Reconnect: 1, MemoryGuard: 0 - 2, MacroProtect: 0 - 6, MemoryAddress: 0 - 0 - 0 - 0 - 0 - 0 - 0 - 0
02:16:44 [HCDumpListRecv] Count: 113, MaxCount: 954
02:16:44 [HCDumpListRecv] Count: 113, MaxCount: 954
02:16:44 [HCDumpListRecv] Count: 113, MaxCount: 954
02:16:44 [HCDumpListRecv] Count: 113, MaxCount: 954
02:16:44 [HCDumpListRecv] Count: 113, MaxCount: 954
02:16:44 [HCDumpListRecv] Count: 113, MaxCount: 954
02:16:44 [HCDumpListRecv] Count: 113, MaxCount: 954
02:16:44 [HCDumpListRecv] Count: 113, MaxCount: 954
02:16:44 [HCDumpListRecv] Count: 50, MaxCount: 954
02:16:44 [HCChecksumListRecv] Count: 0, MaxCount: 0
02:16:44 [HCInternalListRecv] Count: 15, MaxCount: 15
02:16:44 [HCWindowListRecv] Count: 0, MaxCount: 0
02:16:44 [EntryProc] DumpListMaxCount: 954, ChecksumListMaxCount: 0, InternalListMaxCount: 15, WindowListMaxCount: 0
02:16:46 [EntryProc] Initialization successful
02:16:46 Blocked NtOpenProcess attempt to access our process (PID: 43640) with access rights: 0x00000410
02:16:46 Prevented OpenProcess access to our process from PID: 43640, Process: Unknown, Access: 0x00000410
02:16:46 Blocked NtOpenProcess attempt to access our process (PID: 43640) with access rights: 0x00000410
02:16:46 Prevented OpenProcess access to our process from PID: 43640, Process: Unknown, Access: 0x00000410
02:16:46 Blocked NtOpenProcess attempt to access our process (PID: 43640) with access rights: 0x00000410
02:16:46 Prevented OpenProcess access to our process from PID: 43640, Process: Unknown, Access: 0x00000410
02:16:46 Blocked NtOpenProcess attempt to access our process (PID: 43640) with access rights: 0x00000410
02:16:46 Prevented OpenProcess access to our process from PID: 43640, Process: Unknown, Access: 0x00000410
02:17:19 Blocked NtOpenProcess attempt to access our process (PID: 43640) with access rights: 0x00000410
02:17:19 Prevented OpenProcess access to our process from PID: 43640, Process: Unknown, Access: 0x00000410
02:18:33 ----------------------------------------------------------------------------------------------------
02:18:33 [CheckSystemInformation] ClientVersion: 1.0.0, SystemVersion: 6.2.9200, MemoryUsage: 33355/65454mb
02:18:33 All anti-cheat hooks initialized successfully.
02:18:33 [SplashScreen] SplashType: 0, TextSwitch: 1, DisplayText: Licensed to: MUOnline
02:18:33 [CHClientInfoSend] IsReconnect: 0, ClientFileCRC: 3E7B6AC6, HackVersion: 1.0.0, HardwareId: a72615a3d6c5ef84b7a99b81718938e7
02:18:34 [HCClientInfoRecv] Result: 0, EncDecKey: 0 - 0, InternalVersion: 0, Reconnect: 1, MemoryGuard: 0 - 2, MacroProtect: 0 - 6, MemoryAddress: 0 - 0 - 0 - 0 - 0 - 0 - 0 - 0
02:18:34 [HCDumpListRecv] Count: 113, MaxCount: 954
02:18:34 [HCDumpListRecv] Count: 113, MaxCount: 954
02:18:34 [HCDumpListRecv] Count: 113, MaxCount: 954
02:18:34 [HCDumpListRecv] Count: 113, MaxCount: 954
02:18:34 [HCDumpListRecv] Count: 113, MaxCount: 954
02:18:34 [HCDumpListRecv] Count: 113, MaxCount: 954
02:18:34 [HCDumpListRecv] Count: 113, MaxCount: 954
02:18:34 [HCDumpListRecv] Count: 113, MaxCount: 954
02:18:34 [HCDumpListRecv] Count: 50, MaxCount: 954
02:18:34 [HCChecksumListRecv] Count: 0, MaxCount: 0
02:18:34 [HCInternalListRecv] Count: 15, MaxCount: 15
02:18:34 [HCWindowListRecv] Count: 0, MaxCount: 0
02:18:34 [EntryProc] DumpListMaxCount: 954, ChecksumListMaxCount: 0, InternalListMaxCount: 15, WindowListMaxCount: 0
02:18:36 [EntryProc] Initialization successful
02:18:36 Blocked NtOpenProcess attempt to access our process (PID: 34904) with access rights: 0x00000410
02:18:36 Prevented OpenProcess access to our process from PID: 34904, Process: Unknown, Access: 0x00000410
02:18:36 Blocked NtOpenProcess attempt to access our process (PID: 34904) with access rights: 0x00000410
02:18:36 Prevented OpenProcess access to our process from PID: 34904, Process: Unknown, Access: 0x00000410
02:18:36 Blocked NtOpenProcess attempt to access our process (PID: 34904) with access rights: 0x00000410
02:18:36 Prevented OpenProcess access to our process from PID: 34904, Process: Unknown, Access: 0x00000410
02:18:36 Blocked NtOpenProcess attempt to access our process (PID: 34904) with access rights: 0x00000410
02:18:36 Prevented OpenProcess access to our process from PID: 34904, Process: Unknown, Access: 0x00000410
02:19:00 ----------------------------------------------------------------------------------------------------
02:19:00 [CheckSystemInformation] ClientVersion: 1.0.0, SystemVersion: 6.2.9200, MemoryUsage: 33756/65454mb
02:19:00 All anti-cheat hooks initialized successfully.
02:19:00 [SplashScreen] SplashType: 0, TextSwitch: 1, DisplayText: Licensed to: MUOnline
02:19:00 [CHClientInfoSend] IsReconnect: 0, ClientFileCRC: 3E7B6AC6, HackVersion: 1.0.0, HardwareId: a72615a3d6c5ef84b7a99b81718938e7
02:19:00 [HCClientInfoRecv] Result: 0, EncDecKey: 0 - 0, InternalVersion: 0, Reconnect: 1, MemoryGuard: 0 - 2, MacroProtect: 0 - 6, MemoryAddress: 0 - 0 - 0 - 0 - 0 - 0 - 0 - 0
02:19:00 [HCDumpListRecv] Count: 113, MaxCount: 954
02:19:01 [HCDumpListRecv] Count: 113, MaxCount: 954
02:19:01 [HCDumpListRecv] Count: 113, MaxCount: 954
02:19:01 [HCDumpListRecv] Count: 113, MaxCount: 954
02:19:01 [HCDumpListRecv] Count: 113, MaxCount: 954
02:19:01 [HCDumpListRecv] Count: 113, MaxCount: 954
02:19:01 [HCDumpListRecv] Count: 113, MaxCount: 954
02:19:01 [HCDumpListRecv] Count: 113, MaxCount: 954
02:19:01 [HCDumpListRecv] Count: 50, MaxCount: 954
02:19:01 [HCChecksumListRecv] Count: 0, MaxCount: 0
02:19:01 [HCInternalListRecv] Count: 15, MaxCount: 15
02:19:01 [HCWindowListRecv] Count: 0, MaxCount: 0
02:19:01 [EntryProc] DumpListMaxCount: 954, ChecksumListMaxCount: 0, InternalListMaxCount: 15, WindowListMaxCount: 0
02:19:03 [EntryProc] Initialization successful
02:19:03 Blocked NtOpenProcess attempt to access our process (PID: 29700) with access rights: 0x00000410
02:19:03 Prevented OpenProcess access to our process from PID: 29700, Process: Unknown, Access: 0x00000410
02:19:03 Blocked NtOpenProcess attempt to access our process (PID: 29700) with access rights: 0x00000410
02:19:03 Prevented OpenProcess access to our process from PID: 29700, Process: Unknown, Access: 0x00000410
02:19:03 Blocked NtOpenProcess attempt to access our process (PID: 29700) with access rights: 0x00000410
02:19:03 Prevented OpenProcess access to our process from PID: 29700, Process: Unknown, Access: 0x00000410
02:19:03 Blocked NtOpenProcess attempt to access our process (PID: 29700) with access rights: 0x00000410
02:19:03 Prevented OpenProcess access to our process from PID: 29700, Process: Unknown, Access: 0x00000410
02:21:02 ----------------------------------------------------------------------------------------------------
02:21:02 [CheckSystemInformation] ClientVersion: 1.0.0, SystemVersion: 6.2.9200, MemoryUsage: 33961/65454mb
02:21:02 All anti-cheat hooks initialized successfully.
02:21:02 [SplashScreen] SplashType: 0, TextSwitch: 1, DisplayText: Licensed to: MUOnline
02:21:03 [CHClientInfoSend] IsReconnect: 0, ClientFileCRC: 3E7B6AC6, HackVersion: 1.0.0, HardwareId: a72615a3d6c5ef84b7a99b81718938e7
02:21:03 [HCClientInfoRecv] Result: 0, EncDecKey: 0 - 0, InternalVersion: 0, Reconnect: 1, MemoryGuard: 0 - 2, MacroProtect: 0 - 6, MemoryAddress: 0 - 0 - 0 - 0 - 0 - 0 - 0 - 0
02:21:03 [HCDumpListRecv] Count: 113, MaxCount: 954
02:21:03 [HCDumpListRecv] Count: 113, MaxCount: 954
02:21:03 [HCDumpListRecv] Count: 113, MaxCount: 954
02:21:03 [HCDumpListRecv] Count: 113, MaxCount: 954
02:21:03 [HCDumpListRecv] Count: 113, MaxCount: 954
02:21:03 [HCDumpListRecv] Count: 113, MaxCount: 954
02:21:03 [HCDumpListRecv] Count: 113, MaxCount: 954
02:21:03 [HCDumpListRecv] Count: 113, MaxCount: 954
02:21:03 [HCDumpListRecv] Count: 50, MaxCount: 954
02:21:03 [HCChecksumListRecv] Count: 0, MaxCount: 0
02:21:03 [HCInternalListRecv] Count: 15, MaxCount: 15
02:21:03 [HCWindowListRecv] Count: 0, MaxCount: 0
02:21:03 [EntryProc] DumpListMaxCount: 954, ChecksumListMaxCount: 0, InternalListMaxCount: 15, WindowListMaxCount: 0
02:21:05 [EntryProc] Initialization successful
02:21:05 Blocked NtOpenProcess attempt to access our process (PID: 44908) with access rights: 0x00000410
02:21:05 Prevented OpenProcess access to our process from PID: 44908, Process: Unknown, Access: 0x00000410
02:21:05 Blocked NtOpenProcess attempt to access our process (PID: 44908) with access rights: 0x00000410
02:21:05 Prevented OpenProcess access to our process from PID: 44908, Process: Unknown, Access: 0x00000410
02:21:05 Blocked NtOpenProcess attempt to access our process (PID: 44908) with access rights: 0x00000410
02:21:05 Prevented OpenProcess access to our process from PID: 44908, Process: Unknown, Access: 0x00000410
02:21:05 Blocked NtOpenProcess attempt to access our process (PID: 44908) with access rights: 0x00000410
02:21:05 Prevented OpenProcess access to our process from PID: 44908, Process: Unknown, Access: 0x00000410
02:21:30 ----------------------------------------------------------------------------------------------------
02:21:30 [CheckSystemInformation] ClientVersion: 1.0.0, SystemVersion: 6.2.9200, MemoryUsage: 33428/65454mb
02:21:30 All anti-cheat hooks initialized successfully.
02:21:30 [SplashScreen] SplashType: 0, TextSwitch: 1, DisplayText: Licensed to: MUOnline
02:21:30 [CHClientInfoSend] IsReconnect: 0, ClientFileCRC: 3E7B6AC6, HackVersion: 1.0.0, HardwareId: a72615a3d6c5ef84b7a99b81718938e7
02:21:30 [HCClientInfoRecv] Result: 0, EncDecKey: 0 - 0, InternalVersion: 0, Reconnect: 1, MemoryGuard: 0 - 2, MacroProtect: 0 - 6, MemoryAddress: 0 - 0 - 0 - 0 - 0 - 0 - 0 - 0
02:21:30 [HCDumpListRecv] Count: 113, MaxCount: 954
02:21:31 [HCDumpListRecv] Count: 113, MaxCount: 954
02:21:31 [HCDumpListRecv] Count: 113, MaxCount: 954
02:21:31 [HCDumpListRecv] Count: 113, MaxCount: 954
02:21:31 [HCDumpListRecv] Count: 113, MaxCount: 954
02:21:31 [HCDumpListRecv] Count: 113, MaxCount: 954
02:21:31 [HCDumpListRecv] Count: 113, MaxCount: 954
02:21:31 [HCDumpListRecv] Count: 113, MaxCount: 954
02:21:31 [HCDumpListRecv] Count: 50, MaxCount: 954
02:21:31 [HCChecksumListRecv] Count: 0, MaxCount: 0
02:21:31 [HCInternalListRecv] Count: 15, MaxCount: 15
02:21:31 [HCWindowListRecv] Count: 0, MaxCount: 0
02:21:31 [EntryProc] DumpListMaxCount: 954, ChecksumListMaxCount: 0, InternalListMaxCount: 15, WindowListMaxCount: 0
02:21:33 [EntryProc] Initialization successful
02:21:33 Blocked NtOpenProcess attempt to access our process (PID: 40460) with access rights: 0x00000410
02:21:33 Prevented OpenProcess access to our process from PID: 40460, Process: Unknown, Access: 0x00000410
02:21:33 Blocked NtOpenProcess attempt to access our process (PID: 40460) with access rights: 0x00000410
02:21:33 Prevented OpenProcess access to our process from PID: 40460, Process: Unknown, Access: 0x00000410
02:21:33 Blocked NtOpenProcess attempt to access our process (PID: 40460) with access rights: 0x00000410
02:21:33 Prevented OpenProcess access to our process from PID: 40460, Process: Unknown, Access: 0x00000410
02:21:33 Blocked NtOpenProcess attempt to access our process (PID: 40460) with access rights: 0x00000410
02:21:33 Prevented OpenProcess access to our process from PID: 40460, Process: Unknown, Access: 0x00000410
02:22:10 Blocked NtOpenProcess attempt to access our process (PID: 40460) with access rights: 0x00000410
02:22:10 Prevented OpenProcess access to our process from PID: 40460, Process: Unknown, Access: 0x00000410
02:23:32 ----------------------------------------------------------------------------------------------------
02:23:32 [CheckSystemInformation] ClientVersion: 1.0.0, SystemVersion: 6.2.9200, MemoryUsage: 33652/65454mb
02:23:32 All anti-cheat hooks initialized successfully.
02:23:32 [SplashScreen] SplashType: 0, TextSwitch: 1, DisplayText: Licensed to: MUOnline
02:23:33 [CHClientInfoSend] IsReconnect: 0, ClientFileCRC: 3E7B6AC6, HackVersion: 1.0.0, HardwareId: a72615a3d6c5ef84b7a99b81718938e7
02:23:33 [HCClientInfoRecv] Result: 0, EncDecKey: 0 - 0, InternalVersion: 0, Reconnect: 1, MemoryGuard: 0 - 2, MacroProtect: 0 - 6, MemoryAddress: 0 - 0 - 0 - 0 - 0 - 0 - 0 - 0
02:23:33 [HCDumpListRecv] Count: 113, MaxCount: 954
02:23:33 [HCDumpListRecv] Count: 113, MaxCount: 954
02:23:33 [HCDumpListRecv] Count: 113, MaxCount: 954
02:23:33 [HCDumpListRecv] Count: 113, MaxCount: 954
02:23:33 [HCDumpListRecv] Count: 113, MaxCount: 954
02:23:33 [HCDumpListRecv] Count: 113, MaxCount: 954
02:23:33 [HCDumpListRecv] Count: 113, MaxCount: 954
02:23:33 [HCDumpListRecv] Count: 113, MaxCount: 954
02:23:33 [HCDumpListRecv] Count: 50, MaxCount: 954
02:23:33 [HCChecksumListRecv] Count: 0, MaxCount: 0
02:23:33 [HCInternalListRecv] Count: 15, MaxCount: 15
02:23:33 [HCWindowListRecv] Count: 0, MaxCount: 0
02:23:33 [EntryProc] DumpListMaxCount: 954, ChecksumListMaxCount: 0, InternalListMaxCount: 15, WindowListMaxCount: 0
02:23:35 [EntryProc] Initialization successful
02:23:35 Blocked NtOpenProcess attempt to access our process (PID: 7336) with access rights: 0x00000410
02:23:35 Prevented OpenProcess access to our process from PID: 7336, Process: Unknown, Access: 0x00000410
02:23:35 Blocked NtOpenProcess attempt to access our process (PID: 7336) with access rights: 0x00000410
02:23:35 Prevented OpenProcess access to our process from PID: 7336, Process: Unknown, Access: 0x00000410
02:23:35 Blocked NtOpenProcess attempt to access our process (PID: 7336) with access rights: 0x00000410
02:23:35 Prevented OpenProcess access to our process from PID: 7336, Process: Unknown, Access: 0x00000410
02:23:35 Blocked NtOpenProcess attempt to access our process (PID: 7336) with access rights: 0x00000410
02:23:35 Prevented OpenProcess access to our process from PID: 7336, Process: Unknown, Access: 0x00000410
02:25:36 ----------------------------------------------------------------------------------------------------
02:25:36 [CheckSystemInformation] ClientVersion: 1.0.0, SystemVersion: 6.2.9200, MemoryUsage: 33237/65454mb
02:25:36 All anti-cheat hooks initialized successfully.
02:25:36 [SplashScreen] SplashType: 0, TextSwitch: 1, DisplayText: Licensed to: MUOnline
02:25:36 [CHClientInfoSend] IsReconnect: 0, ClientFileCRC: 3E7B6AC6, HackVersion: 1.0.0, HardwareId: a72615a3d6c5ef84b7a99b81718938e7
02:25:36 [HCClientInfoRecv] Result: 0, EncDecKey: 0 - 0, InternalVersion: 0, Reconnect: 1, MemoryGuard: 0 - 2, MacroProtect: 0 - 6, MemoryAddress: 0 - 0 - 0 - 0 - 0 - 0 - 0 - 0
02:25:36 [HCDumpListRecv] Count: 113, MaxCount: 954
02:25:37 [HCDumpListRecv] Count: 113, MaxCount: 954
02:25:37 [HCDumpListRecv] Count: 113, MaxCount: 954
02:25:37 [HCDumpListRecv] Count: 113, MaxCount: 954
02:25:37 [HCDumpListRecv] Count: 113, MaxCount: 954
02:25:37 [HCDumpListRecv] Count: 113, MaxCount: 954
02:25:37 [HCDumpListRecv] Count: 113, MaxCount: 954
02:25:37 [HCDumpListRecv] Count: 113, MaxCount: 954
02:25:37 [HCDumpListRecv] Count: 50, MaxCount: 954
02:25:37 [HCChecksumListRecv] Count: 0, MaxCount: 0
02:25:37 [HCInternalListRecv] Count: 15, MaxCount: 15
02:25:37 [HCWindowListRecv] Count: 0, MaxCount: 0
02:25:37 [EntryProc] DumpListMaxCount: 954, ChecksumListMaxCount: 0, InternalListMaxCount: 15, WindowListMaxCount: 0
02:25:39 [EntryProc] Initialization successful
02:25:39 Blocked NtOpenProcess attempt to access our process (PID: 49728) with access rights: 0x00000410
02:25:39 Prevented OpenProcess access to our process from PID: 49728, Process: Unknown, Access: 0x00000410
02:25:39 Blocked NtOpenProcess attempt to access our process (PID: 49728) with access rights: 0x00000410
02:25:39 Prevented OpenProcess access to our process from PID: 49728, Process: Unknown, Access: 0x00000410
02:25:39 Blocked NtOpenProcess attempt to access our process (PID: 49728) with access rights: 0x00000410
02:25:39 Prevented OpenProcess access to our process from PID: 49728, Process: Unknown, Access: 0x00000410
02:25:39 Blocked NtOpenProcess attempt to access our process (PID: 49728) with access rights: 0x00000410
02:25:39 Prevented OpenProcess access to our process from PID: 49728, Process: Unknown, Access: 0x00000410
02:26:13 Blocked NtOpenProcess attempt to access our process (PID: 49728) with access rights: 0x00000410
02:26:13 Prevented OpenProcess access to our process from PID: 49728, Process: Unknown, Access: 0x00000410
02:28:56 ----------------------------------------------------------------------------------------------------
02:28:56 [CheckSystemInformation] ClientVersion: 1.0.0, SystemVersion: 6.2.9200, MemoryUsage: 32933/65454mb
02:28:56 All anti-cheat hooks initialized successfully.
02:28:56 [SplashScreen] SplashType: 0, TextSwitch: 1, DisplayText: Licensed to: MUOnline
02:28:57 [CHClientInfoSend] IsReconnect: 0, ClientFileCRC: 3E7B6AC6, HackVersion: 1.0.0, HardwareId: a72615a3d6c5ef84b7a99b81718938e7
02:28:57 [HCClientInfoRecv] Result: 0, EncDecKey: 0 - 0, InternalVersion: 0, Reconnect: 1, MemoryGuard: 0 - 2, MacroProtect: 0 - 6, MemoryAddress: 0 - 0 - 0 - 0 - 0 - 0 - 0 - 0
02:28:57 [HCDumpListRecv] Count: 113, MaxCount: 954
02:28:57 [HCDumpListRecv] Count: 113, MaxCount: 954
02:28:57 [HCDumpListRecv] Count: 113, MaxCount: 954
02:28:57 [HCDumpListRecv] Count: 113, MaxCount: 954
02:28:57 [HCDumpListRecv] Count: 113, MaxCount: 954
02:28:57 [HCDumpListRecv] Count: 113, MaxCount: 954
02:28:57 [HCDumpListRecv] Count: 113, MaxCount: 954
02:28:57 [HCDumpListRecv] Count: 113, MaxCount: 954
02:28:57 [HCDumpListRecv] Count: 50, MaxCount: 954
02:28:57 [HCChecksumListRecv] Count: 0, MaxCount: 0
02:28:57 [HCInternalListRecv] Count: 15, MaxCount: 15
02:28:57 [HCWindowListRecv] Count: 0, MaxCount: 0
02:28:58 [EntryProc] DumpListMaxCount: 954, ChecksumListMaxCount: 0, InternalListMaxCount: 15, WindowListMaxCount: 0
02:29:00 [EntryProc] Initialization successful
02:29:00 Blocked NtOpenProcess attempt to access our process (PID: 22880) with access rights: 0x00000410
02:29:00 Prevented OpenProcess access to our process from PID: 22880, Process: Unknown, Access: 0x00000410
02:29:00 Blocked NtOpenProcess attempt to access our process (PID: 22880) with access rights: 0x00000410
02:29:00 Prevented OpenProcess access to our process from PID: 22880, Process: Unknown, Access: 0x00000410
02:29:00 Blocked NtOpenProcess attempt to access our process (PID: 22880) with access rights: 0x00000410
02:29:00 Prevented OpenProcess access to our process from PID: 22880, Process: Unknown, Access: 0x00000410
02:29:00 Blocked NtOpenProcess attempt to access our process (PID: 22880) with access rights: 0x00000410
02:29:00 Prevented OpenProcess access to our process from PID: 22880, Process: Unknown, Access: 0x00000410
02:29:33 Blocked NtOpenProcess attempt to access our process (PID: 22880) with access rights: 0x00000410
02:29:33 Prevented OpenProcess access to our process from PID: 22880, Process: Unknown, Access: 0x00000410
09:01:29 ----------------------------------------------------------------------------------------------------
09:01:29 [CheckSystemInformation] ClientVersion: 1.0.0, SystemVersion: 6.2.9200, MemoryUsage: 34880/65454mb
09:01:29 All anti-cheat hooks initialized successfully.
09:01:29 [SplashScreen] SplashType: 0, TextSwitch: 1, DisplayText: Licensed to: MUOnline
09:01:30 [CHClientInfoSend] IsReconnect: 0, ClientFileCRC: 3E7B6AC6, HackVersion: 1.0.0, HardwareId: a72615a3d6c5ef84b7a99b81718938e7
09:01:30 [HCClientInfoRecv] Result: 0, EncDecKey: 0 - 0, InternalVersion: 0, Reconnect: 1, MemoryGuard: 0 - 2, MacroProtect: 0 - 6, MemoryAddress: 0 - 0 - 0 - 0 - 0 - 0 - 0 - 0
09:01:30 [HCDumpListRecv] Count: 113, MaxCount: 954
09:01:30 [HCDumpListRecv] Count: 113, MaxCount: 954
09:01:30 [HCDumpListRecv] Count: 113, MaxCount: 954
09:01:30 [HCDumpListRecv] Count: 113, MaxCount: 954
09:01:30 [HCDumpListRecv] Count: 113, MaxCount: 954
09:01:30 [HCDumpListRecv] Count: 113, MaxCount: 954
09:01:30 [HCDumpListRecv] Count: 113, MaxCount: 954
09:01:30 [HCDumpListRecv] Count: 113, MaxCount: 954
09:01:30 [HCDumpListRecv] Count: 50, MaxCount: 954
09:01:30 [HCChecksumListRecv] Count: 0, MaxCount: 0
09:01:30 [HCInternalListRecv] Count: 15, MaxCount: 15
09:01:30 [HCWindowListRecv] Count: 0, MaxCount: 0
09:01:30 [EntryProc] DumpListMaxCount: 954, ChecksumListMaxCount: 0, InternalListMaxCount: 15, WindowListMaxCount: 0
09:01:32 [EntryProc] Initialization successful
09:01:33 Blocked NtOpenProcess attempt to access our process (PID: 25252) with access rights: 0x00000410
09:01:33 Prevented OpenProcess access to our process from PID: 25252, Process: Unknown, Access: 0x00000410
09:01:33 Blocked NtOpenProcess attempt to access our process (PID: 25252) with access rights: 0x00000410
09:01:33 Prevented OpenProcess access to our process from PID: 25252, Process: Unknown, Access: 0x00000410
09:01:33 Blocked NtOpenProcess attempt to access our process (PID: 25252) with access rights: 0x00000410
09:01:33 Prevented OpenProcess access to our process from PID: 25252, Process: Unknown, Access: 0x00000410
09:01:33 Blocked NtOpenProcess attempt to access our process (PID: 25252) with access rights: 0x00000410
09:01:33 Prevented OpenProcess access to our process from PID: 25252, Process: Unknown, Access: 0x00000410
09:02:09 Blocked NtOpenProcess attempt to access our process (PID: 25252) with access rights: 0x00000410
09:02:09 Prevented OpenProcess access to our process from PID: 25252, Process: Unknown, Access: 0x00000410
09:07:26 Blocked NtOpenProcess attempt to access our process (PID: 25252) with access rights: 0x00000410
09:07:26 Prevented OpenProcess access to our process from PID: 25252, Process: Unknown, Access: 0x00000410
09:08:12 ----------------------------------------------------------------------------------------------------
09:08:12 [CheckSystemInformation] ClientVersion: 1.0.0, SystemVersion: 6.2.9200, MemoryUsage: 33312/65454mb
09:08:12 All anti-cheat hooks initialized successfully.
09:08:12 [SplashScreen] SplashType: 0, TextSwitch: 1, DisplayText: Licensed to: MUOnline
09:08:12 [CHClientInfoSend] IsReconnect: 0, ClientFileCRC: 3E7B6AC6, HackVersion: 1.0.0, HardwareId: a72615a3d6c5ef84b7a99b81718938e7
09:08:12 [HCClientInfoRecv] Result: 0, EncDecKey: 0 - 0, InternalVersion: 0, Reconnect: 1, MemoryGuard: 0 - 2, MacroProtect: 0 - 6, MemoryAddress: 0 - 0 - 0 - 0 - 0 - 0 - 0 - 0
09:08:12 [HCDumpListRecv] Count: 113, MaxCount: 954
09:08:12 [HCDumpListRecv] Count: 113, MaxCount: 954
09:08:12 [HCDumpListRecv] Count: 113, MaxCount: 954
09:08:12 [HCDumpListRecv] Count: 113, MaxCount: 954
09:08:12 [HCDumpListRecv] Count: 113, MaxCount: 954
09:08:13 [HCDumpListRecv] Count: 113, MaxCount: 954
09:08:13 [HCDumpListRecv] Count: 113, MaxCount: 954
09:08:13 [HCDumpListRecv] Count: 113, MaxCount: 954
09:08:13 [HCDumpListRecv] Count: 50, MaxCount: 954
09:08:13 [HCChecksumListRecv] Count: 0, MaxCount: 0
09:08:13 [HCInternalListRecv] Count: 15, MaxCount: 15
09:08:13 [HCWindowListRecv] Count: 0, MaxCount: 0
09:08:13 [EntryProc] DumpListMaxCount: 954, ChecksumListMaxCount: 0, InternalListMaxCount: 15, WindowListMaxCount: 0
09:08:15 [EntryProc] Initialization successful
09:08:15 Blocked NtOpenProcess attempt to access our process (PID: 53856) with access rights: 0x00000410
09:08:15 Prevented OpenProcess access to our process from PID: 53856, Process: Unknown, Access: 0x00000410
09:08:15 Blocked NtOpenProcess attempt to access our process (PID: 53856) with access rights: 0x00000410
09:08:15 Prevented OpenProcess access to our process from PID: 53856, Process: Unknown, Access: 0x00000410
09:08:15 Blocked NtOpenProcess attempt to access our process (PID: 53856) with access rights: 0x00000410
09:08:15 Prevented OpenProcess access to our process from PID: 53856, Process: Unknown, Access: 0x00000410
09:08:15 Blocked NtOpenProcess attempt to access our process (PID: 53856) with access rights: 0x00000410
09:08:15 Prevented OpenProcess access to our process from PID: 53856, Process: Unknown, Access: 0x00000410
09:08:49 Blocked NtOpenProcess attempt to access our process (PID: 53856) with access rights: 0x00000410
09:08:49 Prevented OpenProcess access to our process from PID: 53856, Process: Unknown, Access: 0x00000410
09:14:06 Blocked NtOpenProcess attempt to access our process (PID: 53856) with access rights: 0x00000410
09:14:06 Prevented OpenProcess access to our process from PID: 53856, Process: Unknown, Access: 0x00000410
09:26:46 ----------------------------------------------------------------------------------------------------
09:26:46 [CheckSystemInformation] ClientVersion: 1.0.0, SystemVersion: 6.2.9200, MemoryUsage: 31788/65454mb
09:26:46 All anti-cheat hooks initialized successfully.
09:26:46 [SplashScreen] SplashType: 0, TextSwitch: 1, DisplayText: Licensed to: MUOnline
09:26:47 [CHClientInfoSend] IsReconnect: 0, ClientFileCRC: 3E7B6AC6, HackVersion: 1.0.0, HardwareId: a72615a3d6c5ef84b7a99b81718938e7
09:26:47 [HCClientInfoRecv] Result: 0, EncDecKey: 0 - 0, InternalVersion: 0, Reconnect: 1, MemoryGuard: 0 - 2, MacroProtect: 0 - 6, MemoryAddress: 0 - 0 - 0 - 0 - 0 - 0 - 0 - 0
09:26:47 [HCDumpListRecv] Count: 113, MaxCount: 954
09:26:47 [HCDumpListRecv] Count: 113, MaxCount: 954
09:26:47 [HCDumpListRecv] Count: 113, MaxCount: 954
09:26:47 [HCDumpListRecv] Count: 113, MaxCount: 954
09:26:47 [HCDumpListRecv] Count: 113, MaxCount: 954
09:26:47 [HCDumpListRecv] Count: 113, MaxCount: 954
09:26:47 [HCDumpListRecv] Count: 113, MaxCount: 954
09:26:47 [HCDumpListRecv] Count: 113, MaxCount: 954
09:26:47 [HCDumpListRecv] Count: 50, MaxCount: 954
09:26:47 [HCChecksumListRecv] Count: 0, MaxCount: 0
09:26:47 [HCInternalListRecv] Count: 15, MaxCount: 15
09:26:47 [HCWindowListRecv] Count: 0, MaxCount: 0
09:26:47 [EntryProc] DumpListMaxCount: 954, ChecksumListMaxCount: 0, InternalListMaxCount: 15, WindowListMaxCount: 0
09:26:49 [EntryProc] Initialization successful
09:26:49 Blocked NtOpenProcess attempt to access our process (PID: 49864) with access rights: 0x00000410
09:26:49 Prevented OpenProcess access to our process from PID: 49864, Process: Unknown, Access: 0x00000410
09:26:49 Blocked NtOpenProcess attempt to access our process (PID: 49864) with access rights: 0x00000410
09:26:49 Prevented OpenProcess access to our process from PID: 49864, Process: Unknown, Access: 0x00000410
09:26:49 Blocked NtOpenProcess attempt to access our process (PID: 49864) with access rights: 0x00000410
09:26:49 Prevented OpenProcess access to our process from PID: 49864, Process: Unknown, Access: 0x00000410
09:26:49 Blocked NtOpenProcess attempt to access our process (PID: 49864) with access rights: 0x00000410
09:26:49 Prevented OpenProcess access to our process from PID: 49864, Process: Unknown, Access: 0x00000410
09:27:23 Blocked NtOpenProcess attempt to access our process (PID: 49864) with access rights: 0x00000410
09:27:23 Prevented OpenProcess access to our process from PID: 49864, Process: Unknown, Access: 0x00000410
09:32:40 Blocked NtOpenProcess attempt to access our process (PID: 49864) with access rights: 0x00000410
09:32:40 Prevented OpenProcess access to our process from PID: 49864, Process: Unknown, Access: 0x00000410
09:38:25 ----------------------------------------------------------------------------------------------------
09:38:25 [CheckSystemInformation] ClientVersion: 1.0.0, SystemVersion: 6.2.9200, MemoryUsage: 31794/65454mb
09:38:25 All anti-cheat hooks initialized successfully.
09:38:25 [SplashScreen] SplashType: 0, TextSwitch: 1, DisplayText: Licensed to: MUOnline
09:38:26 [CHClientInfoSend] IsReconnect: 0, ClientFileCRC: 3E7B6AC6, HackVersion: 1.0.0, HardwareId: a72615a3d6c5ef84b7a99b81718938e7
09:38:26 [HCClientInfoRecv] Result: 0, EncDecKey: 0 - 0, InternalVersion: 0, Reconnect: 1, MemoryGuard: 0 - 2, MacroProtect: 0 - 6, MemoryAddress: 0 - 0 - 0 - 0 - 0 - 0 - 0 - 0
09:38:26 [HCDumpListRecv] Count: 113, MaxCount: 954
09:38:26 [HCDumpListRecv] Count: 113, MaxCount: 954
09:38:26 [HCDumpListRecv] Count: 113, MaxCount: 954
09:38:26 [HCDumpListRecv] Count: 113, MaxCount: 954
09:38:26 [HCDumpListRecv] Count: 113, MaxCount: 954
09:38:26 [HCDumpListRecv] Count: 113, MaxCount: 954
09:38:26 [HCDumpListRecv] Count: 113, MaxCount: 954
09:38:26 [HCDumpListRecv] Count: 113, MaxCount: 954
09:38:26 [HCDumpListRecv] Count: 50, MaxCount: 954
09:38:26 [HCChecksumListRecv] Count: 0, MaxCount: 0
09:38:26 [HCInternalListRecv] Count: 15, MaxCount: 15
09:38:26 [HCWindowListRecv] Count: 0, MaxCount: 0
09:38:27 [EntryProc] DumpListMaxCount: 954, ChecksumListMaxCount: 0, InternalListMaxCount: 15, WindowListMaxCount: 0
09:38:29 [EntryProc] Initialization successful
09:38:29 Blocked NtOpenProcess attempt to access our process (PID: 26316) with access rights: 0x00000410
09:38:29 Prevented OpenProcess access to our process from PID: 26316, Process: Unknown, Access: 0x00000410
09:38:29 Blocked NtOpenProcess attempt to access our process (PID: 26316) with access rights: 0x00000410
09:38:29 Prevented OpenProcess access to our process from PID: 26316, Process: Unknown, Access: 0x00000410
09:38:29 Blocked NtOpenProcess attempt to access our process (PID: 26316) with access rights: 0x00000410
09:38:29 Prevented OpenProcess access to our process from PID: 26316, Process: Unknown, Access: 0x00000410
09:38:29 Blocked NtOpenProcess attempt to access our process (PID: 26316) with access rights: 0x00000410
09:38:29 Prevented OpenProcess access to our process from PID: 26316, Process: Unknown, Access: 0x00000410
09:39:03 Blocked NtOpenProcess attempt to access our process (PID: 26316) with access rights: 0x00000410
09:39:03 Prevented OpenProcess access to our process from PID: 26316, Process: Unknown, Access: 0x00000410
09:41:54 ----------------------------------------------------------------------------------------------------
09:41:54 [CheckSystemInformation] ClientVersion: 1.0.0, SystemVersion: 6.2.9200, MemoryUsage: 31804/65454mb
09:41:54 All anti-cheat hooks initialized successfully.
09:41:54 [SplashScreen] SplashType: 0, TextSwitch: 1, DisplayText: Licensed to: MUOnline
09:41:55 [CHClientInfoSend] IsReconnect: 0, ClientFileCRC: 3E7B6AC6, HackVersion: 1.0.0, HardwareId: a72615a3d6c5ef84b7a99b81718938e7
09:41:55 [HCClientInfoRecv] Result: 0, EncDecKey: 0 - 0, InternalVersion: 0, Reconnect: 1, MemoryGuard: 0 - 2, MacroProtect: 0 - 6, MemoryAddress: 0 - 0 - 0 - 0 - 0 - 0 - 0 - 0
09:41:55 [HCDumpListRecv] Count: 113, MaxCount: 954
09:41:55 [HCDumpListRecv] Count: 113, MaxCount: 954
09:41:55 [HCDumpListRecv] Count: 113, MaxCount: 954
09:41:55 [HCDumpListRecv] Count: 113, MaxCount: 954
09:41:55 [HCDumpListRecv] Count: 113, MaxCount: 954
09:41:55 [HCDumpListRecv] Count: 113, MaxCount: 954
09:41:55 [HCDumpListRecv] Count: 113, MaxCount: 954
09:41:55 [HCDumpListRecv] Count: 113, MaxCount: 954
09:41:55 [HCDumpListRecv] Count: 50, MaxCount: 954
09:41:55 [HCChecksumListRecv] Count: 0, MaxCount: 0
09:41:55 [HCInternalListRecv] Count: 15, MaxCount: 15
09:41:55 [HCWindowListRecv] Count: 0, MaxCount: 0
09:41:55 [EntryProc] DumpListMaxCount: 954, ChecksumListMaxCount: 0, InternalListMaxCount: 15, WindowListMaxCount: 0
09:41:57 [EntryProc] Initialization successful
09:41:57 Blocked NtOpenProcess attempt to access our process (PID: 9448) with access rights: 0x00000410
09:41:57 Prevented OpenProcess access to our process from PID: 9448, Process: Unknown, Access: 0x00000410
09:41:57 Blocked NtOpenProcess attempt to access our process (PID: 9448) with access rights: 0x00000410
09:41:57 Prevented OpenProcess access to our process from PID: 9448, Process: Unknown, Access: 0x00000410
09:41:57 Blocked NtOpenProcess attempt to access our process (PID: 9448) with access rights: 0x00000410
09:41:57 Prevented OpenProcess access to our process from PID: 9448, Process: Unknown, Access: 0x00000410
09:41:57 Blocked NtOpenProcess attempt to access our process (PID: 9448) with access rights: 0x00000410
09:41:57 Prevented OpenProcess access to our process from PID: 9448, Process: Unknown, Access: 0x00000410
09:42:31 Blocked NtOpenProcess attempt to access our process (PID: 9448) with access rights: 0x00000410
09:42:31 Prevented OpenProcess access to our process from PID: 9448, Process: Unknown, Access: 0x00000410
09:42:49 ----------------------------------------------------------------------------------------------------
09:42:49 [CheckSystemInformation] ClientVersion: 1.0.0, SystemVersion: 6.2.9200, MemoryUsage: 32058/65454mb
09:42:49 All anti-cheat hooks initialized successfully.
09:42:49 [SplashScreen] SplashType: 0, TextSwitch: 1, DisplayText: Licensed to: MUOnline
09:42:50 [CHClientInfoSend] IsReconnect: 0, ClientFileCRC: 3E7B6AC6, HackVersion: 1.0.0, HardwareId: a72615a3d6c5ef84b7a99b81718938e7
09:42:50 [HCClientInfoRecv] Result: 0, EncDecKey: 0 - 0, InternalVersion: 0, Reconnect: 1, MemoryGuard: 0 - 2, MacroProtect: 0 - 6, MemoryAddress: 0 - 0 - 0 - 0 - 0 - 0 - 0 - 0
09:42:50 [HCDumpListRecv] Count: 113, MaxCount: 954
09:42:50 [HCDumpListRecv] Count: 113, MaxCount: 954
09:42:50 [HCDumpListRecv] Count: 113, MaxCount: 954
09:42:50 [HCDumpListRecv] Count: 113, MaxCount: 954
09:42:50 [HCDumpListRecv] Count: 113, MaxCount: 954
09:42:50 [HCDumpListRecv] Count: 113, MaxCount: 954
09:42:50 [HCDumpListRecv] Count: 113, MaxCount: 954
09:42:50 [HCDumpListRecv] Count: 113, MaxCount: 954
09:42:50 [HCDumpListRecv] Count: 50, MaxCount: 954
09:42:50 [HCChecksumListRecv] Count: 0, MaxCount: 0
09:42:50 [HCInternalListRecv] Count: 15, MaxCount: 15
09:42:50 [HCWindowListRecv] Count: 0, MaxCount: 0
09:42:50 [EntryProc] DumpListMaxCount: 954, ChecksumListMaxCount: 0, InternalListMaxCount: 15, WindowListMaxCount: 0
09:42:52 [EntryProc] Initialization successful
09:42:52 Blocked NtOpenProcess attempt to access our process (PID: 48356) with access rights: 0x00000410
09:42:52 Prevented OpenProcess access to our process from PID: 48356, Process: Unknown, Access: 0x00000410
09:42:52 Blocked NtOpenProcess attempt to access our process (PID: 48356) with access rights: 0x00000410
09:42:52 Prevented OpenProcess access to our process from PID: 48356, Process: Unknown, Access: 0x00000410
09:42:52 Blocked NtOpenProcess attempt to access our process (PID: 48356) with access rights: 0x00000410
09:42:52 Prevented OpenProcess access to our process from PID: 48356, Process: Unknown, Access: 0x00000410
09:42:52 Blocked NtOpenProcess attempt to access our process (PID: 48356) with access rights: 0x00000410
09:42:52 Prevented OpenProcess access to our process from PID: 48356, Process: Unknown, Access: 0x00000410
09:43:26 Blocked NtOpenProcess attempt to access our process (PID: 48356) with access rights: 0x00000410
09:43:26 Prevented OpenProcess access to our process from PID: 48356, Process: Unknown, Access: 0x00000410
09:48:45 ----------------------------------------------------------------------------------------------------
09:48:45 [CheckSystemInformation] ClientVersion: 1.0.0, SystemVersion: 6.2.9200, MemoryUsage: 32030/65454mb
09:48:45 All anti-cheat hooks initialized successfully.
09:48:45 [SplashScreen] SplashType: 0, TextSwitch: 1, DisplayText: Licensed to: MUOnline
09:48:46 [CHClientInfoSend] IsReconnect: 0, ClientFileCRC: 3E7B6AC6, HackVersion: 1.0.0, HardwareId: a72615a3d6c5ef84b7a99b81718938e7
09:48:46 [HCClientInfoRecv] Result: 0, EncDecKey: 0 - 0, InternalVersion: 0, Reconnect: 1, MemoryGuard: 0 - 2, MacroProtect: 0 - 6, MemoryAddress: 0 - 0 - 0 - 0 - 0 - 0 - 0 - 0
09:48:46 [HCDumpListRecv] Count: 113, MaxCount: 954
09:48:46 [HCDumpListRecv] Count: 113, MaxCount: 954
09:48:46 [HCDumpListRecv] Count: 113, MaxCount: 954
09:48:46 [HCDumpListRecv] Count: 113, MaxCount: 954
09:48:46 [HCDumpListRecv] Count: 113, MaxCount: 954
09:48:46 [HCDumpListRecv] Count: 113, MaxCount: 954
09:48:46 [HCDumpListRecv] Count: 113, MaxCount: 954
09:48:46 [HCDumpListRecv] Count: 113, MaxCount: 954
09:48:46 [HCDumpListRecv] Count: 50, MaxCount: 954
09:48:46 [HCChecksumListRecv] Count: 0, MaxCount: 0
09:48:46 [HCInternalListRecv] Count: 15, MaxCount: 15
09:48:46 [HCWindowListRecv] Count: 0, MaxCount: 0
09:48:46 [EntryProc] DumpListMaxCount: 954, ChecksumListMaxCount: 0, InternalListMaxCount: 15, WindowListMaxCount: 0
09:48:48 [EntryProc] Initialization successful
09:48:48 Blocked NtOpenProcess attempt to access our process (PID: 54708) with access rights: 0x00000410
09:48:48 Prevented OpenProcess access to our process from PID: 54708, Process: Unknown, Access: 0x00000410
09:48:48 Blocked NtOpenProcess attempt to access our process (PID: 54708) with access rights: 0x00000410
09:48:48 Prevented OpenProcess access to our process from PID: 54708, Process: Unknown, Access: 0x00000410
09:48:48 Blocked NtOpenProcess attempt to access our process (PID: 54708) with access rights: 0x00000410
09:48:48 Prevented OpenProcess access to our process from PID: 54708, Process: Unknown, Access: 0x00000410
09:48:48 Blocked NtOpenProcess attempt to access our process (PID: 54708) with access rights: 0x00000410
09:48:48 Prevented OpenProcess access to our process from PID: 54708, Process: Unknown, Access: 0x00000410
09:49:22 Blocked NtOpenProcess attempt to access our process (PID: 54708) with access rights: 0x00000410
09:49:22 Prevented OpenProcess access to our process from PID: 54708, Process: Unknown, Access: 0x00000410
09:50:51 ----------------------------------------------------------------------------------------------------
09:50:51 [CheckSystemInformation] ClientVersion: 1.0.0, SystemVersion: 6.2.9200, MemoryUsage: 32155/65454mb
09:50:51 All anti-cheat hooks initialized successfully.
09:50:51 [SplashScreen] SplashType: 0, TextSwitch: 1, DisplayText: Licensed to: MUOnline
09:50:52 [CHClientInfoSend] IsReconnect: 0, ClientFileCRC: 3E7B6AC6, HackVersion: 1.0.0, HardwareId: a72615a3d6c5ef84b7a99b81718938e7
09:50:52 [HCClientInfoRecv] Result: 0, EncDecKey: 0 - 0, InternalVersion: 0, Reconnect: 1, MemoryGuard: 0 - 2, MacroProtect: 0 - 6, MemoryAddress: 0 - 0 - 0 - 0 - 0 - 0 - 0 - 0
09:50:52 [HCDumpListRecv] Count: 113, MaxCount: 954
09:50:52 [HCDumpListRecv] Count: 113, MaxCount: 954
09:50:52 [HCDumpListRecv] Count: 113, MaxCount: 954
09:50:52 [HCDumpListRecv] Count: 113, MaxCount: 954
09:50:52 [HCDumpListRecv] Count: 113, MaxCount: 954
09:50:52 [HCDumpListRecv] Count: 113, MaxCount: 954
09:50:52 [HCDumpListRecv] Count: 113, MaxCount: 954
09:50:52 [HCDumpListRecv] Count: 113, MaxCount: 954
09:50:52 [HCDumpListRecv] Count: 50, MaxCount: 954
09:50:52 [HCChecksumListRecv] Count: 0, MaxCount: 0
09:50:52 [HCInternalListRecv] Count: 15, MaxCount: 15
09:50:52 [HCWindowListRecv] Count: 0, MaxCount: 0
09:50:52 [EntryProc] DumpListMaxCount: 954, ChecksumListMaxCount: 0, InternalListMaxCount: 15, WindowListMaxCount: 0
09:50:54 [EntryProc] Initialization successful
09:50:54 Blocked NtOpenProcess attempt to access our process (PID: 39376) with access rights: 0x00000410
09:50:54 Prevented OpenProcess access to our process from PID: 39376, Process: Unknown, Access: 0x00000410
09:50:54 Blocked NtOpenProcess attempt to access our process (PID: 39376) with access rights: 0x00000410
09:50:54 Prevented OpenProcess access to our process from PID: 39376, Process: Unknown, Access: 0x00000410
09:50:54 Blocked NtOpenProcess attempt to access our process (PID: 39376) with access rights: 0x00000410
09:50:54 Prevented OpenProcess access to our process from PID: 39376, Process: Unknown, Access: 0x00000410
09:50:54 Blocked NtOpenProcess attempt to access our process (PID: 39376) with access rights: 0x00000410
09:50:54 Prevented OpenProcess access to our process from PID: 39376, Process: Unknown, Access: 0x00000410
09:51:28 Blocked NtOpenProcess attempt to access our process (PID: 39376) with access rights: 0x00000410
09:51:28 Prevented OpenProcess access to our process from PID: 39376, Process: Unknown, Access: 0x00000410
09:56:44 Blocked NtOpenProcess attempt to access our process (PID: 39376) with access rights: 0x00000410
09:56:44 Prevented OpenProcess access to our process from PID: 39376, Process: Unknown, Access: 0x00000410
10:01:59 Blocked NtOpenProcess attempt to access our process (PID: 39376) with access rights: 0x00000410
10:01:59 Prevented OpenProcess access to our process from PID: 39376, Process: Unknown, Access: 0x00000410
10:07:08 Blocked NtOpenProcess attempt to access our process (PID: 39376) with access rights: 0x00000410
10:07:08 Prevented OpenProcess access to our process from PID: 39376, Process: Unknown, Access: 0x00000410
10:12:18 Blocked NtOpenProcess attempt to access our process (PID: 39376) with access rights: 0x00000410
10:12:18 Prevented OpenProcess access to our process from PID: 39376, Process: Unknown, Access: 0x00000410
10:17:27 Blocked NtOpenProcess attempt to access our process (PID: 39376) with access rights: 0x00000410
10:17:27 Prevented OpenProcess access to our process from PID: 39376, Process: Unknown, Access: 0x00000410
10:22:35 Blocked NtOpenProcess attempt to access our process (PID: 39376) with access rights: 0x00000410
10:22:35 Prevented OpenProcess access to our process from PID: 39376, Process: Unknown, Access: 0x00000410
10:27:42 Blocked NtOpenProcess attempt to access our process (PID: 39376) with access rights: 0x00000410
10:27:42 Prevented OpenProcess access to our process from PID: 39376, Process: Unknown, Access: 0x00000410
10:32:49 Blocked NtOpenProcess attempt to access our process (PID: 39376) with access rights: 0x00000410
10:32:49 Prevented OpenProcess access to our process from PID: 39376, Process: Unknown, Access: 0x00000410
10:37:56 Blocked NtOpenProcess attempt to access our process (PID: 39376) with access rights: 0x00000410
10:37:56 Prevented OpenProcess access to our process from PID: 39376, Process: Unknown, Access: 0x00000410
10:43:02 Blocked NtOpenProcess attempt to access our process (PID: 39376) with access rights: 0x00000410
10:43:02 Prevented OpenProcess access to our process from PID: 39376, Process: Unknown, Access: 0x00000410
10:48:08 Blocked NtOpenProcess attempt to access our process (PID: 39376) with access rights: 0x00000410
10:48:08 Prevented OpenProcess access to our process from PID: 39376, Process: Unknown, Access: 0x00000410
10:53:14 Blocked NtOpenProcess attempt to access our process (PID: 39376) with access rights: 0x00000410
10:53:14 Prevented OpenProcess access to our process from PID: 39376, Process: Unknown, Access: 0x00000410
10:58:20 Blocked NtOpenProcess attempt to access our process (PID: 39376) with access rights: 0x00000410
10:58:20 Prevented OpenProcess access to our process from PID: 39376, Process: Unknown, Access: 0x00000410
11:03:25 Blocked NtOpenProcess attempt to access our process (PID: 39376) with access rights: 0x00000410
11:03:25 Prevented OpenProcess access to our process from PID: 39376, Process: Unknown, Access: 0x00000410
