01:16:05 ----------------------------------------------------------------------------------------------------
01:16:05 [CheckSystemInformation] ClientVersion: UNI, SystemVersion: 6.2.9200, MemoryUsage: 32552/65454mb
01:16:05 All anti-cheat hooks initialized successfully.
01:16:05 [SplashScreen] SplashType: 0, TextSwitch: 1, DisplayText: Licensed to: MUNIV
01:16:05 [CHClientInfoSend] IsReconnect: 0, ClientFileCRC: A30FD826, HackVersion: UNI, HardwareId: a72615a3d6c5ef84b7a99b81718938e7
01:16:05 [HCClientInfoRecv] Result: 0, EncDecKey: 0 - 0, InternalVersion: 0, Reconnect: 1, MemoryGuard: 0 - 2, MacroProtect: 0 - 6, MemoryAddress: 0 - 0 - 0 - 0 - 0 - 0 - 0 - 0
01:16:05 [HCDumpListRecv] Count: 0, MaxCount: 0
01:16:05 [HCChecksumListRecv] Count: 0, MaxCount: 0
01:16:05 [HCInternalListRecv] Count: 0, MaxCount: 0
01:16:05 [HCWindowListRecv] Count: 0, MaxCount: 0
01:16:05 [EntryProc] DumpListMaxCount: 0, ChecksumListMaxCount: 0, InternalListMaxCount: 0, WindowListMaxCount: 0
01:16:05 Blocked NtOpenProcess attempt to access our process (PID: 26340) with access rights: 0x00000410
01:16:05 Prevented OpenProcess access to our process from PID: 26340, Process: Unknown, Access: 0x00000410
01:16:07 [EntryProc] Initialization successful
01:16:07 Blocked NtOpenProcess attempt to access our process (PID: 26340) with access rights: 0x00000410
01:16:07 Prevented OpenProcess access to our process from PID: 26340, Process: Unknown, Access: 0x00000410
01:16:07 Blocked NtOpenProcess attempt to access our process (PID: 26340) with access rights: 0x00000410
01:16:07 Prevented OpenProcess access to our process from PID: 26340, Process: Unknown, Access: 0x00000410
01:16:07 Blocked NtOpenProcess attempt to access our process (PID: 26340) with access rights: 0x00000410
01:16:07 Prevented OpenProcess access to our process from PID: 26340, Process: Unknown, Access: 0x00000410
01:16:07 Blocked NtOpenProcess attempt to access our process (PID: 26340) with access rights: 0x00000410
01:16:07 Prevented OpenProcess access to our process from PID: 26340, Process: Unknown, Access: 0x00000410
01:19:38 ----------------------------------------------------------------------------------------------------
01:19:38 [CheckSystemInformation] ClientVersion: UNI, SystemVersion: 6.2.9200, MemoryUsage: 32505/65454mb
01:19:38 All anti-cheat hooks initialized successfully.
01:19:38 [SplashScreen] SplashType: 0, TextSwitch: 1, DisplayText: Licensed to: MUNIV
01:19:38 [CHClientInfoSend] IsReconnect: 0, ClientFileCRC: A30FD826, HackVersion: UNI, HardwareId: a72615a3d6c5ef84b7a99b81718938e7
01:19:38 [HCClientInfoRecv] Result: 0, EncDecKey: 0 - 0, InternalVersion: 0, Reconnect: 1, MemoryGuard: 0 - 2, MacroProtect: 0 - 6, MemoryAddress: 0 - 0 - 0 - 0 - 0 - 0 - 0 - 0
01:19:38 [HCDumpListRecv] Count: 0, MaxCount: 0
01:19:38 [HCChecksumListRecv] Count: 0, MaxCount: 0
01:19:38 [HCInternalListRecv] Count: 0, MaxCount: 0
01:19:38 [HCWindowListRecv] Count: 0, MaxCount: 0
01:19:38 [EntryProc] DumpListMaxCount: 0, ChecksumListMaxCount: 0, InternalListMaxCount: 0, WindowListMaxCount: 0
01:19:38 Blocked NtOpenProcess attempt to access our process (PID: 66692) with access rights: 0x00000410
01:19:38 Prevented OpenProcess access to our process from PID: 66692, Process: Unknown, Access: 0x00000410
01:19:40 [EntryProc] Initialization successful
01:19:40 Blocked NtOpenProcess attempt to access our process (PID: 66692) with access rights: 0x00000410
01:19:40 Prevented OpenProcess access to our process from PID: 66692, Process: Unknown, Access: 0x00000410
01:19:40 Blocked NtOpenProcess attempt to access our process (PID: 66692) with access rights: 0x00000410
01:19:40 Prevented OpenProcess access to our process from PID: 66692, Process: Unknown, Access: 0x00000410
01:19:40 Blocked NtOpenProcess attempt to access our process (PID: 66692) with access rights: 0x00000410
01:19:40 Prevented OpenProcess access to our process from PID: 66692, Process: Unknown, Access: 0x00000410
01:19:40 Blocked NtOpenProcess attempt to access our process (PID: 66692) with access rights: 0x00000410
01:19:40 Prevented OpenProcess access to our process from PID: 66692, Process: Unknown, Access: 0x00000410
01:34:52 ----------------------------------------------------------------------------------------------------
01:34:52 [CheckSystemInformation] ClientVersion: UNI, SystemVersion: 6.2.9200, MemoryUsage: 8221/65454mb
01:34:52 All anti-cheat hooks initialized successfully.
01:34:52 [SplashScreen] SplashType: 0, TextSwitch: 1, DisplayText: Licensed to: MUNIV
01:34:52 [CHClientInfoSend] IsReconnect: 0, ClientFileCRC: A30FD826, HackVersion: UNI, HardwareId: a72615a3d6c5ef84b7a99b81718938e7
01:34:52 [HCClientInfoRecv] Result: 0, EncDecKey: 0 - 0, InternalVersion: 0, Reconnect: 1, MemoryGuard: 0 - 2, MacroProtect: 0 - 6, MemoryAddress: 0 - 0 - 0 - 0 - 0 - 0 - 0 - 0
01:34:52 [HCDumpListRecv] Count: 0, MaxCount: 0
01:34:52 [HCChecksumListRecv] Count: 0, MaxCount: 0
01:34:52 [HCInternalListRecv] Count: 0, MaxCount: 0
01:34:52 [HCWindowListRecv] Count: 0, MaxCount: 0
01:34:52 [EntryProc] DumpListMaxCount: 0, ChecksumListMaxCount: 0, InternalListMaxCount: 0, WindowListMaxCount: 0
01:34:52 Blocked NtOpenProcess attempt to access our process (PID: 3712) with access rights: 0x00000410
01:34:52 Prevented OpenProcess access to our process from PID: 3712, Process: Unknown, Access: 0x00000410
01:34:54 [EntryProc] Initialization successful
01:34:54 Blocked NtOpenProcess attempt to access our process (PID: 3712) with access rights: 0x00000410
01:34:54 Prevented OpenProcess access to our process from PID: 3712, Process: Unknown, Access: 0x00000410
01:34:54 Blocked NtOpenProcess attempt to access our process (PID: 3712) with access rights: 0x00000410
01:34:54 Prevented OpenProcess access to our process from PID: 3712, Process: Unknown, Access: 0x00000410
01:34:54 Blocked NtOpenProcess attempt to access our process (PID: 3712) with access rights: 0x00000410
01:34:54 Prevented OpenProcess access to our process from PID: 3712, Process: Unknown, Access: 0x00000410
01:34:54 Blocked NtOpenProcess attempt to access our process (PID: 3712) with access rights: 0x00000410
01:34:54 Prevented OpenProcess access to our process from PID: 3712, Process: Unknown, Access: 0x00000410
22:01:18 ----------------------------------------------------------------------------------------------------
22:01:18 [CheckSystemInformation] ClientVersion: UNI, SystemVersion: 6.2.9200, MemoryUsage: 31733/65454mb
22:01:18 All anti-cheat hooks initialized successfully.
22:01:18 [SplashScreen] SplashType: 0, TextSwitch: 1, DisplayText: Licensed to: MUNIV
22:01:19 [CHClientInfoSend] IsReconnect: 0, ClientFileCRC: A30FD826, HackVersion: UNI, HardwareId: a72615a3d6c5ef84b7a99b81718938e7
22:01:19 [HCClientInfoRecv] Result: 0, EncDecKey: 0 - 0, InternalVersion: 0, Reconnect: 1, MemoryGuard: 0 - 2, MacroProtect: 0 - 6, MemoryAddress: 0 - 0 - 0 - 0 - 0 - 0 - 0 - 0
22:01:20 [HCDumpListRecv] Count: 0, MaxCount: 0
22:01:20 [HCChecksumListRecv] Count: 0, MaxCount: 0
22:01:20 [HCInternalListRecv] Count: 0, MaxCount: 0
22:01:20 [HCWindowListRecv] Count: 0, MaxCount: 0
22:01:20 [EntryProc] DumpListMaxCount: 0, ChecksumListMaxCount: 0, InternalListMaxCount: 0, WindowListMaxCount: 0
22:01:20 Blocked NtOpenProcess attempt to access our process (PID: 33148) with access rights: 0x00000410
22:01:20 Prevented OpenProcess access to our process from PID: 33148, Process: Unknown, Access: 0x00000410
22:01:22 [EntryProc] Initialization successful
22:01:22 Blocked NtOpenProcess attempt to access our process (PID: 33148) with access rights: 0x00000410
22:01:22 Prevented OpenProcess access to our process from PID: 33148, Process: Unknown, Access: 0x00000410
22:01:22 Blocked NtOpenProcess attempt to access our process (PID: 33148) with access rights: 0x00000410
22:01:22 Prevented OpenProcess access to our process from PID: 33148, Process: Unknown, Access: 0x00000410
22:01:22 Blocked NtOpenProcess attempt to access our process (PID: 33148) with access rights: 0x00000410
22:01:22 Prevented OpenProcess access to our process from PID: 33148, Process: Unknown, Access: 0x00000410
22:01:22 Blocked NtOpenProcess attempt to access our process (PID: 33148) with access rights: 0x00000410
22:01:22 Prevented OpenProcess access to our process from PID: 33148, Process: Unknown, Access: 0x00000410
22:06:22 Blocked NtOpenProcess attempt to access our process (PID: 33148) with access rights: 0x00000410
22:06:22 Prevented OpenProcess access to our process from PID: 33148, Process: Unknown, Access: 0x00000410
22:11:24 Blocked NtOpenProcess attempt to access our process (PID: 33148) with access rights: 0x00000410
22:11:24 Prevented OpenProcess access to our process from PID: 33148, Process: Unknown, Access: 0x00000410
22:16:26 Blocked NtOpenProcess attempt to access our process (PID: 33148) with access rights: 0x00000410
22:16:26 Prevented OpenProcess access to our process from PID: 33148, Process: Unknown, Access: 0x00000410
22:21:28 Blocked NtOpenProcess attempt to access our process (PID: 33148) with access rights: 0x00000410
22:21:28 Prevented OpenProcess access to our process from PID: 33148, Process: Unknown, Access: 0x00000410
22:25:35 ----------------------------------------------------------------------------------------------------
22:25:35 [CheckSystemInformation] ClientVersion: UNI, SystemVersion: 6.2.9200, MemoryUsage: 26045/65454mb
22:25:35 All anti-cheat hooks initialized successfully.
22:25:35 [SplashScreen] SplashType: 0, TextSwitch: 1, DisplayText: Licensed to: MUNIV
22:25:36 [CHClientInfoSend] IsReconnect: 0, ClientFileCRC: A30FD826, HackVersion: UNI, HardwareId: a72615a3d6c5ef84b7a99b81718938e7
22:25:36 [HCClientInfoRecv] Result: 0, EncDecKey: 0 - 0, InternalVersion: 0, Reconnect: 1, MemoryGuard: 0 - 2, MacroProtect: 0 - 6, MemoryAddress: 0 - 0 - 0 - 0 - 0 - 0 - 0 - 0
22:25:36 [HCDumpListRecv] Count: 0, MaxCount: 0
22:25:36 [HCChecksumListRecv] Count: 0, MaxCount: 0
22:25:36 [HCInternalListRecv] Count: 0, MaxCount: 0
22:25:36 [HCWindowListRecv] Count: 0, MaxCount: 0
22:25:36 [EntryProc] DumpListMaxCount: 0, ChecksumListMaxCount: 0, InternalListMaxCount: 0, WindowListMaxCount: 0
22:25:36 Blocked NtOpenProcess attempt to access our process (PID: 26248) with access rights: 0x00000410
22:25:36 Prevented OpenProcess access to our process from PID: 26248, Process: Unknown, Access: 0x00000410
22:25:38 [EntryProc] Initialization successful
22:25:38 Blocked NtOpenProcess attempt to access our process (PID: 26248) with access rights: 0x00000410
22:25:38 Prevented OpenProcess access to our process from PID: 26248, Process: Unknown, Access: 0x00000410
22:25:38 Blocked NtOpenProcess attempt to access our process (PID: 26248) with access rights: 0x00000410
22:25:38 Prevented OpenProcess access to our process from PID: 26248, Process: Unknown, Access: 0x00000410
22:25:38 Blocked NtOpenProcess attempt to access our process (PID: 26248) with access rights: 0x00000410
22:25:38 Prevented OpenProcess access to our process from PID: 26248, Process: Unknown, Access: 0x00000410
22:25:38 Blocked NtOpenProcess attempt to access our process (PID: 26248) with access rights: 0x00000410
22:25:38 Prevented OpenProcess access to our process from PID: 26248, Process: Unknown, Access: 0x00000410
23:24:44 ----------------------------------------------------------------------------------------------------
23:24:44 [CheckSystemInformation] ClientVersion: UNI, SystemVersion: 6.2.9200, MemoryUsage: 30238/65454mb
23:24:44 All anti-cheat hooks initialized successfully.
23:24:44 [SplashScreen] SplashType: 0, TextSwitch: 1, DisplayText: Licensed to: MUNIV
23:24:45 [CHClientInfoSend] IsReconnect: 0, ClientFileCRC: A30FD826, HackVersion: UNI, HardwareId: a72615a3d6c5ef84b7a99b81718938e7
23:24:45 [HCClientInfoRecv] Result: 0, EncDecKey: 0 - 0, InternalVersion: 0, Reconnect: 1, MemoryGuard: 0 - 2, MacroProtect: 0 - 6, MemoryAddress: 0 - 0 - 0 - 0 - 0 - 0 - 0 - 0
23:24:45 [HCDumpListRecv] Count: 0, MaxCount: 0
23:24:45 [HCChecksumListRecv] Count: 0, MaxCount: 0
23:24:45 [HCInternalListRecv] Count: 0, MaxCount: 0
23:24:45 [HCWindowListRecv] Count: 0, MaxCount: 0
23:24:45 [EntryProc] DumpListMaxCount: 0, ChecksumListMaxCount: 0, InternalListMaxCount: 0, WindowListMaxCount: 0
23:24:45 Blocked NtOpenProcess attempt to access our process (PID: 27608) with access rights: 0x00000410
23:24:45 Prevented OpenProcess access to our process from PID: 27608, Process: Unknown, Access: 0x00000410
23:24:47 [EntryProc] Initialization successful
23:24:47 Blocked NtOpenProcess attempt to access our process (PID: 27608) with access rights: 0x00000410
23:24:47 Prevented OpenProcess access to our process from PID: 27608, Process: Unknown, Access: 0x00000410
23:24:47 Blocked NtOpenProcess attempt to access our process (PID: 27608) with access rights: 0x00000410
23:24:47 Prevented OpenProcess access to our process from PID: 27608, Process: Unknown, Access: 0x00000410
23:24:47 Blocked NtOpenProcess attempt to access our process (PID: 27608) with access rights: 0x00000410
23:24:47 Prevented OpenProcess access to our process from PID: 27608, Process: Unknown, Access: 0x00000410
23:24:47 Blocked NtOpenProcess attempt to access our process (PID: 27608) with access rights: 0x00000410
23:24:47 Prevented OpenProcess access to our process from PID: 27608, Process: Unknown, Access: 0x00000410
23:49:51 ----------------------------------------------------------------------------------------------------
23:49:51 [CheckSystemInformation] ClientVersion: UNI, SystemVersion: 6.2.9200, MemoryUsage: 30966/65454mb
23:49:51 All anti-cheat hooks initialized successfully.
23:49:51 [SplashScreen] SplashType: 0, TextSwitch: 1, DisplayText: Licensed to: MUNIV
23:49:52 [CHClientInfoSend] IsReconnect: 0, ClientFileCRC: A30FD826, HackVersion: UNI, HardwareId: a72615a3d6c5ef84b7a99b81718938e7
23:49:52 [HCClientInfoRecv] Result: 0, EncDecKey: 0 - 0, InternalVersion: 0, Reconnect: 1, MemoryGuard: 0 - 2, MacroProtect: 0 - 6, MemoryAddress: 0 - 0 - 0 - 0 - 0 - 0 - 0 - 0
23:49:52 [HCDumpListRecv] Count: 0, MaxCount: 0
23:49:52 [HCChecksumListRecv] Count: 0, MaxCount: 0
23:49:52 [HCInternalListRecv] Count: 0, MaxCount: 0
23:49:52 [HCWindowListRecv] Count: 0, MaxCount: 0
23:49:53 [EntryProc] DumpListMaxCount: 0, ChecksumListMaxCount: 0, InternalListMaxCount: 0, WindowListMaxCount: 0
23:49:53 Blocked NtOpenProcess attempt to access our process (PID: 35044) with access rights: 0x00000410
23:49:53 Prevented OpenProcess access to our process from PID: 35044, Process: Unknown, Access: 0x00000410
23:49:55 [EntryProc] Initialization successful
23:49:55 Blocked NtOpenProcess attempt to access our process (PID: 35044) with access rights: 0x00000410
23:49:55 Prevented OpenProcess access to our process from PID: 35044, Process: Unknown, Access: 0x00000410
23:49:55 Blocked NtOpenProcess attempt to access our process (PID: 35044) with access rights: 0x00000410
23:49:55 Prevented OpenProcess access to our process from PID: 35044, Process: Unknown, Access: 0x00000410
23:49:55 Blocked NtOpenProcess attempt to access our process (PID: 35044) with access rights: 0x00000410
23:49:55 Prevented OpenProcess access to our process from PID: 35044, Process: Unknown, Access: 0x00000410
23:49:55 Blocked NtOpenProcess attempt to access our process (PID: 35044) with access rights: 0x00000410
23:49:55 Prevented OpenProcess access to our process from PID: 35044, Process: Unknown, Access: 0x00000410
23:52:41 ----------------------------------------------------------------------------------------------------
23:52:41 [CheckSystemInformation] ClientVersion: UNI, SystemVersion: 6.2.9200, MemoryUsage: 30944/65454mb
23:52:41 All anti-cheat hooks initialized successfully.
23:52:41 [SplashScreen] SplashType: 0, TextSwitch: 1, DisplayText: Licensed to: MUNIV
23:52:42 [CHClientInfoSend] IsReconnect: 0, ClientFileCRC: A30FD826, HackVersion: UNI, HardwareId: a72615a3d6c5ef84b7a99b81718938e7
23:52:42 [HCClientInfoRecv] Result: 0, EncDecKey: 0 - 0, InternalVersion: 0, Reconnect: 1, MemoryGuard: 0 - 2, MacroProtect: 0 - 6, MemoryAddress: 0 - 0 - 0 - 0 - 0 - 0 - 0 - 0
23:52:42 [HCDumpListRecv] Count: 0, MaxCount: 0
23:52:42 [HCChecksumListRecv] Count: 0, MaxCount: 0
23:52:42 [HCInternalListRecv] Count: 0, MaxCount: 0
23:52:42 [HCWindowListRecv] Count: 0, MaxCount: 0
23:52:43 [EntryProc] DumpListMaxCount: 0, ChecksumListMaxCount: 0, InternalListMaxCount: 0, WindowListMaxCount: 0
23:52:43 Blocked NtOpenProcess attempt to access our process (PID: 39628) with access rights: 0x00000410
23:52:43 Prevented OpenProcess access to our process from PID: 39628, Process: Unknown, Access: 0x00000410
23:52:45 [EntryProc] Initialization successful
23:52:45 Blocked NtOpenProcess attempt to access our process (PID: 39628) with access rights: 0x00000410
23:52:45 Prevented OpenProcess access to our process from PID: 39628, Process: Unknown, Access: 0x00000410
23:52:45 Blocked NtOpenProcess attempt to access our process (PID: 39628) with access rights: 0x00000410
23:52:45 Prevented OpenProcess access to our process from PID: 39628, Process: Unknown, Access: 0x00000410
23:52:45 Blocked NtOpenProcess attempt to access our process (PID: 39628) with access rights: 0x00000410
23:52:45 Prevented OpenProcess access to our process from PID: 39628, Process: Unknown, Access: 0x00000410
23:52:45 Blocked NtOpenProcess attempt to access our process (PID: 39628) with access rights: 0x00000410
23:52:45 Prevented OpenProcess access to our process from PID: 39628, Process: Unknown, Access: 0x00000410
23:57:45 Blocked NtOpenProcess attempt to access our process (PID: 39628) with access rights: 0x00000410
23:57:45 Prevented OpenProcess access to our process from PID: 39628, Process: Unknown, Access: 0x00000410
