18:47:37 ----------------------------------------------------------------------------------------------------
18:47:37 [CheckSystemInformation] ClientVersion: UNI, SystemVersion: 6.2.9200, MemoryUsage: 25125/65454mb
18:47:37 All anti-cheat hooks initialized successfully.
18:47:37 [SplashScreen] SplashType: 0, TextSwitch: 1, DisplayText: Licensed to: MUNIV
18:47:37 [CHClientInfoSend] IsReconnect: 0, ClientFileCRC: A30FD826, HackVersion: UNI, HardwareId: a72615a3d6c5ef84b7a99b81718938e7
18:47:38 [HCClientInfoRecv] Result: 0, EncDecKey: 0 - 0, InternalVersion: 0, Reconnect: 1, MemoryGuard: 0 - 2, MacroProtect: 0 - 6, MemoryAddress: 0 - 0 - 0 - 0 - 0 - 0 - 0 - 0
18:47:38 [HCDumpListRecv] Count: 0, MaxCount: 0
18:47:38 [HCChecksumListRecv] Count: 0, MaxCount: 0
18:47:38 [HCInternalListRecv] Count: 0, MaxCount: 0
18:47:38 [HCWindowListRecv] Count: 0, MaxCount: 0
18:47:38 [EntryProc] DumpListMaxCount: 0, ChecksumListMaxCount: 0, InternalListMaxCount: 0, WindowListMaxCount: 0
18:47:38 Blocked NtOpenProcess attempt to access our process (PID: 23412) with access rights: 0x00000410
18:47:38 Prevented OpenProcess access to our process from PID: 23412, Process: Unknown, Access: 0x00000410
18:47:40 [EntryProc] Initialization successful
18:47:40 Blocked NtOpenProcess attempt to access our process (PID: 23412) with access rights: 0x00000410
18:47:40 Prevented OpenProcess access to our process from PID: 23412, Process: Unknown, Access: 0x00000410
18:47:40 Blocked NtOpenProcess attempt to access our process (PID: 23412) with access rights: 0x00000410
18:47:40 Prevented OpenProcess access to our process from PID: 23412, Process: Unknown, Access: 0x00000410
18:47:40 Blocked NtOpenProcess attempt to access our process (PID: 23412) with access rights: 0x00000410
18:47:40 Prevented OpenProcess access to our process from PID: 23412, Process: Unknown, Access: 0x00000410
18:47:40 Blocked NtOpenProcess attempt to access our process (PID: 23412) with access rights: 0x00000410
18:47:40 Prevented OpenProcess access to our process from PID: 23412, Process: Unknown, Access: 0x00000410
18:52:40 Blocked NtOpenProcess attempt to access our process (PID: 23412) with access rights: 0x00000410
18:52:40 Prevented OpenProcess access to our process from PID: 23412, Process: Unknown, Access: 0x00000410
18:57:42 Blocked NtOpenProcess attempt to access our process (PID: 23412) with access rights: 0x00000410
18:57:42 Prevented OpenProcess access to our process from PID: 23412, Process: Unknown, Access: 0x00000410
19:02:44 Blocked NtOpenProcess attempt to access our process (PID: 23412) with access rights: 0x00000410
19:02:44 Prevented OpenProcess access to our process from PID: 23412, Process: Unknown, Access: 0x00000410
19:07:46 Blocked NtOpenProcess attempt to access our process (PID: 23412) with access rights: 0x00000410
19:07:46 Prevented OpenProcess access to our process from PID: 23412, Process: Unknown, Access: 0x00000410
19:12:47 Blocked NtOpenProcess attempt to access our process (PID: 23412) with access rights: 0x00000410
19:12:47 Prevented OpenProcess access to our process from PID: 23412, Process: Unknown, Access: 0x00000410
19:17:49 Blocked NtOpenProcess attempt to access our process (PID: 23412) with access rights: 0x00000410
19:17:49 Prevented OpenProcess access to our process from PID: 23412, Process: Unknown, Access: 0x00000410
19:22:51 Blocked NtOpenProcess attempt to access our process (PID: 23412) with access rights: 0x00000410
19:22:51 Prevented OpenProcess access to our process from PID: 23412, Process: Unknown, Access: 0x00000410
19:27:53 Blocked NtOpenProcess attempt to access our process (PID: 23412) with access rights: 0x00000410
19:27:53 Prevented OpenProcess access to our process from PID: 23412, Process: Unknown, Access: 0x00000410
19:32:55 Blocked NtOpenProcess attempt to access our process (PID: 23412) with access rights: 0x00000410
19:32:55 Prevented OpenProcess access to our process from PID: 23412, Process: Unknown, Access: 0x00000410
19:37:57 Blocked NtOpenProcess attempt to access our process (PID: 23412) with access rights: 0x00000410
19:37:57 Prevented OpenProcess access to our process from PID: 23412, Process: Unknown, Access: 0x00000410
19:42:59 Blocked NtOpenProcess attempt to access our process (PID: 23412) with access rights: 0x00000410
19:42:59 Prevented OpenProcess access to our process from PID: 23412, Process: Unknown, Access: 0x00000410
19:48:01 Blocked NtOpenProcess attempt to access our process (PID: 23412) with access rights: 0x00000410
19:48:01 Prevented OpenProcess access to our process from PID: 23412, Process: Unknown, Access: 0x00000410
19:53:03 Blocked NtOpenProcess attempt to access our process (PID: 23412) with access rights: 0x00000410
19:53:03 Prevented OpenProcess access to our process from PID: 23412, Process: Unknown, Access: 0x00000410
19:58:05 Blocked NtOpenProcess attempt to access our process (PID: 23412) with access rights: 0x00000410
19:58:05 Prevented OpenProcess access to our process from PID: 23412, Process: Unknown, Access: 0x00000410
20:03:07 Blocked NtOpenProcess attempt to access our process (PID: 23412) with access rights: 0x00000410
20:03:07 Prevented OpenProcess access to our process from PID: 23412, Process: Unknown, Access: 0x00000410
20:08:09 Blocked NtOpenProcess attempt to access our process (PID: 23412) with access rights: 0x00000410
20:08:09 Prevented OpenProcess access to our process from PID: 23412, Process: Unknown, Access: 0x00000410
20:13:11 Blocked NtOpenProcess attempt to access our process (PID: 23412) with access rights: 0x00000410
20:13:11 Prevented OpenProcess access to our process from PID: 23412, Process: Unknown, Access: 0x00000410
20:18:13 Blocked NtOpenProcess attempt to access our process (PID: 23412) with access rights: 0x00000410
20:18:13 Prevented OpenProcess access to our process from PID: 23412, Process: Unknown, Access: 0x00000410
20:23:15 Blocked NtOpenProcess attempt to access our process (PID: 23412) with access rights: 0x00000410
20:23:15 Prevented OpenProcess access to our process from PID: 23412, Process: Unknown, Access: 0x00000410
20:28:17 Blocked NtOpenProcess attempt to access our process (PID: 23412) with access rights: 0x00000410
20:28:17 Prevented OpenProcess access to our process from PID: 23412, Process: Unknown, Access: 0x00000410
20:33:19 Blocked NtOpenProcess attempt to access our process (PID: 23412) with access rights: 0x00000410
20:33:19 Prevented OpenProcess access to our process from PID: 23412, Process: Unknown, Access: 0x00000410
20:38:20 Blocked NtOpenProcess attempt to access our process (PID: 23412) with access rights: 0x00000410
20:38:20 Prevented OpenProcess access to our process from PID: 23412, Process: Unknown, Access: 0x00000410
20:43:23 Blocked NtOpenProcess attempt to access our process (PID: 23412) with access rights: 0x00000410
20:43:23 Prevented OpenProcess access to our process from PID: 23412, Process: Unknown, Access: 0x00000410
20:48:25 Blocked NtOpenProcess attempt to access our process (PID: 23412) with access rights: 0x00000410
20:48:25 Prevented OpenProcess access to our process from PID: 23412, Process: Unknown, Access: 0x00000410
20:53:27 Blocked NtOpenProcess attempt to access our process (PID: 23412) with access rights: 0x00000410
20:53:27 Prevented OpenProcess access to our process from PID: 23412, Process: Unknown, Access: 0x00000410
20:58:28 Blocked NtOpenProcess attempt to access our process (PID: 23412) with access rights: 0x00000410
20:58:28 Prevented OpenProcess access to our process from PID: 23412, Process: Unknown, Access: 0x00000410
21:03:30 Blocked NtOpenProcess attempt to access our process (PID: 23412) with access rights: 0x00000410
21:03:30 Prevented OpenProcess access to our process from PID: 23412, Process: Unknown, Access: 0x00000410
21:08:32 Blocked NtOpenProcess attempt to access our process (PID: 23412) with access rights: 0x00000410
21:08:32 Prevented OpenProcess access to our process from PID: 23412, Process: Unknown, Access: 0x00000410
21:13:34 Blocked NtOpenProcess attempt to access our process (PID: 23412) with access rights: 0x00000410
21:13:34 Prevented OpenProcess access to our process from PID: 23412, Process: Unknown, Access: 0x00000410
21:18:36 Blocked NtOpenProcess attempt to access our process (PID: 23412) with access rights: 0x00000410
21:18:36 Prevented OpenProcess access to our process from PID: 23412, Process: Unknown, Access: 0x00000410
21:23:38 Blocked NtOpenProcess attempt to access our process (PID: 23412) with access rights: 0x00000410
21:23:38 Prevented OpenProcess access to our process from PID: 23412, Process: Unknown, Access: 0x00000410
21:28:40 Blocked NtOpenProcess attempt to access our process (PID: 23412) with access rights: 0x00000410
21:28:40 Prevented OpenProcess access to our process from PID: 23412, Process: Unknown, Access: 0x00000410
21:33:42 Blocked NtOpenProcess attempt to access our process (PID: 23412) with access rights: 0x00000410
21:33:42 Prevented OpenProcess access to our process from PID: 23412, Process: Unknown, Access: 0x00000410
21:38:44 Blocked NtOpenProcess attempt to access our process (PID: 23412) with access rights: 0x00000410
21:38:44 Prevented OpenProcess access to our process from PID: 23412, Process: Unknown, Access: 0x00000410
21:43:46 Blocked NtOpenProcess attempt to access our process (PID: 23412) with access rights: 0x00000410
21:43:46 Prevented OpenProcess access to our process from PID: 23412, Process: Unknown, Access: 0x00000410
21:48:48 Blocked NtOpenProcess attempt to access our process (PID: 23412) with access rights: 0x00000410
21:48:48 Prevented OpenProcess access to our process from PID: 23412, Process: Unknown, Access: 0x00000410
21:53:50 Blocked NtOpenProcess attempt to access our process (PID: 23412) with access rights: 0x00000410
21:53:50 Prevented OpenProcess access to our process from PID: 23412, Process: Unknown, Access: 0x00000410
21:58:52 Blocked NtOpenProcess attempt to access our process (PID: 23412) with access rights: 0x00000410
21:58:52 Prevented OpenProcess access to our process from PID: 23412, Process: Unknown, Access: 0x00000410
22:03:54 Blocked NtOpenProcess attempt to access our process (PID: 23412) with access rights: 0x00000410
22:03:54 Prevented OpenProcess access to our process from PID: 23412, Process: Unknown, Access: 0x00000410
22:08:56 Blocked NtOpenProcess attempt to access our process (PID: 23412) with access rights: 0x00000410
22:08:56 Prevented OpenProcess access to our process from PID: 23412, Process: Unknown, Access: 0x00000410
22:13:58 Blocked NtOpenProcess attempt to access our process (PID: 23412) with access rights: 0x00000410
22:13:58 Prevented OpenProcess access to our process from PID: 23412, Process: Unknown, Access: 0x00000410
22:19:00 Blocked NtOpenProcess attempt to access our process (PID: 23412) with access rights: 0x00000410
22:19:00 Prevented OpenProcess access to our process from PID: 23412, Process: Unknown, Access: 0x00000410
22:24:02 Blocked NtOpenProcess attempt to access our process (PID: 23412) with access rights: 0x00000410
22:24:02 Prevented OpenProcess access to our process from PID: 23412, Process: Unknown, Access: 0x00000410
22:29:05 Blocked NtOpenProcess attempt to access our process (PID: 23412) with access rights: 0x00000410
22:29:05 Prevented OpenProcess access to our process from PID: 23412, Process: Unknown, Access: 0x00000410
22:34:07 Blocked NtOpenProcess attempt to access our process (PID: 23412) with access rights: 0x00000410
22:34:07 Prevented OpenProcess access to our process from PID: 23412, Process: Unknown, Access: 0x00000410
22:39:09 Blocked NtOpenProcess attempt to access our process (PID: 23412) with access rights: 0x00000410
22:39:09 Prevented OpenProcess access to our process from PID: 23412, Process: Unknown, Access: 0x00000410
22:44:11 Blocked NtOpenProcess attempt to access our process (PID: 23412) with access rights: 0x00000410
22:44:11 Prevented OpenProcess access to our process from PID: 23412, Process: Unknown, Access: 0x00000410
22:49:13 Blocked NtOpenProcess attempt to access our process (PID: 23412) with access rights: 0x00000410
22:49:13 Prevented OpenProcess access to our process from PID: 23412, Process: Unknown, Access: 0x00000410
22:54:15 Blocked NtOpenProcess attempt to access our process (PID: 23412) with access rights: 0x00000410
22:54:15 Prevented OpenProcess access to our process from PID: 23412, Process: Unknown, Access: 0x00000410
22:59:17 Blocked NtOpenProcess attempt to access our process (PID: 23412) with access rights: 0x00000410
22:59:17 Prevented OpenProcess access to our process from PID: 23412, Process: Unknown, Access: 0x00000410
23:04:19 Blocked NtOpenProcess attempt to access our process (PID: 23412) with access rights: 0x00000410
23:04:19 Prevented OpenProcess access to our process from PID: 23412, Process: Unknown, Access: 0x00000410
23:09:21 Blocked NtOpenProcess attempt to access our process (PID: 23412) with access rights: 0x00000410
23:09:21 Prevented OpenProcess access to our process from PID: 23412, Process: Unknown, Access: 0x00000410
23:14:23 Blocked NtOpenProcess attempt to access our process (PID: 23412) with access rights: 0x00000410
23:14:23 Prevented OpenProcess access to our process from PID: 23412, Process: Unknown, Access: 0x00000410
23:19:25 Blocked NtOpenProcess attempt to access our process (PID: 23412) with access rights: 0x00000410
23:19:25 Prevented OpenProcess access to our process from PID: 23412, Process: Unknown, Access: 0x00000410
23:24:27 Blocked NtOpenProcess attempt to access our process (PID: 23412) with access rights: 0x00000410
23:24:27 Prevented OpenProcess access to our process from PID: 23412, Process: Unknown, Access: 0x00000410
23:29:29 Blocked NtOpenProcess attempt to access our process (PID: 23412) with access rights: 0x00000410
23:29:29 Prevented OpenProcess access to our process from PID: 23412, Process: Unknown, Access: 0x00000410
23:34:31 Blocked NtOpenProcess attempt to access our process (PID: 23412) with access rights: 0x00000410
23:34:31 Prevented OpenProcess access to our process from PID: 23412, Process: Unknown, Access: 0x00000410
23:39:33 Blocked NtOpenProcess attempt to access our process (PID: 23412) with access rights: 0x00000410
23:39:33 Prevented OpenProcess access to our process from PID: 23412, Process: Unknown, Access: 0x00000410
23:44:35 Blocked NtOpenProcess attempt to access our process (PID: 23412) with access rights: 0x00000410
23:44:35 Prevented OpenProcess access to our process from PID: 23412, Process: Unknown, Access: 0x00000410
23:49:37 Blocked NtOpenProcess attempt to access our process (PID: 23412) with access rights: 0x00000410
23:49:37 Prevented OpenProcess access to our process from PID: 23412, Process: Unknown, Access: 0x00000410
23:54:39 Blocked NtOpenProcess attempt to access our process (PID: 23412) with access rights: 0x00000410
23:54:39 Prevented OpenProcess access to our process from PID: 23412, Process: Unknown, Access: 0x00000410
23:59:41 Blocked NtOpenProcess attempt to access our process (PID: 23412) with access rights: 0x00000410
23:59:41 Prevented OpenProcess access to our process from PID: 23412, Process: Unknown, Access: 0x00000410
